Copyright 1986-2022 Xilinx, Inc. All Rights Reserved. Copyright 2022-2025 Advanced Micro Devices, Inc. All Rights Reserved.
------------------------------------------------------------------------------------------------------------------------------------------------------------------------------------------------------------------------------------------------------------------------------------------------------------------------
| Tool Version : Vivado v.2025.2 (win64) Build 6299465 Fri Nov 14 19:35:11 GMT 2025
| Date         : Tue Dec 23 10:58:58 2025
| Host         : IBM-480 running 64-bit major release  (build 9200)
| Command      : report_timing_summary -max_paths 10 -routable_nets -report_unconstrained -file Seven_segment_LED_Display_Controller_timing_summary_routed.rpt -pb Seven_segment_LED_Display_Controller_timing_summary_routed.pb -rpx Seven_segment_LED_Display_Controller_timing_summary_routed.rpx -warn_on_violation
| Design       : Seven_segment_LED_Display_Controller
| Device       : 7a35t-cpg236
| Speed File   : -1  PRODUCTION 1.23 2018-06-13
| Design State : Routed
------------------------------------------------------------------------------------------------------------------------------------------------------------------------------------------------------------------------------------------------------------------------------------------------------------------------

Timing Summary Report

------------------------------------------------------------------------------------------------
| Timer Settings
| --------------
------------------------------------------------------------------------------------------------

  Enable Multi Corner Analysis               :  Yes
  Enable Pessimism Removal                   :  Yes
  Pessimism Removal Resolution               :  Nearest Common Node
  Enable Input Delay Default Clock           :  No
  Enable Preset / Clear Arcs                 :  No
  Disable Flight Delays                      :  No
  Ignore I/O Paths                           :  No
  Timing Early Launch at Borrowing Latches   :  No
  Borrow Time for Max Delay Exceptions       :  Yes
  Merge Timing Exceptions                    :  Yes
  Inter-SLR Compensation                     :  Conservative

  Corner  Analyze    Analyze    
  Name    Max Paths  Min Paths  
  ------  ---------  ---------  
  Slow    Yes        Yes        
  Fast    Yes        Yes        


------------------------------------------------------------------------------------------------
| Report Methodology
| ------------------
------------------------------------------------------------------------------------------------

Rule       Severity          Description                  Violations  
---------  ----------------  ---------------------------  ----------  
TIMING-17  Critical Warning  Non-clocked sequential cell  63          

Note: This report is based on the most recent report_methodology run and may not be up-to-date. Run report_methodology on the current design for the latest report.



check_timing report

Table of Contents
-----------------
1. checking no_clock (63)
2. checking constant_clock (0)
3. checking pulse_width_clock (0)
4. checking unconstrained_internal_endpoints (142)
5. checking no_input_delay (1)
6. checking no_output_delay (11)
7. checking multiple_clock (0)
8. checking generated_clocks (0)
9. checking loops (0)
10. checking partial_input_delay (0)
11. checking partial_output_delay (0)
12. checking latch_loops (0)

1. checking no_clock (63)
-------------------------
 There are 63 register/latch pins with no clock driven by root clock pin: clock_100Mhz (HIGH)


2. checking constant_clock (0)
------------------------------
 There are 0 register/latch pins with constant_clock.


3. checking pulse_width_clock (0)
---------------------------------
 There are 0 register/latch pins which need pulse_width check


4. checking unconstrained_internal_endpoints (142)
--------------------------------------------------
 There are 142 pins that are not constrained for maximum delay. (HIGH)

 There are 0 pins that are not constrained for maximum delay due to constant clock.


5. checking no_input_delay (1)
------------------------------
 There is 1 input port with no input delay specified. (HIGH)

 There are 0 input ports with no input delay but user has a false path constraint.


6. checking no_output_delay (11)
--------------------------------
 There are 11 ports with no output delay specified. (HIGH)

 There are 0 ports with no output delay but user has a false path constraint

 There are 0 ports with no output delay but with a timing clock defined on it or propagating through it


7. checking multiple_clock (0)
------------------------------
 There are 0 register/latch pins with multiple clocks.


8. checking generated_clocks (0)
--------------------------------
 There are 0 generated clocks that are not connected to a clock source.


9. checking loops (0)
---------------------
 There are 0 combinational loops in the design.


10. checking partial_input_delay (0)
------------------------------------
 There are 0 input ports with partial input delay specified.


11. checking partial_output_delay (0)
-------------------------------------
 There are 0 ports with partial output delay specified.


12. checking latch_loops (0)
----------------------------
 There are 0 combinational latch loops in the design through latch input



------------------------------------------------------------------------------------------------
| Design Timing Summary
| ---------------------
------------------------------------------------------------------------------------------------

    WNS(ns)      TNS(ns)  TNS Failing Endpoints  TNS Total Endpoints      WHS(ns)      THS(ns)  THS Failing Endpoints  THS Total Endpoints     WPWS(ns)     TPWS(ns)  TPWS Failing Endpoints  TPWS Total Endpoints  
    -------      -------  ---------------------  -------------------      -------      -------  ---------------------  -------------------     --------     --------  ----------------------  --------------------  
        inf        0.000                      0                  153          inf        0.000                      0                  153           NA           NA                      NA                    NA  


There are no user specified timing constraints.


------------------------------------------------------------------------------------------------
| Clock Summary
| -------------
------------------------------------------------------------------------------------------------


------------------------------------------------------------------------------------------------
| Intra Clock Table
| -----------------
------------------------------------------------------------------------------------------------

Clock             WNS(ns)      TNS(ns)  TNS Failing Endpoints  TNS Total Endpoints      WHS(ns)      THS(ns)  THS Failing Endpoints  THS Total Endpoints     WPWS(ns)     TPWS(ns)  TPWS Failing Endpoints  TPWS Total Endpoints  
-----             -------      -------  ---------------------  -------------------      -------      -------  ---------------------  -------------------     --------     --------  ----------------------  --------------------  


------------------------------------------------------------------------------------------------
| Inter Clock Table
| -----------------
------------------------------------------------------------------------------------------------

From Clock    To Clock          WNS(ns)      TNS(ns)  TNS Failing Endpoints  TNS Total Endpoints      WHS(ns)      THS(ns)  THS Failing Endpoints  THS Total Endpoints  
----------    --------          -------      -------  ---------------------  -------------------      -------      -------  ---------------------  -------------------  


------------------------------------------------------------------------------------------------
| Other Path Groups Table
| -----------------------
------------------------------------------------------------------------------------------------

Path Group    From Clock    To Clock          WNS(ns)      TNS(ns)  TNS Failing Endpoints  TNS Total Endpoints      WHS(ns)      THS(ns)  THS Failing Endpoints  THS Total Endpoints  
----------    ----------    --------          -------      -------  ---------------------  -------------------      -------      -------  ---------------------  -------------------  


------------------------------------------------------------------------------------------------
| User Ignored Path Table
| -----------------------
------------------------------------------------------------------------------------------------

Path Group    From Clock    To Clock    
----------    ----------    --------    


------------------------------------------------------------------------------------------------
| Unconstrained Path Table
| ------------------------
------------------------------------------------------------------------------------------------

Path Group    From Clock    To Clock    
----------    ----------    --------    
(none)                                    


------------------------------------------------------------------------------------------------
| Timing Details
| --------------
------------------------------------------------------------------------------------------------


--------------------------------------------------------------------------------------
Path Group:  (none)
From Clock:  
  To Clock:  

Max Delay           153 Endpoints
Min Delay           153 Endpoints
--------------------------------------------------------------------------------------


Max Delay Paths
--------------------------------------------------------------------------------------
Slack:                    inf
  Source:                 displayed_number_reg[6]/C
                            (rising edge-triggered cell FDCE)
  Destination:            LED_out[6]
                            (output port)
  Path Group:             (none)
  Path Type:              Max at Slow Process Corner
  Data Path Delay:        26.658ns  (logic 10.045ns (37.680%)  route 16.613ns (62.320%))
  Logic Levels:           26  (CARRY4=10 FDCE=1 LUT2=5 LUT3=1 LUT4=2 LUT5=1 LUT6=5 OBUF=1)

    Location             Delay type                Incr(ns)  Path(ns)    Netlist Resource(s)
  -------------------------------------------------------------------    -------------------
    SLICE_X58Y20         FDCE                         0.000     0.000 r  displayed_number_reg[6]/C
    SLICE_X58Y20         FDCE (Prop_fdce_C_Q)         0.456     0.456 r  displayed_number_reg[6]/Q
                         net (fo=12, routed)          1.516     1.972    displayed_number_reg[6]
    SLICE_X57Y16         LUT2 (Prop_lut2_I0_O)        0.124     2.096 r  LED_out_OBUF[6]_inst_i_210/O
                         net (fo=1, routed)           0.000     2.096    LED_out_OBUF[6]_inst_i_210_n_0
    SLICE_X57Y16         CARRY4 (Prop_carry4_S[1]_CO[3])
                                                      0.550     2.646 r  LED_out_OBUF[6]_inst_i_192/CO[3]
                         net (fo=1, routed)           0.000     2.646    LED_out_OBUF[6]_inst_i_192_n_0
    SLICE_X57Y17         CARRY4 (Prop_carry4_CI_CO[3])
                                                      0.114     2.760 r  LED_out_OBUF[6]_inst_i_151/CO[3]
                         net (fo=1, routed)           0.000     2.760    LED_out_OBUF[6]_inst_i_151_n_0
    SLICE_X57Y18         CARRY4 (Prop_carry4_CI_CO[3])
                                                      0.114     2.874 r  LED_out_OBUF[6]_inst_i_106/CO[3]
                         net (fo=1, routed)           0.000     2.874    LED_out_OBUF[6]_inst_i_106_n_0
    SLICE_X57Y19         CARRY4 (Prop_carry4_CI_O[0])
                                                      0.222     3.096 f  LED_out_OBUF[6]_inst_i_145/O[0]
                         net (fo=9, routed)           1.227     4.323    LED_out_OBUF[6]_inst_i_145_n_7
    SLICE_X54Y18         LUT2 (Prop_lut2_I1_O)        0.299     4.622 r  LED_out_OBUF[6]_inst_i_183/O
                         net (fo=2, routed)           0.879     5.501    LED_out_OBUF[6]_inst_i_183_n_0
    SLICE_X55Y18         LUT4 (Prop_lut4_I3_O)        0.124     5.625 r  LED_out_OBUF[6]_inst_i_186/O
                         net (fo=1, routed)           0.000     5.625    LED_out_OBUF[6]_inst_i_186_n_0
    SLICE_X55Y18         CARRY4 (Prop_carry4_S[2]_O[2])
                                                      0.248     5.873 r  LED_out_OBUF[6]_inst_i_144/O[2]
                         net (fo=3, routed)           0.837     6.710    LED_out_OBUF[6]_inst_i_144_n_5
    SLICE_X58Y18         LUT2 (Prop_lut2_I1_O)        0.302     7.012 r  LED_out_OBUF[6]_inst_i_160/O
                         net (fo=1, routed)           0.000     7.012    LED_out_OBUF[6]_inst_i_160_n_0
    SLICE_X58Y18         CARRY4 (Prop_carry4_S[0]_O[0])
                                                      0.247     7.259 r  LED_out_OBUF[6]_inst_i_118/O[0]
                         net (fo=1, routed)           0.803     8.062    LED_out_OBUF[6]_inst_i_118_n_7
    SLICE_X59Y17         LUT2 (Prop_lut2_I1_O)        0.299     8.361 r  LED_out_OBUF[6]_inst_i_98/O
                         net (fo=1, routed)           0.000     8.361    LED_out_OBUF[6]_inst_i_98_n_0
    SLICE_X59Y17         CARRY4 (Prop_carry4_S[3]_CO[3])
                                                      0.401     8.762 r  LED_out_OBUF[6]_inst_i_52/CO[3]
                         net (fo=1, routed)           0.000     8.762    LED_out_OBUF[6]_inst_i_52_n_0
    SLICE_X59Y18         CARRY4 (Prop_carry4_CI_O[0])
                                                      0.222     8.984 f  LED_out_OBUF[6]_inst_i_41/O[0]
                         net (fo=8, routed)           1.454    10.438    LED_out_OBUF[6]_inst_i_41_n_7
    SLICE_X58Y15         LUT6 (Prop_lut6_I0_O)        0.299    10.737 r  LED_out_OBUF[6]_inst_i_53/O
                         net (fo=10, routed)          0.867    11.604    LED_out_OBUF[6]_inst_i_53_n_0
    SLICE_X58Y14         LUT3 (Prop_lut3_I1_O)        0.124    11.728 r  LED_out_OBUF[6]_inst_i_107/O
                         net (fo=2, routed)           0.814    12.542    LED_out_OBUF[6]_inst_i_107_n_0
    SLICE_X58Y15         LUT6 (Prop_lut6_I3_O)        0.124    12.666 r  LED_out_OBUF[6]_inst_i_70/O
                         net (fo=7, routed)           1.333    13.999    LED_out_OBUF[6]_inst_i_70_n_0
    SLICE_X61Y16         LUT2 (Prop_lut2_I1_O)        0.124    14.123 r  LED_out_OBUF[6]_inst_i_105/O
                         net (fo=1, routed)           0.000    14.123    LED_out_OBUF[6]_inst_i_105_n_0
    SLICE_X61Y16         CARRY4 (Prop_carry4_S[0]_CO[3])
                                                      0.532    14.655 r  LED_out_OBUF[6]_inst_i_54/CO[3]
                         net (fo=3, routed)           1.422    16.077    LED_out_OBUF[6]_inst_i_54_n_0
    SLICE_X60Y14         LUT4 (Prop_lut4_I2_O)        0.124    16.201 r  LED_out_OBUF[6]_inst_i_62/O
                         net (fo=1, routed)           0.000    16.201    LED_out_OBUF[6]_inst_i_62_n_0
    SLICE_X60Y14         CARRY4 (Prop_carry4_S[1]_O[2])
                                                      0.578    16.779 r  LED_out_OBUF[6]_inst_i_33/O[2]
                         net (fo=8, routed)           1.040    17.819    LED_out_OBUF[6]_inst_i_33_n_5
    SLICE_X63Y12         LUT6 (Prop_lut6_I1_O)        0.301    18.120 r  LED_out_OBUF[6]_inst_i_32/O
                         net (fo=2, routed)           0.872    18.992    LED_out_OBUF[6]_inst_i_32_n_0
    SLICE_X62Y18         LUT5 (Prop_lut5_I2_O)        0.150    19.142 r  LED_out_OBUF[6]_inst_i_21/O
                         net (fo=1, routed)           0.786    19.928    LED_out_OBUF[6]_inst_i_21_n_0
    SLICE_X63Y15         LUT6 (Prop_lut6_I0_O)        0.332    20.260 r  LED_out_OBUF[6]_inst_i_7/O
                         net (fo=7, routed)           0.761    21.021    LED_out_OBUF[6]_inst_i_7_n_0
    SLICE_X65Y16         LUT6 (Prop_lut6_I5_O)        0.124    21.145 r  LED_out_OBUF[6]_inst_i_1/O
                         net (fo=1, routed)           2.002    23.147    LED_out_OBUF[6]
    W7                   OBUF (Prop_obuf_I_O)         3.511    26.658 r  LED_out_OBUF[6]_inst/O
                         net (fo=0)                   0.000    26.658    LED_out[6]
    W7                                                                r  LED_out[6] (OUT)
  -------------------------------------------------------------------    -------------------

Slack:                    inf
  Source:                 displayed_number_reg[6]/C
                            (rising edge-triggered cell FDCE)
  Destination:            LED_out[4]
                            (output port)
  Path Group:             (none)
  Path Type:              Max at Slow Process Corner
  Data Path Delay:        26.569ns  (logic 9.835ns (37.018%)  route 16.734ns (62.982%))
  Logic Levels:           26  (CARRY4=10 FDCE=1 LUT2=5 LUT3=1 LUT4=3 LUT6=5 OBUF=1)

    Location             Delay type                Incr(ns)  Path(ns)    Netlist Resource(s)
  -------------------------------------------------------------------    -------------------
    SLICE_X58Y20         FDCE                         0.000     0.000 r  displayed_number_reg[6]/C
    SLICE_X58Y20         FDCE (Prop_fdce_C_Q)         0.456     0.456 r  displayed_number_reg[6]/Q
                         net (fo=12, routed)          1.516     1.972    displayed_number_reg[6]
    SLICE_X57Y16         LUT2 (Prop_lut2_I0_O)        0.124     2.096 r  LED_out_OBUF[6]_inst_i_210/O
                         net (fo=1, routed)           0.000     2.096    LED_out_OBUF[6]_inst_i_210_n_0
    SLICE_X57Y16         CARRY4 (Prop_carry4_S[1]_CO[3])
                                                      0.550     2.646 r  LED_out_OBUF[6]_inst_i_192/CO[3]
                         net (fo=1, routed)           0.000     2.646    LED_out_OBUF[6]_inst_i_192_n_0
    SLICE_X57Y17         CARRY4 (Prop_carry4_CI_CO[3])
                                                      0.114     2.760 r  LED_out_OBUF[6]_inst_i_151/CO[3]
                         net (fo=1, routed)           0.000     2.760    LED_out_OBUF[6]_inst_i_151_n_0
    SLICE_X57Y18         CARRY4 (Prop_carry4_CI_CO[3])
                                                      0.114     2.874 r  LED_out_OBUF[6]_inst_i_106/CO[3]
                         net (fo=1, routed)           0.000     2.874    LED_out_OBUF[6]_inst_i_106_n_0
    SLICE_X57Y19         CARRY4 (Prop_carry4_CI_O[0])
                                                      0.222     3.096 f  LED_out_OBUF[6]_inst_i_145/O[0]
                         net (fo=9, routed)           1.227     4.323    LED_out_OBUF[6]_inst_i_145_n_7
    SLICE_X54Y18         LUT2 (Prop_lut2_I1_O)        0.299     4.622 r  LED_out_OBUF[6]_inst_i_183/O
                         net (fo=2, routed)           0.879     5.501    LED_out_OBUF[6]_inst_i_183_n_0
    SLICE_X55Y18         LUT4 (Prop_lut4_I3_O)        0.124     5.625 r  LED_out_OBUF[6]_inst_i_186/O
                         net (fo=1, routed)           0.000     5.625    LED_out_OBUF[6]_inst_i_186_n_0
    SLICE_X55Y18         CARRY4 (Prop_carry4_S[2]_O[2])
                                                      0.248     5.873 r  LED_out_OBUF[6]_inst_i_144/O[2]
                         net (fo=3, routed)           0.837     6.710    LED_out_OBUF[6]_inst_i_144_n_5
    SLICE_X58Y18         LUT2 (Prop_lut2_I1_O)        0.302     7.012 r  LED_out_OBUF[6]_inst_i_160/O
                         net (fo=1, routed)           0.000     7.012    LED_out_OBUF[6]_inst_i_160_n_0
    SLICE_X58Y18         CARRY4 (Prop_carry4_S[0]_O[0])
                                                      0.247     7.259 r  LED_out_OBUF[6]_inst_i_118/O[0]
                         net (fo=1, routed)           0.803     8.062    LED_out_OBUF[6]_inst_i_118_n_7
    SLICE_X59Y17         LUT2 (Prop_lut2_I1_O)        0.299     8.361 r  LED_out_OBUF[6]_inst_i_98/O
                         net (fo=1, routed)           0.000     8.361    LED_out_OBUF[6]_inst_i_98_n_0
    SLICE_X59Y17         CARRY4 (Prop_carry4_S[3]_CO[3])
                                                      0.401     8.762 r  LED_out_OBUF[6]_inst_i_52/CO[3]
                         net (fo=1, routed)           0.000     8.762    LED_out_OBUF[6]_inst_i_52_n_0
    SLICE_X59Y18         CARRY4 (Prop_carry4_CI_O[0])
                                                      0.222     8.984 f  LED_out_OBUF[6]_inst_i_41/O[0]
                         net (fo=8, routed)           1.454    10.438    LED_out_OBUF[6]_inst_i_41_n_7
    SLICE_X58Y15         LUT6 (Prop_lut6_I0_O)        0.299    10.737 r  LED_out_OBUF[6]_inst_i_53/O
                         net (fo=10, routed)          0.867    11.604    LED_out_OBUF[6]_inst_i_53_n_0
    SLICE_X58Y14         LUT3 (Prop_lut3_I1_O)        0.124    11.728 r  LED_out_OBUF[6]_inst_i_107/O
                         net (fo=2, routed)           0.814    12.542    LED_out_OBUF[6]_inst_i_107_n_0
    SLICE_X58Y15         LUT6 (Prop_lut6_I3_O)        0.124    12.666 r  LED_out_OBUF[6]_inst_i_70/O
                         net (fo=7, routed)           1.333    13.999    LED_out_OBUF[6]_inst_i_70_n_0
    SLICE_X61Y16         LUT2 (Prop_lut2_I1_O)        0.124    14.123 r  LED_out_OBUF[6]_inst_i_105/O
                         net (fo=1, routed)           0.000    14.123    LED_out_OBUF[6]_inst_i_105_n_0
    SLICE_X61Y16         CARRY4 (Prop_carry4_S[0]_CO[3])
                                                      0.532    14.655 r  LED_out_OBUF[6]_inst_i_54/CO[3]
                         net (fo=3, routed)           1.422    16.077    LED_out_OBUF[6]_inst_i_54_n_0
    SLICE_X60Y14         LUT4 (Prop_lut4_I2_O)        0.124    16.201 r  LED_out_OBUF[6]_inst_i_62/O
                         net (fo=1, routed)           0.000    16.201    LED_out_OBUF[6]_inst_i_62_n_0
    SLICE_X60Y14         CARRY4 (Prop_carry4_S[1]_O[2])
                                                      0.578    16.779 r  LED_out_OBUF[6]_inst_i_33/O[2]
                         net (fo=8, routed)           1.040    17.819    LED_out_OBUF[6]_inst_i_33_n_5
    SLICE_X63Y12         LUT6 (Prop_lut6_I1_O)        0.301    18.120 r  LED_out_OBUF[6]_inst_i_32/O
                         net (fo=2, routed)           0.810    18.930    LED_out_OBUF[6]_inst_i_32_n_0
    SLICE_X63Y14         LUT6 (Prop_lut6_I2_O)        0.124    19.054 r  LED_out_OBUF[6]_inst_i_9/O
                         net (fo=3, routed)           0.952    20.007    LED_out_OBUF[6]_inst_i_9_n_0
    SLICE_X64Y15         LUT4 (Prop_lut4_I2_O)        0.124    20.131 f  LED_out_OBUF[6]_inst_i_5/O
                         net (fo=7, routed)           1.058    21.189    LED_out_OBUF[6]_inst_i_5_n_0
    SLICE_X64Y16         LUT6 (Prop_lut6_I3_O)        0.124    21.313 r  LED_out_OBUF[4]_inst_i_1/O
                         net (fo=1, routed)           1.721    23.034    LED_out_OBUF[4]
    U8                   OBUF (Prop_obuf_I_O)         3.535    26.569 r  LED_out_OBUF[4]_inst/O
                         net (fo=0)                   0.000    26.569    LED_out[4]
    U8                                                                r  LED_out[4] (OUT)
  -------------------------------------------------------------------    -------------------

Slack:                    inf
  Source:                 displayed_number_reg[6]/C
                            (rising edge-triggered cell FDCE)
  Destination:            LED_out[5]
                            (output port)
  Path Group:             (none)
  Path Type:              Max at Slow Process Corner
  Data Path Delay:        26.543ns  (logic 9.829ns (37.031%)  route 16.714ns (62.969%))
  Logic Levels:           26  (CARRY4=10 FDCE=1 LUT2=5 LUT3=1 LUT4=3 LUT6=5 OBUF=1)

    Location             Delay type                Incr(ns)  Path(ns)    Netlist Resource(s)
  -------------------------------------------------------------------    -------------------
    SLICE_X58Y20         FDCE                         0.000     0.000 r  displayed_number_reg[6]/C
    SLICE_X58Y20         FDCE (Prop_fdce_C_Q)         0.456     0.456 r  displayed_number_reg[6]/Q
                         net (fo=12, routed)          1.516     1.972    displayed_number_reg[6]
    SLICE_X57Y16         LUT2 (Prop_lut2_I0_O)        0.124     2.096 r  LED_out_OBUF[6]_inst_i_210/O
                         net (fo=1, routed)           0.000     2.096    LED_out_OBUF[6]_inst_i_210_n_0
    SLICE_X57Y16         CARRY4 (Prop_carry4_S[1]_CO[3])
                                                      0.550     2.646 r  LED_out_OBUF[6]_inst_i_192/CO[3]
                         net (fo=1, routed)           0.000     2.646    LED_out_OBUF[6]_inst_i_192_n_0
    SLICE_X57Y17         CARRY4 (Prop_carry4_CI_CO[3])
                                                      0.114     2.760 r  LED_out_OBUF[6]_inst_i_151/CO[3]
                         net (fo=1, routed)           0.000     2.760    LED_out_OBUF[6]_inst_i_151_n_0
    SLICE_X57Y18         CARRY4 (Prop_carry4_CI_CO[3])
                                                      0.114     2.874 r  LED_out_OBUF[6]_inst_i_106/CO[3]
                         net (fo=1, routed)           0.000     2.874    LED_out_OBUF[6]_inst_i_106_n_0
    SLICE_X57Y19         CARRY4 (Prop_carry4_CI_O[0])
                                                      0.222     3.096 f  LED_out_OBUF[6]_inst_i_145/O[0]
                         net (fo=9, routed)           1.227     4.323    LED_out_OBUF[6]_inst_i_145_n_7
    SLICE_X54Y18         LUT2 (Prop_lut2_I1_O)        0.299     4.622 r  LED_out_OBUF[6]_inst_i_183/O
                         net (fo=2, routed)           0.879     5.501    LED_out_OBUF[6]_inst_i_183_n_0
    SLICE_X55Y18         LUT4 (Prop_lut4_I3_O)        0.124     5.625 r  LED_out_OBUF[6]_inst_i_186/O
                         net (fo=1, routed)           0.000     5.625    LED_out_OBUF[6]_inst_i_186_n_0
    SLICE_X55Y18         CARRY4 (Prop_carry4_S[2]_O[2])
                                                      0.248     5.873 r  LED_out_OBUF[6]_inst_i_144/O[2]
                         net (fo=3, routed)           0.837     6.710    LED_out_OBUF[6]_inst_i_144_n_5
    SLICE_X58Y18         LUT2 (Prop_lut2_I1_O)        0.302     7.012 r  LED_out_OBUF[6]_inst_i_160/O
                         net (fo=1, routed)           0.000     7.012    LED_out_OBUF[6]_inst_i_160_n_0
    SLICE_X58Y18         CARRY4 (Prop_carry4_S[0]_O[0])
                                                      0.247     7.259 r  LED_out_OBUF[6]_inst_i_118/O[0]
                         net (fo=1, routed)           0.803     8.062    LED_out_OBUF[6]_inst_i_118_n_7
    SLICE_X59Y17         LUT2 (Prop_lut2_I1_O)        0.299     8.361 r  LED_out_OBUF[6]_inst_i_98/O
                         net (fo=1, routed)           0.000     8.361    LED_out_OBUF[6]_inst_i_98_n_0
    SLICE_X59Y17         CARRY4 (Prop_carry4_S[3]_CO[3])
                                                      0.401     8.762 r  LED_out_OBUF[6]_inst_i_52/CO[3]
                         net (fo=1, routed)           0.000     8.762    LED_out_OBUF[6]_inst_i_52_n_0
    SLICE_X59Y18         CARRY4 (Prop_carry4_CI_O[0])
                                                      0.222     8.984 f  LED_out_OBUF[6]_inst_i_41/O[0]
                         net (fo=8, routed)           1.454    10.438    LED_out_OBUF[6]_inst_i_41_n_7
    SLICE_X58Y15         LUT6 (Prop_lut6_I0_O)        0.299    10.737 r  LED_out_OBUF[6]_inst_i_53/O
                         net (fo=10, routed)          0.867    11.604    LED_out_OBUF[6]_inst_i_53_n_0
    SLICE_X58Y14         LUT3 (Prop_lut3_I1_O)        0.124    11.728 r  LED_out_OBUF[6]_inst_i_107/O
                         net (fo=2, routed)           0.814    12.542    LED_out_OBUF[6]_inst_i_107_n_0
    SLICE_X58Y15         LUT6 (Prop_lut6_I3_O)        0.124    12.666 r  LED_out_OBUF[6]_inst_i_70/O
                         net (fo=7, routed)           1.333    13.999    LED_out_OBUF[6]_inst_i_70_n_0
    SLICE_X61Y16         LUT2 (Prop_lut2_I1_O)        0.124    14.123 r  LED_out_OBUF[6]_inst_i_105/O
                         net (fo=1, routed)           0.000    14.123    LED_out_OBUF[6]_inst_i_105_n_0
    SLICE_X61Y16         CARRY4 (Prop_carry4_S[0]_CO[3])
                                                      0.532    14.655 r  LED_out_OBUF[6]_inst_i_54/CO[3]
                         net (fo=3, routed)           1.422    16.077    LED_out_OBUF[6]_inst_i_54_n_0
    SLICE_X60Y14         LUT4 (Prop_lut4_I2_O)        0.124    16.201 r  LED_out_OBUF[6]_inst_i_62/O
                         net (fo=1, routed)           0.000    16.201    LED_out_OBUF[6]_inst_i_62_n_0
    SLICE_X60Y14         CARRY4 (Prop_carry4_S[1]_O[2])
                                                      0.578    16.779 r  LED_out_OBUF[6]_inst_i_33/O[2]
                         net (fo=8, routed)           1.040    17.819    LED_out_OBUF[6]_inst_i_33_n_5
    SLICE_X63Y12         LUT6 (Prop_lut6_I1_O)        0.301    18.120 r  LED_out_OBUF[6]_inst_i_32/O
                         net (fo=2, routed)           0.810    18.930    LED_out_OBUF[6]_inst_i_32_n_0
    SLICE_X63Y14         LUT6 (Prop_lut6_I2_O)        0.124    19.054 r  LED_out_OBUF[6]_inst_i_9/O
                         net (fo=3, routed)           0.952    20.007    LED_out_OBUF[6]_inst_i_9_n_0
    SLICE_X64Y15         LUT4 (Prop_lut4_I2_O)        0.124    20.131 r  LED_out_OBUF[6]_inst_i_5/O
                         net (fo=7, routed)           0.888    21.019    LED_out_OBUF[6]_inst_i_5_n_0
    SLICE_X65Y16         LUT6 (Prop_lut6_I3_O)        0.124    21.143 r  LED_out_OBUF[5]_inst_i_1/O
                         net (fo=1, routed)           1.871    23.014    LED_out_OBUF[5]
    W6                   OBUF (Prop_obuf_I_O)         3.529    26.543 r  LED_out_OBUF[5]_inst/O
                         net (fo=0)                   0.000    26.543    LED_out[5]
    W6                                                                r  LED_out[5] (OUT)
  -------------------------------------------------------------------    -------------------

Slack:                    inf
  Source:                 displayed_number_reg[6]/C
                            (rising edge-triggered cell FDCE)
  Destination:            LED_out[3]
                            (output port)
  Path Group:             (none)
  Path Type:              Max at Slow Process Corner
  Data Path Delay:        26.487ns  (logic 9.836ns (37.134%)  route 16.651ns (62.866%))
  Logic Levels:           26  (CARRY4=10 FDCE=1 LUT2=5 LUT3=1 LUT4=3 LUT6=5 OBUF=1)

    Location             Delay type                Incr(ns)  Path(ns)    Netlist Resource(s)
  -------------------------------------------------------------------    -------------------
    SLICE_X58Y20         FDCE                         0.000     0.000 r  displayed_number_reg[6]/C
    SLICE_X58Y20         FDCE (Prop_fdce_C_Q)         0.456     0.456 r  displayed_number_reg[6]/Q
                         net (fo=12, routed)          1.516     1.972    displayed_number_reg[6]
    SLICE_X57Y16         LUT2 (Prop_lut2_I0_O)        0.124     2.096 r  LED_out_OBUF[6]_inst_i_210/O
                         net (fo=1, routed)           0.000     2.096    LED_out_OBUF[6]_inst_i_210_n_0
    SLICE_X57Y16         CARRY4 (Prop_carry4_S[1]_CO[3])
                                                      0.550     2.646 r  LED_out_OBUF[6]_inst_i_192/CO[3]
                         net (fo=1, routed)           0.000     2.646    LED_out_OBUF[6]_inst_i_192_n_0
    SLICE_X57Y17         CARRY4 (Prop_carry4_CI_CO[3])
                                                      0.114     2.760 r  LED_out_OBUF[6]_inst_i_151/CO[3]
                         net (fo=1, routed)           0.000     2.760    LED_out_OBUF[6]_inst_i_151_n_0
    SLICE_X57Y18         CARRY4 (Prop_carry4_CI_CO[3])
                                                      0.114     2.874 r  LED_out_OBUF[6]_inst_i_106/CO[3]
                         net (fo=1, routed)           0.000     2.874    LED_out_OBUF[6]_inst_i_106_n_0
    SLICE_X57Y19         CARRY4 (Prop_carry4_CI_O[0])
                                                      0.222     3.096 f  LED_out_OBUF[6]_inst_i_145/O[0]
                         net (fo=9, routed)           1.227     4.323    LED_out_OBUF[6]_inst_i_145_n_7
    SLICE_X54Y18         LUT2 (Prop_lut2_I1_O)        0.299     4.622 r  LED_out_OBUF[6]_inst_i_183/O
                         net (fo=2, routed)           0.879     5.501    LED_out_OBUF[6]_inst_i_183_n_0
    SLICE_X55Y18         LUT4 (Prop_lut4_I3_O)        0.124     5.625 r  LED_out_OBUF[6]_inst_i_186/O
                         net (fo=1, routed)           0.000     5.625    LED_out_OBUF[6]_inst_i_186_n_0
    SLICE_X55Y18         CARRY4 (Prop_carry4_S[2]_O[2])
                                                      0.248     5.873 r  LED_out_OBUF[6]_inst_i_144/O[2]
                         net (fo=3, routed)           0.837     6.710    LED_out_OBUF[6]_inst_i_144_n_5
    SLICE_X58Y18         LUT2 (Prop_lut2_I1_O)        0.302     7.012 r  LED_out_OBUF[6]_inst_i_160/O
                         net (fo=1, routed)           0.000     7.012    LED_out_OBUF[6]_inst_i_160_n_0
    SLICE_X58Y18         CARRY4 (Prop_carry4_S[0]_O[0])
                                                      0.247     7.259 r  LED_out_OBUF[6]_inst_i_118/O[0]
                         net (fo=1, routed)           0.803     8.062    LED_out_OBUF[6]_inst_i_118_n_7
    SLICE_X59Y17         LUT2 (Prop_lut2_I1_O)        0.299     8.361 r  LED_out_OBUF[6]_inst_i_98/O
                         net (fo=1, routed)           0.000     8.361    LED_out_OBUF[6]_inst_i_98_n_0
    SLICE_X59Y17         CARRY4 (Prop_carry4_S[3]_CO[3])
                                                      0.401     8.762 r  LED_out_OBUF[6]_inst_i_52/CO[3]
                         net (fo=1, routed)           0.000     8.762    LED_out_OBUF[6]_inst_i_52_n_0
    SLICE_X59Y18         CARRY4 (Prop_carry4_CI_O[0])
                                                      0.222     8.984 f  LED_out_OBUF[6]_inst_i_41/O[0]
                         net (fo=8, routed)           1.454    10.438    LED_out_OBUF[6]_inst_i_41_n_7
    SLICE_X58Y15         LUT6 (Prop_lut6_I0_O)        0.299    10.737 r  LED_out_OBUF[6]_inst_i_53/O
                         net (fo=10, routed)          0.867    11.604    LED_out_OBUF[6]_inst_i_53_n_0
    SLICE_X58Y14         LUT3 (Prop_lut3_I1_O)        0.124    11.728 r  LED_out_OBUF[6]_inst_i_107/O
                         net (fo=2, routed)           0.814    12.542    LED_out_OBUF[6]_inst_i_107_n_0
    SLICE_X58Y15         LUT6 (Prop_lut6_I3_O)        0.124    12.666 r  LED_out_OBUF[6]_inst_i_70/O
                         net (fo=7, routed)           1.333    13.999    LED_out_OBUF[6]_inst_i_70_n_0
    SLICE_X61Y16         LUT2 (Prop_lut2_I1_O)        0.124    14.123 r  LED_out_OBUF[6]_inst_i_105/O
                         net (fo=1, routed)           0.000    14.123    LED_out_OBUF[6]_inst_i_105_n_0
    SLICE_X61Y16         CARRY4 (Prop_carry4_S[0]_CO[3])
                                                      0.532    14.655 r  LED_out_OBUF[6]_inst_i_54/CO[3]
                         net (fo=3, routed)           1.422    16.077    LED_out_OBUF[6]_inst_i_54_n_0
    SLICE_X60Y14         LUT4 (Prop_lut4_I2_O)        0.124    16.201 r  LED_out_OBUF[6]_inst_i_62/O
                         net (fo=1, routed)           0.000    16.201    LED_out_OBUF[6]_inst_i_62_n_0
    SLICE_X60Y14         CARRY4 (Prop_carry4_S[1]_O[2])
                                                      0.578    16.779 r  LED_out_OBUF[6]_inst_i_33/O[2]
                         net (fo=8, routed)           1.040    17.819    LED_out_OBUF[6]_inst_i_33_n_5
    SLICE_X63Y12         LUT6 (Prop_lut6_I1_O)        0.301    18.120 r  LED_out_OBUF[6]_inst_i_32/O
                         net (fo=2, routed)           0.810    18.930    LED_out_OBUF[6]_inst_i_32_n_0
    SLICE_X63Y14         LUT6 (Prop_lut6_I2_O)        0.124    19.054 r  LED_out_OBUF[6]_inst_i_9/O
                         net (fo=3, routed)           0.952    20.007    LED_out_OBUF[6]_inst_i_9_n_0
    SLICE_X64Y15         LUT4 (Prop_lut4_I2_O)        0.124    20.131 r  LED_out_OBUF[6]_inst_i_5/O
                         net (fo=7, routed)           0.841    20.971    LED_out_OBUF[6]_inst_i_5_n_0
    SLICE_X64Y16         LUT6 (Prop_lut6_I3_O)        0.124    21.095 r  LED_out_OBUF[3]_inst_i_1/O
                         net (fo=1, routed)           1.856    22.951    LED_out_OBUF[3]
    V8                   OBUF (Prop_obuf_I_O)         3.536    26.487 r  LED_out_OBUF[3]_inst/O
                         net (fo=0)                   0.000    26.487    LED_out[3]
    V8                                                                r  LED_out[3] (OUT)
  -------------------------------------------------------------------    -------------------

Slack:                    inf
  Source:                 displayed_number_reg[6]/C
                            (rising edge-triggered cell FDCE)
  Destination:            LED_out[0]
                            (output port)
  Path Group:             (none)
  Path Type:              Max at Slow Process Corner
  Data Path Delay:        26.459ns  (logic 9.967ns (37.671%)  route 16.492ns (62.329%))
  Logic Levels:           28  (CARRY4=12 FDCE=1 LUT2=5 LUT3=2 LUT4=1 LUT5=1 LUT6=5 OBUF=1)

    Location             Delay type                Incr(ns)  Path(ns)    Netlist Resource(s)
  -------------------------------------------------------------------    -------------------
    SLICE_X58Y20         FDCE                         0.000     0.000 r  displayed_number_reg[6]/C
    SLICE_X58Y20         FDCE (Prop_fdce_C_Q)         0.456     0.456 r  displayed_number_reg[6]/Q
                         net (fo=12, routed)          1.516     1.972    displayed_number_reg[6]
    SLICE_X57Y16         LUT2 (Prop_lut2_I0_O)        0.124     2.096 r  LED_out_OBUF[6]_inst_i_210/O
                         net (fo=1, routed)           0.000     2.096    LED_out_OBUF[6]_inst_i_210_n_0
    SLICE_X57Y16         CARRY4 (Prop_carry4_S[1]_CO[3])
                                                      0.550     2.646 r  LED_out_OBUF[6]_inst_i_192/CO[3]
                         net (fo=1, routed)           0.000     2.646    LED_out_OBUF[6]_inst_i_192_n_0
    SLICE_X57Y17         CARRY4 (Prop_carry4_CI_CO[3])
                                                      0.114     2.760 r  LED_out_OBUF[6]_inst_i_151/CO[3]
                         net (fo=1, routed)           0.000     2.760    LED_out_OBUF[6]_inst_i_151_n_0
    SLICE_X57Y18         CARRY4 (Prop_carry4_CI_CO[3])
                                                      0.114     2.874 r  LED_out_OBUF[6]_inst_i_106/CO[3]
                         net (fo=1, routed)           0.000     2.874    LED_out_OBUF[6]_inst_i_106_n_0
    SLICE_X57Y19         CARRY4 (Prop_carry4_CI_O[0])
                                                      0.222     3.096 f  LED_out_OBUF[6]_inst_i_145/O[0]
                         net (fo=9, routed)           1.227     4.323    LED_out_OBUF[6]_inst_i_145_n_7
    SLICE_X54Y18         LUT2 (Prop_lut2_I1_O)        0.299     4.622 r  LED_out_OBUF[6]_inst_i_183/O
                         net (fo=2, routed)           0.879     5.501    LED_out_OBUF[6]_inst_i_183_n_0
    SLICE_X55Y18         LUT4 (Prop_lut4_I3_O)        0.124     5.625 r  LED_out_OBUF[6]_inst_i_186/O
                         net (fo=1, routed)           0.000     5.625    LED_out_OBUF[6]_inst_i_186_n_0
    SLICE_X55Y18         CARRY4 (Prop_carry4_S[2]_O[2])
                                                      0.248     5.873 r  LED_out_OBUF[6]_inst_i_144/O[2]
                         net (fo=3, routed)           0.837     6.710    LED_out_OBUF[6]_inst_i_144_n_5
    SLICE_X58Y18         LUT2 (Prop_lut2_I1_O)        0.302     7.012 r  LED_out_OBUF[6]_inst_i_160/O
                         net (fo=1, routed)           0.000     7.012    LED_out_OBUF[6]_inst_i_160_n_0
    SLICE_X58Y18         CARRY4 (Prop_carry4_S[0]_O[0])
                                                      0.247     7.259 r  LED_out_OBUF[6]_inst_i_118/O[0]
                         net (fo=1, routed)           0.803     8.062    LED_out_OBUF[6]_inst_i_118_n_7
    SLICE_X59Y17         LUT2 (Prop_lut2_I1_O)        0.299     8.361 r  LED_out_OBUF[6]_inst_i_98/O
                         net (fo=1, routed)           0.000     8.361    LED_out_OBUF[6]_inst_i_98_n_0
    SLICE_X59Y17         CARRY4 (Prop_carry4_S[3]_CO[3])
                                                      0.401     8.762 r  LED_out_OBUF[6]_inst_i_52/CO[3]
                         net (fo=1, routed)           0.000     8.762    LED_out_OBUF[6]_inst_i_52_n_0
    SLICE_X59Y18         CARRY4 (Prop_carry4_CI_O[0])
                                                      0.222     8.984 f  LED_out_OBUF[6]_inst_i_41/O[0]
                         net (fo=8, routed)           1.454    10.438    LED_out_OBUF[6]_inst_i_41_n_7
    SLICE_X58Y15         LUT6 (Prop_lut6_I0_O)        0.299    10.737 r  LED_out_OBUF[6]_inst_i_53/O
                         net (fo=10, routed)          0.867    11.604    LED_out_OBUF[6]_inst_i_53_n_0
    SLICE_X58Y14         LUT3 (Prop_lut3_I1_O)        0.124    11.728 r  LED_out_OBUF[6]_inst_i_107/O
                         net (fo=2, routed)           0.814    12.542    LED_out_OBUF[6]_inst_i_107_n_0
    SLICE_X58Y15         LUT6 (Prop_lut6_I3_O)        0.124    12.666 r  LED_out_OBUF[6]_inst_i_70/O
                         net (fo=7, routed)           1.204    13.870    LED_out_OBUF[6]_inst_i_70_n_0
    SLICE_X62Y14         LUT2 (Prop_lut2_I0_O)        0.124    13.994 r  LED_out_OBUF[6]_inst_i_67/O
                         net (fo=1, routed)           0.000    13.994    LED_out_OBUF[6]_inst_i_67_n_0
    SLICE_X62Y14         CARRY4 (Prop_carry4_S[2]_CO[3])
                                                      0.398    14.392 r  LED_out_OBUF[6]_inst_i_34/CO[3]
                         net (fo=1, routed)           0.000    14.392    LED_out_OBUF[6]_inst_i_34_n_0
    SLICE_X62Y15         CARRY4 (Prop_carry4_CI_O[1])
                                                      0.334    14.726 r  LED_out_OBUF[6]_inst_i_13/O[1]
                         net (fo=12, routed)          1.401    16.128    LED_out_OBUF[6]_inst_i_13_n_6
    SLICE_X58Y14         LUT5 (Prop_lut5_I4_O)        0.303    16.431 r  LED_out_OBUF[6]_inst_i_112/O
                         net (fo=2, routed)           0.883    17.313    LED_out_OBUF[6]_inst_i_112_n_0
    SLICE_X59Y14         LUT3 (Prop_lut3_I2_O)        0.124    17.437 r  LED_out_OBUF[6]_inst_i_115/O
                         net (fo=1, routed)           0.000    17.437    LED_out_OBUF[6]_inst_i_115_n_0
    SLICE_X59Y14         CARRY4 (Prop_carry4_S[2]_CO[3])
                                                      0.398    17.835 r  LED_out_OBUF[6]_inst_i_71/CO[3]
                         net (fo=1, routed)           0.000    17.835    LED_out_OBUF[6]_inst_i_71_n_0
    SLICE_X59Y15         CARRY4 (Prop_carry4_CI_CO[3])
                                                      0.114    17.949 f  LED_out_OBUF[6]_inst_i_39/CO[3]
                         net (fo=1, routed)           0.964    18.913    LED_out_OBUF[6]_inst_i_39_n_0
    SLICE_X60Y15         LUT6 (Prop_lut6_I0_O)        0.124    19.037 r  LED_out_OBUF[6]_inst_i_15/O
                         net (fo=4, routed)           0.965    20.002    LED_out_OBUF[6]_inst_i_15_n_0
    SLICE_X64Y15         LUT6 (Prop_lut6_I4_O)        0.124    20.126 r  LED_out_OBUF[6]_inst_i_4/O
                         net (fo=7, routed)           0.866    20.992    LED_out_OBUF[6]_inst_i_4_n_0
    SLICE_X65Y15         LUT6 (Prop_lut6_I0_O)        0.124    21.116 r  LED_out_OBUF[0]_inst_i_1/O
                         net (fo=1, routed)           1.812    22.928    LED_out_OBUF[0]
    U7                   OBUF (Prop_obuf_I_O)         3.531    26.459 r  LED_out_OBUF[0]_inst/O
                         net (fo=0)                   0.000    26.459    LED_out[0]
    U7                                                                r  LED_out[0] (OUT)
  -------------------------------------------------------------------    -------------------

Slack:                    inf
  Source:                 displayed_number_reg[6]/C
                            (rising edge-triggered cell FDCE)
  Destination:            LED_out[2]
                            (output port)
  Path Group:             (none)
  Path Type:              Max at Slow Process Corner
  Data Path Delay:        26.277ns  (logic 9.820ns (37.371%)  route 16.457ns (62.629%))
  Logic Levels:           26  (CARRY4=10 FDCE=1 LUT2=5 LUT3=1 LUT4=3 LUT6=5 OBUF=1)

    Location             Delay type                Incr(ns)  Path(ns)    Netlist Resource(s)
  -------------------------------------------------------------------    -------------------
    SLICE_X58Y20         FDCE                         0.000     0.000 r  displayed_number_reg[6]/C
    SLICE_X58Y20         FDCE (Prop_fdce_C_Q)         0.456     0.456 r  displayed_number_reg[6]/Q
                         net (fo=12, routed)          1.516     1.972    displayed_number_reg[6]
    SLICE_X57Y16         LUT2 (Prop_lut2_I0_O)        0.124     2.096 r  LED_out_OBUF[6]_inst_i_210/O
                         net (fo=1, routed)           0.000     2.096    LED_out_OBUF[6]_inst_i_210_n_0
    SLICE_X57Y16         CARRY4 (Prop_carry4_S[1]_CO[3])
                                                      0.550     2.646 r  LED_out_OBUF[6]_inst_i_192/CO[3]
                         net (fo=1, routed)           0.000     2.646    LED_out_OBUF[6]_inst_i_192_n_0
    SLICE_X57Y17         CARRY4 (Prop_carry4_CI_CO[3])
                                                      0.114     2.760 r  LED_out_OBUF[6]_inst_i_151/CO[3]
                         net (fo=1, routed)           0.000     2.760    LED_out_OBUF[6]_inst_i_151_n_0
    SLICE_X57Y18         CARRY4 (Prop_carry4_CI_CO[3])
                                                      0.114     2.874 r  LED_out_OBUF[6]_inst_i_106/CO[3]
                         net (fo=1, routed)           0.000     2.874    LED_out_OBUF[6]_inst_i_106_n_0
    SLICE_X57Y19         CARRY4 (Prop_carry4_CI_O[0])
                                                      0.222     3.096 f  LED_out_OBUF[6]_inst_i_145/O[0]
                         net (fo=9, routed)           1.227     4.323    LED_out_OBUF[6]_inst_i_145_n_7
    SLICE_X54Y18         LUT2 (Prop_lut2_I1_O)        0.299     4.622 r  LED_out_OBUF[6]_inst_i_183/O
                         net (fo=2, routed)           0.879     5.501    LED_out_OBUF[6]_inst_i_183_n_0
    SLICE_X55Y18         LUT4 (Prop_lut4_I3_O)        0.124     5.625 r  LED_out_OBUF[6]_inst_i_186/O
                         net (fo=1, routed)           0.000     5.625    LED_out_OBUF[6]_inst_i_186_n_0
    SLICE_X55Y18         CARRY4 (Prop_carry4_S[2]_O[2])
                                                      0.248     5.873 r  LED_out_OBUF[6]_inst_i_144/O[2]
                         net (fo=3, routed)           0.837     6.710    LED_out_OBUF[6]_inst_i_144_n_5
    SLICE_X58Y18         LUT2 (Prop_lut2_I1_O)        0.302     7.012 r  LED_out_OBUF[6]_inst_i_160/O
                         net (fo=1, routed)           0.000     7.012    LED_out_OBUF[6]_inst_i_160_n_0
    SLICE_X58Y18         CARRY4 (Prop_carry4_S[0]_O[0])
                                                      0.247     7.259 r  LED_out_OBUF[6]_inst_i_118/O[0]
                         net (fo=1, routed)           0.803     8.062    LED_out_OBUF[6]_inst_i_118_n_7
    SLICE_X59Y17         LUT2 (Prop_lut2_I1_O)        0.299     8.361 r  LED_out_OBUF[6]_inst_i_98/O
                         net (fo=1, routed)           0.000     8.361    LED_out_OBUF[6]_inst_i_98_n_0
    SLICE_X59Y17         CARRY4 (Prop_carry4_S[3]_CO[3])
                                                      0.401     8.762 r  LED_out_OBUF[6]_inst_i_52/CO[3]
                         net (fo=1, routed)           0.000     8.762    LED_out_OBUF[6]_inst_i_52_n_0
    SLICE_X59Y18         CARRY4 (Prop_carry4_CI_O[0])
                                                      0.222     8.984 f  LED_out_OBUF[6]_inst_i_41/O[0]
                         net (fo=8, routed)           1.454    10.438    LED_out_OBUF[6]_inst_i_41_n_7
    SLICE_X58Y15         LUT6 (Prop_lut6_I0_O)        0.299    10.737 r  LED_out_OBUF[6]_inst_i_53/O
                         net (fo=10, routed)          0.867    11.604    LED_out_OBUF[6]_inst_i_53_n_0
    SLICE_X58Y14         LUT3 (Prop_lut3_I1_O)        0.124    11.728 r  LED_out_OBUF[6]_inst_i_107/O
                         net (fo=2, routed)           0.814    12.542    LED_out_OBUF[6]_inst_i_107_n_0
    SLICE_X58Y15         LUT6 (Prop_lut6_I3_O)        0.124    12.666 r  LED_out_OBUF[6]_inst_i_70/O
                         net (fo=7, routed)           1.333    13.999    LED_out_OBUF[6]_inst_i_70_n_0
    SLICE_X61Y16         LUT2 (Prop_lut2_I1_O)        0.124    14.123 r  LED_out_OBUF[6]_inst_i_105/O
                         net (fo=1, routed)           0.000    14.123    LED_out_OBUF[6]_inst_i_105_n_0
    SLICE_X61Y16         CARRY4 (Prop_carry4_S[0]_CO[3])
                                                      0.532    14.655 r  LED_out_OBUF[6]_inst_i_54/CO[3]
                         net (fo=3, routed)           1.422    16.077    LED_out_OBUF[6]_inst_i_54_n_0
    SLICE_X60Y14         LUT4 (Prop_lut4_I2_O)        0.124    16.201 r  LED_out_OBUF[6]_inst_i_62/O
                         net (fo=1, routed)           0.000    16.201    LED_out_OBUF[6]_inst_i_62_n_0
    SLICE_X60Y14         CARRY4 (Prop_carry4_S[1]_O[2])
                                                      0.578    16.779 r  LED_out_OBUF[6]_inst_i_33/O[2]
                         net (fo=8, routed)           1.040    17.819    LED_out_OBUF[6]_inst_i_33_n_5
    SLICE_X63Y12         LUT6 (Prop_lut6_I1_O)        0.301    18.120 r  LED_out_OBUF[6]_inst_i_32/O
                         net (fo=2, routed)           0.810    18.930    LED_out_OBUF[6]_inst_i_32_n_0
    SLICE_X63Y14         LUT6 (Prop_lut6_I2_O)        0.124    19.054 r  LED_out_OBUF[6]_inst_i_9/O
                         net (fo=3, routed)           0.952    20.007    LED_out_OBUF[6]_inst_i_9_n_0
    SLICE_X64Y15         LUT4 (Prop_lut4_I2_O)        0.124    20.131 r  LED_out_OBUF[6]_inst_i_5/O
                         net (fo=7, routed)           0.835    20.965    LED_out_OBUF[6]_inst_i_5_n_0
    SLICE_X65Y16         LUT6 (Prop_lut6_I3_O)        0.124    21.089 r  LED_out_OBUF[2]_inst_i_1/O
                         net (fo=1, routed)           1.668    22.757    LED_out_OBUF[2]
    U5                   OBUF (Prop_obuf_I_O)         3.520    26.277 r  LED_out_OBUF[2]_inst/O
                         net (fo=0)                   0.000    26.277    LED_out[2]
    U5                                                                r  LED_out[2] (OUT)
  -------------------------------------------------------------------    -------------------

Slack:                    inf
  Source:                 displayed_number_reg[6]/C
                            (rising edge-triggered cell FDCE)
  Destination:            LED_out[1]
                            (output port)
  Path Group:             (none)
  Path Type:              Max at Slow Process Corner
  Data Path Delay:        26.267ns  (logic 9.804ns (37.326%)  route 16.463ns (62.674%))
  Logic Levels:           26  (CARRY4=10 FDCE=1 LUT2=5 LUT3=1 LUT4=3 LUT6=5 OBUF=1)

    Location             Delay type                Incr(ns)  Path(ns)    Netlist Resource(s)
  -------------------------------------------------------------------    -------------------
    SLICE_X58Y20         FDCE                         0.000     0.000 r  displayed_number_reg[6]/C
    SLICE_X58Y20         FDCE (Prop_fdce_C_Q)         0.456     0.456 r  displayed_number_reg[6]/Q
                         net (fo=12, routed)          1.516     1.972    displayed_number_reg[6]
    SLICE_X57Y16         LUT2 (Prop_lut2_I0_O)        0.124     2.096 r  LED_out_OBUF[6]_inst_i_210/O
                         net (fo=1, routed)           0.000     2.096    LED_out_OBUF[6]_inst_i_210_n_0
    SLICE_X57Y16         CARRY4 (Prop_carry4_S[1]_CO[3])
                                                      0.550     2.646 r  LED_out_OBUF[6]_inst_i_192/CO[3]
                         net (fo=1, routed)           0.000     2.646    LED_out_OBUF[6]_inst_i_192_n_0
    SLICE_X57Y17         CARRY4 (Prop_carry4_CI_CO[3])
                                                      0.114     2.760 r  LED_out_OBUF[6]_inst_i_151/CO[3]
                         net (fo=1, routed)           0.000     2.760    LED_out_OBUF[6]_inst_i_151_n_0
    SLICE_X57Y18         CARRY4 (Prop_carry4_CI_CO[3])
                                                      0.114     2.874 r  LED_out_OBUF[6]_inst_i_106/CO[3]
                         net (fo=1, routed)           0.000     2.874    LED_out_OBUF[6]_inst_i_106_n_0
    SLICE_X57Y19         CARRY4 (Prop_carry4_CI_O[0])
                                                      0.222     3.096 f  LED_out_OBUF[6]_inst_i_145/O[0]
                         net (fo=9, routed)           1.227     4.323    LED_out_OBUF[6]_inst_i_145_n_7
    SLICE_X54Y18         LUT2 (Prop_lut2_I1_O)        0.299     4.622 r  LED_out_OBUF[6]_inst_i_183/O
                         net (fo=2, routed)           0.879     5.501    LED_out_OBUF[6]_inst_i_183_n_0
    SLICE_X55Y18         LUT4 (Prop_lut4_I3_O)        0.124     5.625 r  LED_out_OBUF[6]_inst_i_186/O
                         net (fo=1, routed)           0.000     5.625    LED_out_OBUF[6]_inst_i_186_n_0
    SLICE_X55Y18         CARRY4 (Prop_carry4_S[2]_O[2])
                                                      0.248     5.873 r  LED_out_OBUF[6]_inst_i_144/O[2]
                         net (fo=3, routed)           0.837     6.710    LED_out_OBUF[6]_inst_i_144_n_5
    SLICE_X58Y18         LUT2 (Prop_lut2_I1_O)        0.302     7.012 r  LED_out_OBUF[6]_inst_i_160/O
                         net (fo=1, routed)           0.000     7.012    LED_out_OBUF[6]_inst_i_160_n_0
    SLICE_X58Y18         CARRY4 (Prop_carry4_S[0]_O[0])
                                                      0.247     7.259 r  LED_out_OBUF[6]_inst_i_118/O[0]
                         net (fo=1, routed)           0.803     8.062    LED_out_OBUF[6]_inst_i_118_n_7
    SLICE_X59Y17         LUT2 (Prop_lut2_I1_O)        0.299     8.361 r  LED_out_OBUF[6]_inst_i_98/O
                         net (fo=1, routed)           0.000     8.361    LED_out_OBUF[6]_inst_i_98_n_0
    SLICE_X59Y17         CARRY4 (Prop_carry4_S[3]_CO[3])
                                                      0.401     8.762 r  LED_out_OBUF[6]_inst_i_52/CO[3]
                         net (fo=1, routed)           0.000     8.762    LED_out_OBUF[6]_inst_i_52_n_0
    SLICE_X59Y18         CARRY4 (Prop_carry4_CI_O[0])
                                                      0.222     8.984 f  LED_out_OBUF[6]_inst_i_41/O[0]
                         net (fo=8, routed)           1.454    10.438    LED_out_OBUF[6]_inst_i_41_n_7
    SLICE_X58Y15         LUT6 (Prop_lut6_I0_O)        0.299    10.737 r  LED_out_OBUF[6]_inst_i_53/O
                         net (fo=10, routed)          0.867    11.604    LED_out_OBUF[6]_inst_i_53_n_0
    SLICE_X58Y14         LUT3 (Prop_lut3_I1_O)        0.124    11.728 r  LED_out_OBUF[6]_inst_i_107/O
                         net (fo=2, routed)           0.814    12.542    LED_out_OBUF[6]_inst_i_107_n_0
    SLICE_X58Y15         LUT6 (Prop_lut6_I3_O)        0.124    12.666 r  LED_out_OBUF[6]_inst_i_70/O
                         net (fo=7, routed)           1.333    13.999    LED_out_OBUF[6]_inst_i_70_n_0
    SLICE_X61Y16         LUT2 (Prop_lut2_I1_O)        0.124    14.123 r  LED_out_OBUF[6]_inst_i_105/O
                         net (fo=1, routed)           0.000    14.123    LED_out_OBUF[6]_inst_i_105_n_0
    SLICE_X61Y16         CARRY4 (Prop_carry4_S[0]_CO[3])
                                                      0.532    14.655 r  LED_out_OBUF[6]_inst_i_54/CO[3]
                         net (fo=3, routed)           1.422    16.077    LED_out_OBUF[6]_inst_i_54_n_0
    SLICE_X60Y14         LUT4 (Prop_lut4_I2_O)        0.124    16.201 r  LED_out_OBUF[6]_inst_i_62/O
                         net (fo=1, routed)           0.000    16.201    LED_out_OBUF[6]_inst_i_62_n_0
    SLICE_X60Y14         CARRY4 (Prop_carry4_S[1]_O[2])
                                                      0.578    16.779 r  LED_out_OBUF[6]_inst_i_33/O[2]
                         net (fo=8, routed)           1.040    17.819    LED_out_OBUF[6]_inst_i_33_n_5
    SLICE_X63Y12         LUT6 (Prop_lut6_I1_O)        0.301    18.120 r  LED_out_OBUF[6]_inst_i_32/O
                         net (fo=2, routed)           0.810    18.930    LED_out_OBUF[6]_inst_i_32_n_0
    SLICE_X63Y14         LUT6 (Prop_lut6_I2_O)        0.124    19.054 r  LED_out_OBUF[6]_inst_i_9/O
                         net (fo=3, routed)           0.952    20.007    LED_out_OBUF[6]_inst_i_9_n_0
    SLICE_X64Y15         LUT4 (Prop_lut4_I2_O)        0.124    20.131 f  LED_out_OBUF[6]_inst_i_5/O
                         net (fo=7, routed)           0.836    20.966    LED_out_OBUF[6]_inst_i_5_n_0
    SLICE_X65Y16         LUT6 (Prop_lut6_I4_O)        0.124    21.090 r  LED_out_OBUF[1]_inst_i_1/O
                         net (fo=1, routed)           1.672    22.763    LED_out_OBUF[1]
    V5                   OBUF (Prop_obuf_I_O)         3.504    26.267 r  LED_out_OBUF[1]_inst/O
                         net (fo=0)                   0.000    26.267    LED_out[1]
    V5                                                                r  LED_out[1] (OUT)
  -------------------------------------------------------------------    -------------------

Slack:                    inf
  Source:                 refresh_counter_reg[18]/C
                            (rising edge-triggered cell FDCE)
  Destination:            Anode_Activate[2]
                            (output port)
  Path Group:             (none)
  Path Type:              Max at Slow Process Corner
  Data Path Delay:        7.842ns  (logic 4.355ns (55.532%)  route 3.487ns (44.468%))
  Logic Levels:           3  (FDCE=1 LUT2=1 OBUF=1)

    Location             Delay type                Incr(ns)  Path(ns)    Netlist Resource(s)
  -------------------------------------------------------------------    -------------------
    SLICE_X63Y23         FDCE                         0.000     0.000 r  refresh_counter_reg[18]/C
    SLICE_X63Y23         FDCE (Prop_fdce_C_Q)         0.456     0.456 f  refresh_counter_reg[18]/Q
                         net (fo=13, routed)          1.393     1.849    LED_activating_counter[0]
    SLICE_X64Y15         LUT2 (Prop_lut2_I1_O)        0.152     2.001 r  Anode_Activate_OBUF[2]_inst_i_1/O
                         net (fo=1, routed)           2.094     4.095    Anode_Activate_OBUF[2]
    V4                   OBUF (Prop_obuf_I_O)         3.747     7.842 r  Anode_Activate_OBUF[2]_inst/O
                         net (fo=0)                   0.000     7.842    Anode_Activate[2]
    V4                                                                r  Anode_Activate[2] (OUT)
  -------------------------------------------------------------------    -------------------

Slack:                    inf
  Source:                 refresh_counter_reg[18]/C
                            (rising edge-triggered cell FDCE)
  Destination:            Anode_Activate[3]
                            (output port)
  Path Group:             (none)
  Path Type:              Max at Slow Process Corner
  Data Path Delay:        7.345ns  (logic 4.318ns (58.791%)  route 3.027ns (41.209%))
  Logic Levels:           3  (FDCE=1 LUT2=1 OBUF=1)

    Location             Delay type                Incr(ns)  Path(ns)    Netlist Resource(s)
  -------------------------------------------------------------------    -------------------
    SLICE_X63Y23         FDCE                         0.000     0.000 r  refresh_counter_reg[18]/C
    SLICE_X63Y23         FDCE (Prop_fdce_C_Q)         0.456     0.456 r  refresh_counter_reg[18]/Q
                         net (fo=13, routed)          1.101     1.557    LED_activating_counter[0]
    SLICE_X62Y18         LUT2 (Prop_lut2_I1_O)        0.150     1.707 r  Anode_Activate_OBUF[3]_inst_i_1/O
                         net (fo=1, routed)           1.926     3.633    Anode_Activate_OBUF[3]
    W4                   OBUF (Prop_obuf_I_O)         3.712     7.345 r  Anode_Activate_OBUF[3]_inst/O
                         net (fo=0)                   0.000     7.345    Anode_Activate[3]
    W4                                                                r  Anode_Activate[3] (OUT)
  -------------------------------------------------------------------    -------------------

Slack:                    inf
  Source:                 refresh_counter_reg[18]/C
                            (rising edge-triggered cell FDCE)
  Destination:            Anode_Activate[0]
                            (output port)
  Path Group:             (none)
  Path Type:              Max at Slow Process Corner
  Data Path Delay:        7.094ns  (logic 4.309ns (60.743%)  route 2.785ns (39.257%))
  Logic Levels:           3  (FDCE=1 LUT2=1 OBUF=1)

    Location             Delay type                Incr(ns)  Path(ns)    Netlist Resource(s)
  -------------------------------------------------------------------    -------------------
    SLICE_X63Y23         FDCE                         0.000     0.000 r  refresh_counter_reg[18]/C
    SLICE_X63Y23         FDCE (Prop_fdce_C_Q)         0.456     0.456 f  refresh_counter_reg[18]/Q
                         net (fo=13, routed)          0.820     1.276    LED_activating_counter[0]
    SLICE_X64Y23         LUT2 (Prop_lut2_I0_O)        0.146     1.422 r  Anode_Activate_OBUF[0]_inst_i_1/O
                         net (fo=3, routed)           1.964     3.387    Anode_Activate_OBUF[0]
    U2                   OBUF (Prop_obuf_I_O)         3.707     7.094 r  Anode_Activate_OBUF[0]_inst/O
                         net (fo=0)                   0.000     7.094    Anode_Activate[0]
    U2                                                                r  Anode_Activate[0] (OUT)
  -------------------------------------------------------------------    -------------------





Min Delay Paths
--------------------------------------------------------------------------------------
Slack:                    inf
  Source:                 refresh_counter_reg[11]/C
                            (rising edge-triggered cell FDCE)
  Destination:            refresh_counter_reg[11]/D
  Path Group:             (none)
  Path Type:              Min at Fast Process Corner
  Data Path Delay:        0.357ns  (logic 0.249ns (69.714%)  route 0.108ns (30.286%))
  Logic Levels:           2  (CARRY4=1 FDCE=1)

    Location             Delay type                Incr(ns)  Path(ns)    Netlist Resource(s)
  -------------------------------------------------------------------    -------------------
    SLICE_X63Y21         FDCE                         0.000     0.000 r  refresh_counter_reg[11]/C
    SLICE_X63Y21         FDCE (Prop_fdce_C_Q)         0.141     0.141 r  refresh_counter_reg[11]/Q
                         net (fo=1, routed)           0.108     0.249    refresh_counter_reg_n_0_[11]
    SLICE_X63Y21         CARRY4 (Prop_carry4_S[3]_O[3])
                                                      0.108     0.357 r  refresh_counter_reg[8]_i_1/O[3]
                         net (fo=1, routed)           0.000     0.357    refresh_counter_reg[8]_i_1_n_4
    SLICE_X63Y21         FDCE                                         r  refresh_counter_reg[11]/D
  -------------------------------------------------------------------    -------------------

Slack:                    inf
  Source:                 refresh_counter_reg[15]/C
                            (rising edge-triggered cell FDCE)
  Destination:            refresh_counter_reg[15]/D
  Path Group:             (none)
  Path Type:              Min at Fast Process Corner
  Data Path Delay:        0.357ns  (logic 0.249ns (69.714%)  route 0.108ns (30.286%))
  Logic Levels:           2  (CARRY4=1 FDCE=1)

    Location             Delay type                Incr(ns)  Path(ns)    Netlist Resource(s)
  -------------------------------------------------------------------    -------------------
    SLICE_X63Y22         FDCE                         0.000     0.000 r  refresh_counter_reg[15]/C
    SLICE_X63Y22         FDCE (Prop_fdce_C_Q)         0.141     0.141 r  refresh_counter_reg[15]/Q
                         net (fo=1, routed)           0.108     0.249    refresh_counter_reg_n_0_[15]
    SLICE_X63Y22         CARRY4 (Prop_carry4_S[3]_O[3])
                                                      0.108     0.357 r  refresh_counter_reg[12]_i_1/O[3]
                         net (fo=1, routed)           0.000     0.357    refresh_counter_reg[12]_i_1_n_4
    SLICE_X63Y22         FDCE                                         r  refresh_counter_reg[15]/D
  -------------------------------------------------------------------    -------------------

Slack:                    inf
  Source:                 refresh_counter_reg[3]/C
                            (rising edge-triggered cell FDCE)
  Destination:            refresh_counter_reg[3]/D
  Path Group:             (none)
  Path Type:              Min at Fast Process Corner
  Data Path Delay:        0.357ns  (logic 0.249ns (69.714%)  route 0.108ns (30.286%))
  Logic Levels:           2  (CARRY4=1 FDCE=1)

    Location             Delay type                Incr(ns)  Path(ns)    Netlist Resource(s)
  -------------------------------------------------------------------    -------------------
    SLICE_X63Y19         FDCE                         0.000     0.000 r  refresh_counter_reg[3]/C
    SLICE_X63Y19         FDCE (Prop_fdce_C_Q)         0.141     0.141 r  refresh_counter_reg[3]/Q
                         net (fo=1, routed)           0.108     0.249    refresh_counter_reg_n_0_[3]
    SLICE_X63Y19         CARRY4 (Prop_carry4_S[3]_O[3])
                                                      0.108     0.357 r  refresh_counter_reg[0]_i_1/O[3]
                         net (fo=1, routed)           0.000     0.357    refresh_counter_reg[0]_i_1_n_4
    SLICE_X63Y19         FDCE                                         r  refresh_counter_reg[3]/D
  -------------------------------------------------------------------    -------------------

Slack:                    inf
  Source:                 refresh_counter_reg[7]/C
                            (rising edge-triggered cell FDCE)
  Destination:            refresh_counter_reg[7]/D
  Path Group:             (none)
  Path Type:              Min at Fast Process Corner
  Data Path Delay:        0.357ns  (logic 0.249ns (69.714%)  route 0.108ns (30.286%))
  Logic Levels:           2  (CARRY4=1 FDCE=1)

    Location             Delay type                Incr(ns)  Path(ns)    Netlist Resource(s)
  -------------------------------------------------------------------    -------------------
    SLICE_X63Y20         FDCE                         0.000     0.000 r  refresh_counter_reg[7]/C
    SLICE_X63Y20         FDCE (Prop_fdce_C_Q)         0.141     0.141 r  refresh_counter_reg[7]/Q
                         net (fo=1, routed)           0.108     0.249    refresh_counter_reg_n_0_[7]
    SLICE_X63Y20         CARRY4 (Prop_carry4_S[3]_O[3])
                                                      0.108     0.357 r  refresh_counter_reg[4]_i_1/O[3]
                         net (fo=1, routed)           0.000     0.357    refresh_counter_reg[4]_i_1_n_4
    SLICE_X63Y20         FDCE                                         r  refresh_counter_reg[7]/D
  -------------------------------------------------------------------    -------------------

Slack:                    inf
  Source:                 refresh_counter_reg[12]/C
                            (rising edge-triggered cell FDCE)
  Destination:            refresh_counter_reg[12]/D
  Path Group:             (none)
  Path Type:              Min at Fast Process Corner
  Data Path Delay:        0.361ns  (logic 0.256ns (70.880%)  route 0.105ns (29.120%))
  Logic Levels:           2  (CARRY4=1 FDCE=1)

    Location             Delay type                Incr(ns)  Path(ns)    Netlist Resource(s)
  -------------------------------------------------------------------    -------------------
    SLICE_X63Y22         FDCE                         0.000     0.000 r  refresh_counter_reg[12]/C
    SLICE_X63Y22         FDCE (Prop_fdce_C_Q)         0.141     0.141 r  refresh_counter_reg[12]/Q
                         net (fo=1, routed)           0.105     0.246    refresh_counter_reg_n_0_[12]
    SLICE_X63Y22         CARRY4 (Prop_carry4_S[0]_O[0])
                                                      0.115     0.361 r  refresh_counter_reg[12]_i_1/O[0]
                         net (fo=1, routed)           0.000     0.361    refresh_counter_reg[12]_i_1_n_7
    SLICE_X63Y22         FDCE                                         r  refresh_counter_reg[12]/D
  -------------------------------------------------------------------    -------------------

Slack:                    inf
  Source:                 refresh_counter_reg[16]/C
                            (rising edge-triggered cell FDCE)
  Destination:            refresh_counter_reg[16]/D
  Path Group:             (none)
  Path Type:              Min at Fast Process Corner
  Data Path Delay:        0.361ns  (logic 0.256ns (70.880%)  route 0.105ns (29.120%))
  Logic Levels:           2  (CARRY4=1 FDCE=1)

    Location             Delay type                Incr(ns)  Path(ns)    Netlist Resource(s)
  -------------------------------------------------------------------    -------------------
    SLICE_X63Y23         FDCE                         0.000     0.000 r  refresh_counter_reg[16]/C
    SLICE_X63Y23         FDCE (Prop_fdce_C_Q)         0.141     0.141 r  refresh_counter_reg[16]/Q
                         net (fo=1, routed)           0.105     0.246    refresh_counter_reg_n_0_[16]
    SLICE_X63Y23         CARRY4 (Prop_carry4_S[0]_O[0])
                                                      0.115     0.361 r  refresh_counter_reg[16]_i_1/O[0]
                         net (fo=1, routed)           0.000     0.361    refresh_counter_reg[16]_i_1_n_7
    SLICE_X63Y23         FDCE                                         r  refresh_counter_reg[16]/D
  -------------------------------------------------------------------    -------------------

Slack:                    inf
  Source:                 refresh_counter_reg[4]/C
                            (rising edge-triggered cell FDCE)
  Destination:            refresh_counter_reg[4]/D
  Path Group:             (none)
  Path Type:              Min at Fast Process Corner
  Data Path Delay:        0.361ns  (logic 0.256ns (70.880%)  route 0.105ns (29.120%))
  Logic Levels:           2  (CARRY4=1 FDCE=1)

    Location             Delay type                Incr(ns)  Path(ns)    Netlist Resource(s)
  -------------------------------------------------------------------    -------------------
    SLICE_X63Y20         FDCE                         0.000     0.000 r  refresh_counter_reg[4]/C
    SLICE_X63Y20         FDCE (Prop_fdce_C_Q)         0.141     0.141 r  refresh_counter_reg[4]/Q
                         net (fo=1, routed)           0.105     0.246    refresh_counter_reg_n_0_[4]
    SLICE_X63Y20         CARRY4 (Prop_carry4_S[0]_O[0])
                                                      0.115     0.361 r  refresh_counter_reg[4]_i_1/O[0]
                         net (fo=1, routed)           0.000     0.361    refresh_counter_reg[4]_i_1_n_7
    SLICE_X63Y20         FDCE                                         r  refresh_counter_reg[4]/D
  -------------------------------------------------------------------    -------------------

Slack:                    inf
  Source:                 refresh_counter_reg[8]/C
                            (rising edge-triggered cell FDCE)
  Destination:            refresh_counter_reg[8]/D
  Path Group:             (none)
  Path Type:              Min at Fast Process Corner
  Data Path Delay:        0.361ns  (logic 0.256ns (70.880%)  route 0.105ns (29.120%))
  Logic Levels:           2  (CARRY4=1 FDCE=1)

    Location             Delay type                Incr(ns)  Path(ns)    Netlist Resource(s)
  -------------------------------------------------------------------    -------------------
    SLICE_X63Y21         FDCE                         0.000     0.000 r  refresh_counter_reg[8]/C
    SLICE_X63Y21         FDCE (Prop_fdce_C_Q)         0.141     0.141 r  refresh_counter_reg[8]/Q
                         net (fo=1, routed)           0.105     0.246    refresh_counter_reg_n_0_[8]
    SLICE_X63Y21         CARRY4 (Prop_carry4_S[0]_O[0])
                                                      0.115     0.361 r  refresh_counter_reg[8]_i_1/O[0]
                         net (fo=1, routed)           0.000     0.361    refresh_counter_reg[8]_i_1_n_7
    SLICE_X63Y21         FDCE                                         r  refresh_counter_reg[8]/D
  -------------------------------------------------------------------    -------------------

Slack:                    inf
  Source:                 refresh_counter_reg[10]/C
                            (rising edge-triggered cell FDCE)
  Destination:            refresh_counter_reg[10]/D
  Path Group:             (none)
  Path Type:              Min at Fast Process Corner
  Data Path Delay:        0.361ns  (logic 0.252ns (69.733%)  route 0.109ns (30.267%))
  Logic Levels:           2  (CARRY4=1 FDCE=1)

    Location             Delay type                Incr(ns)  Path(ns)    Netlist Resource(s)
  -------------------------------------------------------------------    -------------------
    SLICE_X63Y21         FDCE                         0.000     0.000 r  refresh_counter_reg[10]/C
    SLICE_X63Y21         FDCE (Prop_fdce_C_Q)         0.141     0.141 r  refresh_counter_reg[10]/Q
                         net (fo=1, routed)           0.109     0.250    refresh_counter_reg_n_0_[10]
    SLICE_X63Y21         CARRY4 (Prop_carry4_S[2]_O[2])
                                                      0.111     0.361 r  refresh_counter_reg[8]_i_1/O[2]
                         net (fo=1, routed)           0.000     0.361    refresh_counter_reg[8]_i_1_n_5
    SLICE_X63Y21         FDCE                                         r  refresh_counter_reg[10]/D
  -------------------------------------------------------------------    -------------------

Slack:                    inf
  Source:                 refresh_counter_reg[14]/C
                            (rising edge-triggered cell FDCE)
  Destination:            refresh_counter_reg[14]/D
  Path Group:             (none)
  Path Type:              Min at Fast Process Corner
  Data Path Delay:        0.361ns  (logic 0.252ns (69.733%)  route 0.109ns (30.267%))
  Logic Levels:           2  (CARRY4=1 FDCE=1)

    Location             Delay type                Incr(ns)  Path(ns)    Netlist Resource(s)
  -------------------------------------------------------------------    -------------------
    SLICE_X63Y22         FDCE                         0.000     0.000 r  refresh_counter_reg[14]/C
    SLICE_X63Y22         FDCE (Prop_fdce_C_Q)         0.141     0.141 r  refresh_counter_reg[14]/Q
                         net (fo=1, routed)           0.109     0.250    refresh_counter_reg_n_0_[14]
    SLICE_X63Y22         CARRY4 (Prop_carry4_S[2]_O[2])
                                                      0.111     0.361 r  refresh_counter_reg[12]_i_1/O[2]
                         net (fo=1, routed)           0.000     0.361    refresh_counter_reg[12]_i_1_n_5
    SLICE_X63Y22         FDCE                                         r  refresh_counter_reg[14]/D
  -------------------------------------------------------------------    -------------------





