#-----------------------------------------------------------
# Vivado v2025.2 (64-bit)
# SW Build 6299465 on Fri Nov 14 19:35:11 GMT 2025
# IP Build 6300035 on Fri Nov 14 10:48:45 MST 2025
# SharedData Build 6298862 on Thu Nov 13 04:50:51 MST 2025
# Start of session at: Thu Jan 22 13:53:05 2026
# Process ID         : 17176
# Current directory  : C:/Users/User/vivado/ug1119-vivado-creating-packaging-ip-design/ug1119-vivado-creating-packaging-ip-design/lab_1
# Command line       : vivado.exe -gui_launcher_event rodinguilauncherevent25304 C:\Users\User\vivado\ug1119-vivado-creating-packaging-ip-design\ug1119-vivado-creating-packaging-ip-design\lab_1\my_simple_uart.xpr
# Log file           : C:/Users/User/vivado/ug1119-vivado-creating-packaging-ip-design/ug1119-vivado-creating-packaging-ip-design/lab_1/vivado.log
# Journal file       : C:/Users/User/vivado/ug1119-vivado-creating-packaging-ip-design/ug1119-vivado-creating-packaging-ip-design/lab_1\vivado.jou
# Running On         : IBM-480
# Platform           : Windows Server 2016 or Windows 10
# Operating System   : 26200
# Processor Detail   : AMD Ryzen 7 PRO 5850U with Radeon Graphics     
# CPU Frequency      : 1896 MHz
# CPU Physical cores : 8
# CPU Logical cores  : 16
# Host memory        : 33099 MB
# Swap memory        : 2080 MB
# Total Virtual      : 35180 MB
# Available Virtual  : 10381 MB
#-----------------------------------------------------------
start_gui
open_project C:/Users/User/vivado/ug1119-vivado-creating-packaging-ip-design/ug1119-vivado-creating-packaging-ip-design/lab_1/my_simple_uart.xpr
INFO: [ProjectBase 1-489] The host OS only allows 260 characters in a normal path. The project is stored in a path with more than 80 characters. If you experience issues with IP, Block Designs, or files not being found, please consider moving the project to a location with a shorter path. Alternately consider using the OS subst command to map part of the path to a drive letter.
Current project path is 'C:/Users/User/vivado/ug1119-vivado-creating-packaging-ip-design/ug1119-vivado-creating-packaging-ip-design/lab_1'
WARNING: [Board 49-26] cannot add Board Part xilinx.com:vrk160:part0:1.0 available at C:/AMDDesignTools/2025.2/data/xhub/boards\XilinxBoardStore\boards\Xilinx\vrk160\1.0\board.xml as part xcvr1602-vsva2488-2mp-e-s-es1 specified in board_part file is either invalid or not available
WARNING: [Board 49-26] cannot add Board Part xilinx.com:vrk160:part0:1.1 available at C:/AMDDesignTools/2025.2/data/xhub/boards\XilinxBoardStore\boards\Xilinx\vrk160\1.1\board.xml as part xcvr1602-vsva2488-2mp-e-s-es1 specified in board_part file is either invalid or not available
WARNING: [Board 49-26] cannot add Board Part xilinx.com:zcu208ld:part0:2.0 available at C:/AMDDesignTools/2025.2/data/xhub/boards\XilinxBoardStore\boards\Xilinx\zcu208ld\production\2.0\board.xml as part xczu58dr-fsvg1517-2-i specified in board_part file is either invalid or not available
WARNING: [Board 49-26] cannot add Board Part xilinx.com:zcu216ld:part0:2.0 available at C:/AMDDesignTools/2025.2/data/xhub/boards\XilinxBoardStore\boards\Xilinx\zcu216ld\production\2.0\board.xml as part xczu59dr-ffvf1760-2-i specified in board_part file is either invalid or not available
WARNING: [Board 49-26] cannot add Board Part xilinx.com:zcu670ld:part0:1.0 available at C:/AMDDesignTools/2025.2/data/xhub/boards\XilinxBoardStore\boards\Xilinx\zcu670ld\1.0\board.xml as part xczu57dr-fsve1156-2-i specified in board_part file is either invalid or not available
INFO: [filemgmt 56-3] Default IP Output Path : Could not find the directory 'C:/Users/User/vivado/ug1119-vivado-creating-packaging-ip-design/ug1119-vivado-creating-packaging-ip-design/lab_1/my_simple_uart.gen/sources_1'.
WARNING: [filemgmt 56-3] IPUserFilesDir: Could not find the directory 'C:/Users/User/vivado/ug1119-vivado-creating-packaging-ip-design/ug1119-vivado-creating-packaging-ip-design/lab_1/my_simple_uart.ip_user_files'.
Scanning sources...
Finished scanning sources
WARNING: [Board 49-26] cannot add Board Part xilinx.com:vrk160:part0:1.0 available at C:/AMDDesignTools/2025.2/data/xhub/boards\XilinxBoardStore\boards\Xilinx\vrk160\1.0\board.xml as part xcvr1602-vsva2488-2mp-e-s-es1 specified in board_part file is either invalid or not available
WARNING: [Board 49-26] cannot add Board Part xilinx.com:vrk160:part0:1.1 available at C:/AMDDesignTools/2025.2/data/xhub/boards\XilinxBoardStore\boards\Xilinx\vrk160\1.1\board.xml as part xcvr1602-vsva2488-2mp-e-s-es1 specified in board_part file is either invalid or not available
WARNING: [Board 49-26] cannot add Board Part xilinx.com:zcu208ld:part0:2.0 available at C:/AMDDesignTools/2025.2/data/xhub/boards\XilinxBoardStore\boards\Xilinx\zcu208ld\production\2.0\board.xml as part xczu58dr-fsvg1517-2-i specified in board_part file is either invalid or not available
WARNING: [Board 49-26] cannot add Board Part xilinx.com:zcu216ld:part0:2.0 available at C:/AMDDesignTools/2025.2/data/xhub/boards\XilinxBoardStore\boards\Xilinx\zcu216ld\production\2.0\board.xml as part xczu59dr-ffvf1760-2-i specified in board_part file is either invalid or not available
WARNING: [Board 49-26] cannot add Board Part xilinx.com:zcu670ld:part0:1.0 available at C:/AMDDesignTools/2025.2/data/xhub/boards\XilinxBoardStore\boards\Xilinx\zcu670ld\1.0\board.xml as part xczu57dr-fsve1156-2-i specified in board_part file is either invalid or not available
WARNING: [Project 1-5713] Board part '' set for the project  is not found. BoardPart property will be unset. Please select board from latest repo build 
INFO: [IP_Flow 19-234] Refreshing IP repositories
INFO: [IP_Flow 19-1700] Loaded user IP repository 'c:/Users/User/vivado/ug1119-vivado-creating-packaging-ip-design/ug1119-vivado-creating-packaging-ip-design/lab_1/my_simple_uart.srcs'.
INFO: [IP_Flow 19-1700] Loaded user IP repository 'c:/Users/User/AppData/Roaming/Xilinx/ip_repo'.
INFO: [IP_Flow 19-1700] Loaded user IP repository 'c:/Users/User/vivado/ug1119-vivado-creating-packaging-ip-design/ug1119-vivado-creating-packaging-ip-design/ip_repo'.
INFO: [IP_Flow 19-2313] Loaded Vivado IP repository 'C:/AMDDesignTools/2025.2/Vivado/data/ip'.
WARNING: [IP_Flow 19-1663] Duplicate IP found for 'my_company:user:my_simple_uart:1.0'. The one found in IP location 'c:/Users/User/AppData/Roaming/Xilinx/ip_repo' will take precedence over the same IP in location c:/Users/User/vivado/ug1119-vivado-creating-packaging-ip-design/ug1119-vivado-creating-packaging-ip-design/lab_1/my_simple_uart.srcs
open_project: Time (s): cpu = 00:00:29 ; elapsed = 00:00:11 . Memory (MB): peak = 1810.039 ; gain = 190.156
update_compile_order -fileset sources_1
create_ip -name my_simple_uart -vendor my_company -library user -version 1.0 -module_name my_simple_uart_0
generate_target {instantiation_template} [get_files c:/Users/User/vivado/ug1119-vivado-creating-packaging-ip-design/ug1119-vivado-creating-packaging-ip-design/lab_1/my_simple_uart.srcs/sources_1/ip/my_simple_uart_0/my_simple_uart_0.xci]
INFO: [IP_Flow 19-1686] Generating 'Instantiation Template' target for IP 'my_simple_uart_0'...
update_compile_order -fileset sources_1
set_property generate_synth_checkpoint false [get_files  c:/Users/User/vivado/ug1119-vivado-creating-packaging-ip-design/ug1119-vivado-creating-packaging-ip-design/lab_1/my_simple_uart.srcs/sources_1/ip/my_simple_uart_0/my_simple_uart_0.xci]
generate_target all [get_files  c:/Users/User/vivado/ug1119-vivado-creating-packaging-ip-design/ug1119-vivado-creating-packaging-ip-design/lab_1/my_simple_uart.srcs/sources_1/ip/my_simple_uart_0/my_simple_uart_0.xci]
INFO: [IP_Flow 19-1686] Generating 'Instantiation Template' target for IP 'my_simple_uart_0'...
INFO: [IP_Flow 19-1686] Generating 'Synthesis' target for IP 'my_simple_uart_0'...
INFO: [IP_Flow 19-1686] Generating 'Simulation' target for IP 'my_simple_uart_0'...
export_ip_user_files -of_objects [get_files c:/Users/User/vivado/ug1119-vivado-creating-packaging-ip-design/ug1119-vivado-creating-packaging-ip-design/lab_1/my_simple_uart.srcs/sources_1/ip/my_simple_uart_0/my_simple_uart_0.xci] -no_script -sync -force -quiet
export_simulation -lib_map_path [list {modelsim=C:/Users/User/vivado/ug1119-vivado-creating-packaging-ip-design/ug1119-vivado-creating-packaging-ip-design/lab_1/my_simple_uart.cache/compile_simlib/modelsim} {questa=C:/Users/User/vivado/ug1119-vivado-creating-packaging-ip-design/ug1119-vivado-creating-packaging-ip-design/lab_1/my_simple_uart.cache/compile_simlib/questa} {riviera=C:/Users/User/vivado/ug1119-vivado-creating-packaging-ip-design/ug1119-vivado-creating-packaging-ip-design/lab_1/my_simple_uart.cache/compile_simlib/riviera} {activehdl=C:/Users/User/vivado/ug1119-vivado-creating-packaging-ip-design/ug1119-vivado-creating-packaging-ip-design/lab_1/my_simple_uart.cache/compile_simlib/activehdl}] -of_objects [get_files c:/Users/User/vivado/ug1119-vivado-creating-packaging-ip-design/ug1119-vivado-creating-packaging-ip-design/lab_1/my_simple_uart.srcs/sources_1/ip/my_simple_uart_0/my_simple_uart_0.xci] -directory C:/Users/User/vivado/ug1119-vivado-creating-packaging-ip-design/ug1119-vivado-creating-packaging-ip-design/lab_1/my_simple_uart.ip_user_files/sim_scripts -ip_user_files_dir C:/Users/User/vivado/ug1119-vivado-creating-packaging-ip-design/ug1119-vivado-creating-packaging-ip-design/lab_1/my_simple_uart.ip_user_files -ipstatic_source_dir C:/Users/User/vivado/ug1119-vivado-creating-packaging-ip-design/ug1119-vivado-creating-packaging-ip-design/lab_1/my_simple_uart.ip_user_files/ipstatic -use_ip_compiled_libs -force -quiet
launch_runs synth_1 -jobs 8
[Thu Jan 22 13:58:12 2026] Launched synth_1...
Run output will be captured here: C:/Users/User/vivado/ug1119-vivado-creating-packaging-ip-design/ug1119-vivado-creating-packaging-ip-design/lab_1/my_simple_uart.runs/synth_1/runme.log
open_run synth_1 -name synth_1
Design is defaulting to impl run constrset: constrs_1
Design is defaulting to synth run part: xc7k325tffg900-2
INFO: [Device 21-403] Loading part xc7k325tffg900-2
INFO: [Project 1-5699] Read binary netlist with skipMacroContent - 1
Netlist sorting complete. Time (s): cpu = 00:00:00 ; elapsed = 00:00:00 . Memory (MB): peak = 2091.523 ; gain = 0.000
INFO: [Project 1-479] Netlist was created with Vivado 2025.2
INFO: [Project 1-570] Preparing netlist for logic optimization
Parsing XDC File [C:/Users/User/vivado/ug1119-vivado-creating-packaging-ip-design/ug1119-vivado-creating-packaging-ip-design/lab_1/my_simple_uart.srcs/constrs_1/imports/constrs/uart_top.xdc]
INFO: [Timing 38-35] Done setting XDC timing constraints. [C:/Users/User/vivado/ug1119-vivado-creating-packaging-ip-design/ug1119-vivado-creating-packaging-ip-design/lab_1/my_simple_uart.srcs/constrs_1/imports/constrs/uart_top.xdc:9]
WARNING: [Vivado 12-1008] No clocks found for command 'get_clocks -of_objects [get_ports rx_clk]'. [C:/Users/User/vivado/ug1119-vivado-creating-packaging-ip-design/ug1119-vivado-creating-packaging-ip-design/lab_1/my_simple_uart.srcs/constrs_1/imports/constrs/uart_top.xdc:9]
Resolution: Verify the create_clock command was called to create the clock object before it is referenced.
INFO: [Vivado 12-626] No clocks found. Please use 'create_clock' or 'create_generated_clock' command to create clocks. [C:/Users/User/vivado/ug1119-vivado-creating-packaging-ip-design/ug1119-vivado-creating-packaging-ip-design/lab_1/my_simple_uart.srcs/constrs_1/imports/constrs/uart_top.xdc:9]
CRITICAL WARNING: [Common 17-55] 'get_property' expects at least one object. [C:/Users/User/vivado/ug1119-vivado-creating-packaging-ip-design/ug1119-vivado-creating-packaging-ip-design/lab_1/my_simple_uart.srcs/constrs_1/imports/constrs/uart_top.xdc:9]
Resolution: If [get_<value>] was used to populate the object, check to make sure this command returns at least one valid object.
Finished Parsing XDC File [C:/Users/User/vivado/ug1119-vivado-creating-packaging-ip-design/ug1119-vivado-creating-packaging-ip-design/lab_1/my_simple_uart.srcs/constrs_1/imports/constrs/uart_top.xdc]
INFO: [Opt 31-138] Pushed 0 inverter(s) to 0 load pin(s).
Netlist sorting complete. Time (s): cpu = 00:00:00 ; elapsed = 00:00:00 . Memory (MB): peak = 2833.469 ; gain = 0.000
INFO: [Project 1-111] Unisim Transformation Summary:
No Unisim elements were transformed.

open_run: Time (s): cpu = 00:00:27 ; elapsed = 00:00:18 . Memory (MB): peak = 3106.590 ; gain = 1251.297
exit
INFO: [Common 17-206] Exiting Vivado at Thu Jan 22 14:06:56 2026...
