
*** Running vivado
    with args -log my_simple_uart_0.vds -m64 -product Vivado -mode batch -messageDb vivado.pb -notrace -source my_simple_uart_0.tcl



****** Vivado v2025.2 (64-bit)
  **** SW Build 6299465 on Fri Nov 14 19:35:11 GMT 2025
  **** IP Build 6300035 on Fri Nov 14 10:48:45 MST 2025
  **** SharedData Build 6298862 on Thu Nov 13 04:50:51 MST 2025
  **** Start of session at: Mon Jan 12 17:57:24 2026
    ** Copyright 1986-2022 Xilinx, Inc. All Rights Reserved.
    ** Copyright 2022-2025 Advanced Micro Devices, Inc. All Rights Reserved.

source my_simple_uart_0.tcl -notrace
create_project: Time (s): cpu = 00:00:14 ; elapsed = 00:00:09 . Memory (MB): peak = 663.539 ; gain = 223.027
INFO: [IP_Flow 19-234] Refreshing IP repositories
INFO: [IP_Flow 19-1700] Loaded user IP repository 'c:/Users/User/vivado/ug1119-vivado-creating-packaging-ip-design/ug1119-vivado-creating-packaging-ip-design/lab_1/my_simple_uart.srcs'.
INFO: [IP_Flow 19-2313] Loaded Vivado IP repository 'C:/AMDDesignTools/2025.2/Vivado/data/ip'.
WARNING: [IP_Flow 19-4995] The host OS only allows 260 characters in a normal path. The IP cache path is more than 80 characters. If you experience issues with IP caching, please consider changing the IP cache to a location with a shorter path. Alternately consider using the OS subst command to map part of the path to a drive letter. 
Current IP cache path is c:/Users/User/vivado/ug1119-vivado-creating-packaging-ip-design/ug1119-vivado-creating-packaging-ip-design/lab_1/managed_ip_project/managed_ip_project.cache/ip 
Command: synth_design -top my_simple_uart_0 -part xc7k325tffg900-2 -incremental_mode off -mode out_of_context
Starting synth_design
Attempting to get a license for feature 'Synthesis' and/or device 'xc7k325t'
INFO: [Common 17-349] Got license for feature 'Synthesis' and/or device 'xc7k325t'
INFO: [Device 21-403] Loading part xc7k325tffg900-2
INFO: [Synth 8-7079] Multithreading enabled for synth_design using a maximum of 2 processes.
INFO: [Synth 8-7078] Launching helper process for spawning children vivado processes
INFO: [Synth 8-7075] Helper process launched with PID 25864
---------------------------------------------------------------------------------
Starting RTL Elaboration : Time (s): cpu = 00:00:09 ; elapsed = 00:00:11 . Memory (MB): peak = 1450.902 ; gain = 541.094
---------------------------------------------------------------------------------
INFO: [Synth 8-6157] synthesizing module 'my_simple_uart_0' [c:/Users/User/vivado/ug1119-vivado-creating-packaging-ip-design/ug1119-vivado-creating-packaging-ip-design/lab_1/my_simple_uart_0/synth/my_simple_uart_0.v:53]
INFO: [Synth 8-6157] synthesizing module 'uart_top' [c:/Users/User/vivado/ug1119-vivado-creating-packaging-ip-design/ug1119-vivado-creating-packaging-ip-design/lab_1/my_simple_uart_0/sources_1/imports/src/uart_top.v:23]
INFO: [Synth 8-6157] synthesizing module 'uart_rx' [c:/Users/User/vivado/ug1119-vivado-creating-packaging-ip-design/ug1119-vivado-creating-packaging-ip-design/lab_1/my_simple_uart_0/sources_1/imports/src/uart_rx.v:37]
INFO: [Synth 8-6157] synthesizing module 'meta_harden' [c:/Users/User/vivado/ug1119-vivado-creating-packaging-ip-design/ug1119-vivado-creating-packaging-ip-design/lab_1/my_simple_uart_0/sources_1/imports/src/meta_harden.v:27]
INFO: [Synth 8-6155] done synthesizing module 'meta_harden' (0#1) [c:/Users/User/vivado/ug1119-vivado-creating-packaging-ip-design/ug1119-vivado-creating-packaging-ip-design/lab_1/my_simple_uart_0/sources_1/imports/src/meta_harden.v:27]
INFO: [Synth 8-6157] synthesizing module 'uart_baud_gen' [c:/Users/User/vivado/ug1119-vivado-creating-packaging-ip-design/ug1119-vivado-creating-packaging-ip-design/lab_1/my_simple_uart_0/sources_1/imports/src/uart_baud_gen.v:35]
INFO: [Synth 8-6155] done synthesizing module 'uart_baud_gen' (0#1) [c:/Users/User/vivado/ug1119-vivado-creating-packaging-ip-design/ug1119-vivado-creating-packaging-ip-design/lab_1/my_simple_uart_0/sources_1/imports/src/uart_baud_gen.v:35]
INFO: [Synth 8-6157] synthesizing module 'uart_rx_ctl' [c:/Users/User/vivado/ug1119-vivado-creating-packaging-ip-design/ug1119-vivado-creating-packaging-ip-design/lab_1/my_simple_uart_0/sources_1/imports/src/uart_rx_ctl.v:52]
INFO: [Synth 8-6155] done synthesizing module 'uart_rx_ctl' (0#1) [c:/Users/User/vivado/ug1119-vivado-creating-packaging-ip-design/ug1119-vivado-creating-packaging-ip-design/lab_1/my_simple_uart_0/sources_1/imports/src/uart_rx_ctl.v:52]
INFO: [Synth 8-6155] done synthesizing module 'uart_rx' (0#1) [c:/Users/User/vivado/ug1119-vivado-creating-packaging-ip-design/ug1119-vivado-creating-packaging-ip-design/lab_1/my_simple_uart_0/sources_1/imports/src/uart_rx.v:37]
INFO: [Synth 8-6157] synthesizing module 'uart_tx' [c:/Users/User/vivado/ug1119-vivado-creating-packaging-ip-design/ug1119-vivado-creating-packaging-ip-design/lab_1/my_simple_uart_0/sources_1/imports/src/uart_tx.v:35]
INFO: [Synth 8-6157] synthesizing module 'uart_tx_ctl' [c:/Users/User/vivado/ug1119-vivado-creating-packaging-ip-design/ug1119-vivado-creating-packaging-ip-design/lab_1/my_simple_uart_0/sources_1/imports/src/uart_tx_ctl.v:60]
INFO: [Synth 8-6155] done synthesizing module 'uart_tx_ctl' (0#1) [c:/Users/User/vivado/ug1119-vivado-creating-packaging-ip-design/ug1119-vivado-creating-packaging-ip-design/lab_1/my_simple_uart_0/sources_1/imports/src/uart_tx_ctl.v:60]
INFO: [Synth 8-6155] done synthesizing module 'uart_tx' (0#1) [c:/Users/User/vivado/ug1119-vivado-creating-packaging-ip-design/ug1119-vivado-creating-packaging-ip-design/lab_1/my_simple_uart_0/sources_1/imports/src/uart_tx.v:35]
INFO: [Synth 8-6155] done synthesizing module 'uart_top' (0#1) [c:/Users/User/vivado/ug1119-vivado-creating-packaging-ip-design/ug1119-vivado-creating-packaging-ip-design/lab_1/my_simple_uart_0/sources_1/imports/src/uart_top.v:23]
INFO: [Synth 8-6155] done synthesizing module 'my_simple_uart_0' (0#1) [c:/Users/User/vivado/ug1119-vivado-creating-packaging-ip-design/ug1119-vivado-creating-packaging-ip-design/lab_1/my_simple_uart_0/synth/my_simple_uart_0.v:53]
---------------------------------------------------------------------------------
Finished RTL Elaboration : Time (s): cpu = 00:00:13 ; elapsed = 00:00:14 . Memory (MB): peak = 1571.027 ; gain = 661.219
---------------------------------------------------------------------------------
---------------------------------------------------------------------------------
Start Handling Custom Attributes
---------------------------------------------------------------------------------
---------------------------------------------------------------------------------
Finished Handling Custom Attributes : Time (s): cpu = 00:00:13 ; elapsed = 00:00:15 . Memory (MB): peak = 1571.027 ; gain = 661.219
---------------------------------------------------------------------------------
---------------------------------------------------------------------------------
Finished RTL Optimization Phase 1 : Time (s): cpu = 00:00:13 ; elapsed = 00:00:15 . Memory (MB): peak = 1571.027 ; gain = 661.219
---------------------------------------------------------------------------------
Netlist sorting complete. Time (s): cpu = 00:00:00 ; elapsed = 00:00:00.004 . Memory (MB): peak = 1571.027 ; gain = 0.000
INFO: [Project 1-570] Preparing netlist for logic optimization

Processing XDC Constraints
Initializing timing engine
Parsing XDC File [c:/Users/User/vivado/ug1119-vivado-creating-packaging-ip-design/ug1119-vivado-creating-packaging-ip-design/lab_1/my_simple_uart_0/constrs_1/new/uart_top_ooc.xdc] for cell 'inst'
Finished Parsing XDC File [c:/Users/User/vivado/ug1119-vivado-creating-packaging-ip-design/ug1119-vivado-creating-packaging-ip-design/lab_1/my_simple_uart_0/constrs_1/new/uart_top_ooc.xdc] for cell 'inst'
Parsing XDC File [C:/Users/User/vivado/ug1119-vivado-creating-packaging-ip-design/ug1119-vivado-creating-packaging-ip-design/lab_1/managed_ip_project/managed_ip_project.runs/my_simple_uart_0_synth_1/dont_touch.xdc]
Finished Parsing XDC File [C:/Users/User/vivado/ug1119-vivado-creating-packaging-ip-design/ug1119-vivado-creating-packaging-ip-design/lab_1/managed_ip_project/managed_ip_project.runs/my_simple_uart_0_synth_1/dont_touch.xdc]
Parsing XDC File [c:/Users/User/vivado/ug1119-vivado-creating-packaging-ip-design/ug1119-vivado-creating-packaging-ip-design/lab_1/my_simple_uart_0/constrs_1/imports/constrs/uart_top.xdc] for cell 'inst'
Finished Parsing XDC File [c:/Users/User/vivado/ug1119-vivado-creating-packaging-ip-design/ug1119-vivado-creating-packaging-ip-design/lab_1/my_simple_uart_0/constrs_1/imports/constrs/uart_top.xdc] for cell 'inst'
INFO: [Project 1-236] Implementation specific constraints were found while reading constraint file [c:/Users/User/vivado/ug1119-vivado-creating-packaging-ip-design/ug1119-vivado-creating-packaging-ip-design/lab_1/my_simple_uart_0/constrs_1/imports/constrs/uart_top.xdc]. These constraints will be ignored for synthesis but will be used in implementation. Impacted constraints are listed in the file [.Xil/my_simple_uart_0_propImpl.xdc].
Resolution: To avoid this warning, move constraints listed in [.Xil/my_simple_uart_0_propImpl.xdc] to another XDC file and exclude this new file from synthesis with the used_in_synthesis property (File Properties dialog in GUI) and re-run elaboration/synthesis.
Completed Processing XDC Constraints

Netlist sorting complete. Time (s): cpu = 00:00:00 ; elapsed = 00:00:00 . Memory (MB): peak = 1621.672 ; gain = 0.000
INFO: [Project 1-111] Unisim Transformation Summary:
No Unisim elements were transformed.

Constraint Validation Runtime : Time (s): cpu = 00:00:00 ; elapsed = 00:00:00.041 . Memory (MB): peak = 1621.672 ; gain = 0.000
INFO: [Designutils 20-5008] Incremental synthesis strategy off
---------------------------------------------------------------------------------
Finished Constraint Validation : Time (s): cpu = 00:00:23 ; elapsed = 00:00:26 . Memory (MB): peak = 1621.672 ; gain = 711.863
---------------------------------------------------------------------------------
---------------------------------------------------------------------------------
Start Loading Part and Timing Information
---------------------------------------------------------------------------------
Loading part: xc7k325tffg900-2
---------------------------------------------------------------------------------
Finished Loading Part and Timing Information : Time (s): cpu = 00:00:23 ; elapsed = 00:00:26 . Memory (MB): peak = 1621.672 ; gain = 711.863
---------------------------------------------------------------------------------
---------------------------------------------------------------------------------
Start Applying 'set_property' XDC Constraints
---------------------------------------------------------------------------------
---------------------------------------------------------------------------------
Finished applying 'set_property' XDC Constraints : Time (s): cpu = 00:00:23 ; elapsed = 00:00:26 . Memory (MB): peak = 1621.672 ; gain = 711.863
---------------------------------------------------------------------------------
INFO: [Synth 8-802] inferred FSM for state register 'state_reg' in module 'uart_rx_ctl'
INFO: [Synth 8-802] inferred FSM for state register 'state_reg' in module 'uart_tx_ctl'
---------------------------------------------------------------------------------------------------
                   State |                     New Encoding |                Previous Encoding 
---------------------------------------------------------------------------------------------------
                 iSTATE1 |                               00 |                               00
                  iSTATE |                               01 |                               01
                 iSTATE0 |                               10 |                               10
                 iSTATE2 |                               11 |                               11
---------------------------------------------------------------------------------------------------
INFO: [Synth 8-3354] encoded FSM with state register 'state_reg' using encoding 'sequential' in module 'uart_rx_ctl'
---------------------------------------------------------------------------------------------------
                   State |                     New Encoding |                Previous Encoding 
---------------------------------------------------------------------------------------------------
                 iSTATE1 |                               00 |                               00
                 iSTATE2 |                               01 |                               01
                  iSTATE |                               10 |                               10
                 iSTATE0 |                               11 |                               11
---------------------------------------------------------------------------------------------------
INFO: [Synth 8-3354] encoded FSM with state register 'state_reg' using encoding 'sequential' in module 'uart_tx_ctl'
---------------------------------------------------------------------------------
Finished RTL Optimization Phase 2 : Time (s): cpu = 00:00:24 ; elapsed = 00:00:26 . Memory (MB): peak = 1621.672 ; gain = 711.863
---------------------------------------------------------------------------------
---------------------------------------------------------------------------------
Start RTL Component Statistics 
---------------------------------------------------------------------------------
Detailed RTL Component Info : 
+---Adders : 
	   2 Input    5 Bit       Adders := 2     
	   2 Input    4 Bit       Adders := 2     
	   2 Input    3 Bit       Adders := 2     
+---Registers : 
	                8 Bit    Registers := 1     
	                5 Bit    Registers := 2     
	                4 Bit    Registers := 2     
	                3 Bit    Registers := 2     
	                2 Bit    Registers := 2     
	                1 Bit    Registers := 8     
+---Muxes : 
	   2 Input    8 Bit        Muxes := 2     
	   2 Input    4 Bit        Muxes := 3     
	   5 Input    4 Bit        Muxes := 1     
	   4 Input    2 Bit        Muxes := 3     
	   2 Input    2 Bit        Muxes := 6     
	   5 Input    2 Bit        Muxes := 1     
	   2 Input    1 Bit        Muxes := 9     
	   4 Input    1 Bit        Muxes := 3     
---------------------------------------------------------------------------------
Finished RTL Component Statistics 
---------------------------------------------------------------------------------
---------------------------------------------------------------------------------
Start Part Resource Summary
---------------------------------------------------------------------------------
Part Resources:
DSPs: 840 (col length:140)
BRAMs: 890 (col length: RAMB18 140 RAMB36 70)
---------------------------------------------------------------------------------
Finished Part Resource Summary
---------------------------------------------------------------------------------
---------------------------------------------------------------------------------
Start Cross Boundary and Area Optimization
---------------------------------------------------------------------------------
---------------------------------------------------------------------------------
Finished Cross Boundary and Area Optimization : Time (s): cpu = 00:00:26 ; elapsed = 00:00:29 . Memory (MB): peak = 1623.258 ; gain = 713.449
---------------------------------------------------------------------------------
---------------------------------------------------------------------------------
Start Applying XDC Timing Constraints
---------------------------------------------------------------------------------
---------------------------------------------------------------------------------
Finished Applying XDC Timing Constraints : Time (s): cpu = 00:00:31 ; elapsed = 00:00:35 . Memory (MB): peak = 1764.637 ; gain = 854.828
---------------------------------------------------------------------------------
---------------------------------------------------------------------------------
Start Timing Optimization
---------------------------------------------------------------------------------
---------------------------------------------------------------------------------
Finished Timing Optimization : Time (s): cpu = 00:00:32 ; elapsed = 00:00:35 . Memory (MB): peak = 1794.430 ; gain = 884.621
---------------------------------------------------------------------------------
---------------------------------------------------------------------------------
Start Technology Mapping
---------------------------------------------------------------------------------
---------------------------------------------------------------------------------
Finished Technology Mapping : Time (s): cpu = 00:00:32 ; elapsed = 00:00:35 . Memory (MB): peak = 1795.188 ; gain = 885.379
---------------------------------------------------------------------------------
---------------------------------------------------------------------------------
Start IO Insertion
---------------------------------------------------------------------------------
---------------------------------------------------------------------------------
Start Flattening Before IO Insertion
---------------------------------------------------------------------------------
---------------------------------------------------------------------------------
Finished Flattening Before IO Insertion
---------------------------------------------------------------------------------
---------------------------------------------------------------------------------
Start Final Netlist Cleanup
---------------------------------------------------------------------------------
---------------------------------------------------------------------------------
Finished Final Netlist Cleanup
---------------------------------------------------------------------------------
---------------------------------------------------------------------------------
Finished IO Insertion : Time (s): cpu = 00:00:36 ; elapsed = 00:00:40 . Memory (MB): peak = 2024.285 ; gain = 1114.477
---------------------------------------------------------------------------------
---------------------------------------------------------------------------------
Start Renaming Generated Instances
---------------------------------------------------------------------------------
---------------------------------------------------------------------------------
Finished Renaming Generated Instances : Time (s): cpu = 00:00:36 ; elapsed = 00:00:40 . Memory (MB): peak = 2024.285 ; gain = 1114.477
---------------------------------------------------------------------------------
---------------------------------------------------------------------------------
Start Rebuilding User Hierarchy
---------------------------------------------------------------------------------
---------------------------------------------------------------------------------
Finished Rebuilding User Hierarchy : Time (s): cpu = 00:00:36 ; elapsed = 00:00:40 . Memory (MB): peak = 2024.285 ; gain = 1114.477
---------------------------------------------------------------------------------
---------------------------------------------------------------------------------
Start Renaming Generated Ports
---------------------------------------------------------------------------------
---------------------------------------------------------------------------------
Finished Renaming Generated Ports : Time (s): cpu = 00:00:36 ; elapsed = 00:00:40 . Memory (MB): peak = 2024.285 ; gain = 1114.477
---------------------------------------------------------------------------------
---------------------------------------------------------------------------------
Start Handling Custom Attributes
---------------------------------------------------------------------------------
---------------------------------------------------------------------------------
Finished Handling Custom Attributes : Time (s): cpu = 00:00:36 ; elapsed = 00:00:40 . Memory (MB): peak = 2024.285 ; gain = 1114.477
---------------------------------------------------------------------------------
---------------------------------------------------------------------------------
Start Renaming Generated Nets
---------------------------------------------------------------------------------
---------------------------------------------------------------------------------
Finished Renaming Generated Nets : Time (s): cpu = 00:00:36 ; elapsed = 00:00:40 . Memory (MB): peak = 2024.285 ; gain = 1114.477
---------------------------------------------------------------------------------
---------------------------------------------------------------------------------
Start Writing Synthesis Report
---------------------------------------------------------------------------------

Report BlackBoxes: 
+-+--------------+----------+
| |BlackBox name |Instances |
+-+--------------+----------+
+-+--------------+----------+

Report Cell Usage: 
+------+------+------+
|      |Cell  |Count |
+------+------+------+
|1     |LUT1  |     2|
|2     |LUT2  |     4|
|3     |LUT3  |     6|
|4     |LUT4  |    15|
|5     |LUT5  |    11|
|6     |LUT6  |    31|
|7     |MUXF7 |     1|
|8     |FDRE  |    42|
|9     |FDSE  |     6|
+------+------+------+
---------------------------------------------------------------------------------
Finished Writing Synthesis Report : Time (s): cpu = 00:00:36 ; elapsed = 00:00:40 . Memory (MB): peak = 2024.285 ; gain = 1114.477
---------------------------------------------------------------------------------
Synthesis finished with 0 errors, 0 critical warnings and 0 warnings.
Synthesis Optimization Runtime : Time (s): cpu = 00:00:21 ; elapsed = 00:00:36 . Memory (MB): peak = 2024.285 ; gain = 1063.832
Synthesis Optimization Complete : Time (s): cpu = 00:00:37 ; elapsed = 00:00:40 . Memory (MB): peak = 2024.285 ; gain = 1114.477
INFO: [Project 1-571] Translating synthesized netlist
Netlist sorting complete. Time (s): cpu = 00:00:00 ; elapsed = 00:00:00 . Memory (MB): peak = 2033.488 ; gain = 0.000
INFO: [Netlist 29-17] Analyzing 1 Unisim elements for replacement
INFO: [Netlist 29-28] Unisim Transformation completed in 0 CPU seconds
INFO: [Project 1-570] Preparing netlist for logic optimization
INFO: [Opt 31-138] Pushed 0 inverter(s) to 0 load pin(s).
Netlist sorting complete. Time (s): cpu = 00:00:00 ; elapsed = 00:00:00 . Memory (MB): peak = 2042.480 ; gain = 0.000
INFO: [Project 1-111] Unisim Transformation Summary:
No Unisim elements were transformed.

Synth Design complete | Checksum: fd94ac07
INFO: [Common 17-83] Releasing license: Synthesis
39 Infos, 1 Warnings, 0 Critical Warnings and 0 Errors encountered.
synth_design completed successfully
synth_design: Time (s): cpu = 00:00:43 ; elapsed = 00:01:04 . Memory (MB): peak = 2042.480 ; gain = 1364.238
Write ShapeDB Complete: Time (s): cpu = 00:00:00 ; elapsed = 00:00:00.001 . Memory (MB): peak = 2042.480 ; gain = 0.000
INFO: [Common 17-1381] The checkpoint 'C:/Users/User/vivado/ug1119-vivado-creating-packaging-ip-design/ug1119-vivado-creating-packaging-ip-design/lab_1/managed_ip_project/managed_ip_project.runs/my_simple_uart_0_synth_1/my_simple_uart_0.dcp' has been generated.
INFO: [Coretcl 2-1648] Added synthesis output to IP cache for IP my_simple_uart_0, cache-ID = 41189e3c6b010bdf
INFO: [Coretcl 2-1174] Renamed 8 cell refs.
Write ShapeDB Complete: Time (s): cpu = 00:00:00 ; elapsed = 00:00:00.001 . Memory (MB): peak = 2042.480 ; gain = 0.000
INFO: [Common 17-1381] The checkpoint 'C:/Users/User/vivado/ug1119-vivado-creating-packaging-ip-design/ug1119-vivado-creating-packaging-ip-design/lab_1/managed_ip_project/managed_ip_project.runs/my_simple_uart_0_synth_1/my_simple_uart_0.dcp' has been generated.
INFO: [Vivado 12-24828] Executing command : report_utilization -file my_simple_uart_0_utilization_synth.rpt -pb my_simple_uart_0_utilization_synth.pb
INFO: [Common 17-206] Exiting Vivado at Mon Jan 12 17:58:46 2026...
