
*** Running vivado
    with args -log subsystem_1_wrapper.vdi -applog -m64 -product Vivado -messageDb vivado.pb -mode batch -source subsystem_1_wrapper.tcl -notrace



****** Vivado v2025.2 (64-bit)
  **** SW Build 6299465 on Fri Nov 14 19:35:11 GMT 2025
  **** IP Build 6300035 on Fri Nov 14 10:48:45 MST 2025
  **** SharedData Build 6298862 on Thu Nov 13 04:50:51 MST 2025
  **** Start of session at: Mon Jan 19 11:48:29 2026
    ** Copyright 1986-2022 Xilinx, Inc. All Rights Reserved.
    ** Copyright 2022-2025 Advanced Micro Devices, Inc. All Rights Reserved.

source subsystem_1_wrapper.tcl -notrace
create_project: Time (s): cpu = 00:00:08 ; elapsed = 00:00:05 . Memory (MB): peak = 663.887 ; gain = 217.277
INFO: [IP_Flow 19-234] Refreshing IP repositories
INFO: [IP_Flow 19-1704] No user IP repositories specified
INFO: [IP_Flow 19-2313] Loaded Vivado IP repository 'C:/AMDDesignTools/2025.2/Vivado/data/ip'.
Command: link_design -top subsystem_1_wrapper -part xc7k325tffg900-2
Design is defaulting to srcset: sources_1
Design is defaulting to constrset: constrs_1
INFO: [Device 21-403] Loading part xc7k325tffg900-2
INFO: [Project 1-5699] Read binary netlist with skipMacroContent - 1
INFO: [Project 1-454] Reading design checkpoint 'c:/Users/User/vivado/ug995_tutorial/ug995_tutorial.gen/sources_1/bd/subsystem_1/ip/subsystem_1_axi_bram_ctrl_0_0/subsystem_1_axi_bram_ctrl_0_0.dcp' for cell 'subsystem_1_i/axi_bram_ctrl_0'
INFO: [Project 1-454] Reading design checkpoint 'c:/Users/User/vivado/ug995_tutorial/ug995_tutorial.gen/sources_1/bd/subsystem_1/ip/subsystem_1_axi_bram_ctrl_0_bram_0/subsystem_1_axi_bram_ctrl_0_bram_0.dcp' for cell 'subsystem_1_i/axi_bram_ctrl_0_bram'
INFO: [Project 1-454] Reading design checkpoint 'c:/Users/User/vivado/ug995_tutorial/ug995_tutorial.gen/sources_1/bd/subsystem_1/ip/subsystem_1_axi_iic_0_0/subsystem_1_axi_iic_0_0.dcp' for cell 'subsystem_1_i/axi_iic_0'
INFO: [Project 1-454] Reading design checkpoint 'c:/Users/User/vivado/ug995_tutorial/ug995_tutorial.gen/sources_1/bd/subsystem_1/ip/subsystem_1_axi_intc_0_0/subsystem_1_axi_intc_0_0.dcp' for cell 'subsystem_1_i/axi_intc_0'
INFO: [Project 1-454] Reading design checkpoint 'c:/Users/User/vivado/ug995_tutorial/ug995_tutorial.gen/sources_1/bd/subsystem_1/ip/subsystem_1_axi_quad_spi_0_0/subsystem_1_axi_quad_spi_0_0.dcp' for cell 'subsystem_1_i/axi_quad_spi_0'
INFO: [Project 1-454] Reading design checkpoint 'c:/Users/User/vivado/ug995_tutorial/ug995_tutorial.gen/sources_1/bd/subsystem_1/ip/subsystem_1_axi_uartlite_0_0/subsystem_1_axi_uartlite_0_0.dcp' for cell 'subsystem_1_i/axi_uartlite_0'
INFO: [Project 1-454] Reading design checkpoint 'c:/Users/User/vivado/ug995_tutorial/ug995_tutorial.gen/sources_1/bd/subsystem_1/ip/subsystem_1_axi_interconnect_0_imp_xbar_0/subsystem_1_axi_interconnect_0_imp_xbar_0.dcp' for cell 'subsystem_1_i/axi_interconnect_0/xbar'
INFO: [Project 1-454] Reading design checkpoint 'c:/Users/User/vivado/ug995_tutorial/ug995_tutorial.gen/sources_1/bd/subsystem_1/ip/subsystem_1_axi_interconnect_0_imp_auto_pc_0/subsystem_1_axi_interconnect_0_imp_auto_pc_0.dcp' for cell 'subsystem_1_i/axi_interconnect_0/m01_couplers/auto_pc'
INFO: [Project 1-454] Reading design checkpoint 'c:/Users/User/vivado/ug995_tutorial/ug995_tutorial.gen/sources_1/bd/subsystem_1/ip/subsystem_1_axi_interconnect_0_imp_auto_pc_1/subsystem_1_axi_interconnect_0_imp_auto_pc_1.dcp' for cell 'subsystem_1_i/axi_interconnect_0/m02_couplers/auto_pc'
INFO: [Project 1-454] Reading design checkpoint 'c:/Users/User/vivado/ug995_tutorial/ug995_tutorial.gen/sources_1/bd/subsystem_1/ip/subsystem_1_axi_interconnect_0_imp_auto_pc_2/subsystem_1_axi_interconnect_0_imp_auto_pc_2.dcp' for cell 'subsystem_1_i/axi_interconnect_0/m03_couplers/auto_pc'
INFO: [Project 1-454] Reading design checkpoint 'c:/Users/User/vivado/ug995_tutorial/ug995_tutorial.gen/sources_1/bd/subsystem_1/ip/subsystem_1_axi_interconnect_0_imp_auto_pc_3/subsystem_1_axi_interconnect_0_imp_auto_pc_3.dcp' for cell 'subsystem_1_i/axi_interconnect_0/m04_couplers/auto_pc'
Netlist sorting complete. Time (s): cpu = 00:00:00 ; elapsed = 00:00:00.221 . Memory (MB): peak = 962.348 ; gain = 0.000
INFO: [Netlist 29-17] Analyzing 160 Unisim elements for replacement
INFO: [Netlist 29-28] Unisim Transformation completed in 0 CPU seconds
INFO: [Project 1-479] Netlist was created with Vivado 2025.2
INFO: [Project 1-570] Preparing netlist for logic optimization
Parsing XDC File [c:/Users/User/vivado/ug995_tutorial/ug995_tutorial.gen/sources_1/bd/subsystem_1/ip/subsystem_1_axi_quad_spi_0_0/subsystem_1_axi_quad_spi_0_0_board.xdc] for cell 'subsystem_1_i/axi_quad_spi_0/U0'
Finished Parsing XDC File [c:/Users/User/vivado/ug995_tutorial/ug995_tutorial.gen/sources_1/bd/subsystem_1/ip/subsystem_1_axi_quad_spi_0_0/subsystem_1_axi_quad_spi_0_0_board.xdc] for cell 'subsystem_1_i/axi_quad_spi_0/U0'
Parsing XDC File [c:/Users/User/vivado/ug995_tutorial/ug995_tutorial.gen/sources_1/bd/subsystem_1/ip/subsystem_1_axi_quad_spi_0_0/subsystem_1_axi_quad_spi_0_0.xdc] for cell 'subsystem_1_i/axi_quad_spi_0/U0'
Finished Parsing XDC File [c:/Users/User/vivado/ug995_tutorial/ug995_tutorial.gen/sources_1/bd/subsystem_1/ip/subsystem_1_axi_quad_spi_0_0/subsystem_1_axi_quad_spi_0_0.xdc] for cell 'subsystem_1_i/axi_quad_spi_0/U0'
Parsing XDC File [c:/Users/User/vivado/ug995_tutorial/ug995_tutorial.gen/sources_1/bd/subsystem_1/ip/subsystem_1_axi_iic_0_0/subsystem_1_axi_iic_0_0_board.xdc] for cell 'subsystem_1_i/axi_iic_0/U0'
Finished Parsing XDC File [c:/Users/User/vivado/ug995_tutorial/ug995_tutorial.gen/sources_1/bd/subsystem_1/ip/subsystem_1_axi_iic_0_0/subsystem_1_axi_iic_0_0_board.xdc] for cell 'subsystem_1_i/axi_iic_0/U0'
Parsing XDC File [c:/Users/User/vivado/ug995_tutorial/ug995_tutorial.gen/sources_1/bd/subsystem_1/ip/subsystem_1_axi_uartlite_0_0/subsystem_1_axi_uartlite_0_0_board.xdc] for cell 'subsystem_1_i/axi_uartlite_0/U0'
Finished Parsing XDC File [c:/Users/User/vivado/ug995_tutorial/ug995_tutorial.gen/sources_1/bd/subsystem_1/ip/subsystem_1_axi_uartlite_0_0/subsystem_1_axi_uartlite_0_0_board.xdc] for cell 'subsystem_1_i/axi_uartlite_0/U0'
Parsing XDC File [c:/Users/User/vivado/ug995_tutorial/ug995_tutorial.gen/sources_1/bd/subsystem_1/ip/subsystem_1_axi_intc_0_0/subsystem_1_axi_intc_0_0.xdc] for cell 'subsystem_1_i/axi_intc_0/U0'
Finished Parsing XDC File [c:/Users/User/vivado/ug995_tutorial/ug995_tutorial.gen/sources_1/bd/subsystem_1/ip/subsystem_1_axi_intc_0_0/subsystem_1_axi_intc_0_0.xdc] for cell 'subsystem_1_i/axi_intc_0/U0'
Parsing XDC File [C:/Users/User/vivado/ug995_tutorial/ug995_tutorial.srcs/constrs_1/new/top_ipi.xdc]
Finished Parsing XDC File [C:/Users/User/vivado/ug995_tutorial/ug995_tutorial.srcs/constrs_1/new/top_ipi.xdc]
Parsing XDC File [c:/Users/User/vivado/ug995_tutorial/ug995_tutorial.gen/sources_1/bd/subsystem_1/ip/subsystem_1_axi_quad_spi_0_0/subsystem_1_axi_quad_spi_0_0_clocks.xdc] for cell 'subsystem_1_i/axi_quad_spi_0/U0'
INFO: [Timing 38-35] Done setting XDC timing constraints. [c:/Users/User/vivado/ug995_tutorial/ug995_tutorial.gen/sources_1/bd/subsystem_1/ip/subsystem_1_axi_quad_spi_0_0/subsystem_1_axi_quad_spi_0_0_clocks.xdc:50]
WARNING: [Vivado 12-1008] No clocks found for command 'get_clocks -of_objects [get_ports -scoped_to_current_instance s_axi_aclk]'. [c:/Users/User/vivado/ug995_tutorial/ug995_tutorial.gen/sources_1/bd/subsystem_1/ip/subsystem_1_axi_quad_spi_0_0/subsystem_1_axi_quad_spi_0_0_clocks.xdc:50]
Resolution: Verify the create_clock command was called to create the clock object before it is referenced.
INFO: [Vivado 12-626] No clocks found. Please use 'create_clock' or 'create_generated_clock' command to create clocks. [c:/Users/User/vivado/ug995_tutorial/ug995_tutorial.gen/sources_1/bd/subsystem_1/ip/subsystem_1_axi_quad_spi_0_0/subsystem_1_axi_quad_spi_0_0_clocks.xdc:50]
get_clocks: Time (s): cpu = 00:00:06 ; elapsed = 00:00:06 . Memory (MB): peak = 1726.090 ; gain = 616.590
WARNING: [Vivado 12-1008] No clocks found for command 'get_clocks -of_objects [get_ports -scoped_to_current_instance ext_spi_clk]'. [c:/Users/User/vivado/ug995_tutorial/ug995_tutorial.gen/sources_1/bd/subsystem_1/ip/subsystem_1_axi_quad_spi_0_0/subsystem_1_axi_quad_spi_0_0_clocks.xdc:51]
Resolution: Verify the create_clock command was called to create the clock object before it is referenced.
INFO: [Vivado 12-626] No clocks found. Please use 'create_clock' or 'create_generated_clock' command to create clocks. [c:/Users/User/vivado/ug995_tutorial/ug995_tutorial.gen/sources_1/bd/subsystem_1/ip/subsystem_1_axi_quad_spi_0_0/subsystem_1_axi_quad_spi_0_0_clocks.xdc:51]
Finished Parsing XDC File [c:/Users/User/vivado/ug995_tutorial/ug995_tutorial.gen/sources_1/bd/subsystem_1/ip/subsystem_1_axi_quad_spi_0_0/subsystem_1_axi_quad_spi_0_0_clocks.xdc] for cell 'subsystem_1_i/axi_quad_spi_0/U0'
Parsing XDC File [c:/Users/User/vivado/ug995_tutorial/ug995_tutorial.gen/sources_1/bd/subsystem_1/ip/subsystem_1_axi_intc_0_0/subsystem_1_axi_intc_0_0_clocks.xdc] for cell 'subsystem_1_i/axi_intc_0/U0'
Finished Parsing XDC File [c:/Users/User/vivado/ug995_tutorial/ug995_tutorial.gen/sources_1/bd/subsystem_1/ip/subsystem_1_axi_intc_0_0/subsystem_1_axi_intc_0_0_clocks.xdc] for cell 'subsystem_1_i/axi_intc_0/U0'
INFO: [Project 1-1714] 48 XPM XDC files have been applied to the design.
INFO: [Opt 31-138] Pushed 0 inverter(s) to 0 load pin(s).
Netlist sorting complete. Time (s): cpu = 00:00:00 ; elapsed = 00:00:00.005 . Memory (MB): peak = 1726.090 ; gain = 0.000
INFO: [Project 1-111] Unisim Transformation Summary:
  A total of 11 instances were transformed.
  IOBUF => IOBUF (IBUF, OBUFT): 5 instances
  RAM32M => RAM32M (RAMD32(x6), RAMS32(x2)): 2 instances
  RAM32X1D => RAM32X1D (RAMD32(x2)): 4 instances

26 Infos, 2 Warnings, 0 Critical Warnings and 0 Errors encountered.
link_design completed successfully
link_design: Time (s): cpu = 00:00:13 ; elapsed = 00:00:14 . Memory (MB): peak = 1726.090 ; gain = 1036.492
Command: opt_design
Attempting to get a license for feature 'Implementation' and/or device 'xc7k325t'
INFO: [Common 17-349] Got license for feature 'Implementation' and/or device 'xc7k325t'
Running DRC as a precondition to command opt_design

Starting DRC Task
INFO: [DRC 23-27] Running DRC with 2 threads
INFO: [Project 1-461] DRC finished with 0 Errors
INFO: [Project 1-462] Please refer to the DRC report (report_drc) for more information.

Time (s): cpu = 00:00:01 ; elapsed = 00:00:00.633 . Memory (MB): peak = 1726.090 ; gain = 0.000

Starting Cache Timing Information Task
INFO: [Timing 38-35] Done setting XDC timing constraints.
Ending Cache Timing Information Task | Checksum: 113ee83b9

Time (s): cpu = 00:00:00 ; elapsed = 00:00:00.259 . Memory (MB): peak = 1726.090 ; gain = 0.000

Starting Logic Optimization Task

Phase 1 Initialization

Phase 1.1 Core Generation And Design Setup
Phase 1.1 Core Generation And Design Setup | Checksum: 113ee83b9

Time (s): cpu = 00:00:00 ; elapsed = 00:00:00.017 . Memory (MB): peak = 2156.191 ; gain = 0.000

Phase 1.2 Setup Constraints And Sort Netlist
Phase 1.2 Setup Constraints And Sort Netlist | Checksum: 113ee83b9

Time (s): cpu = 00:00:00 ; elapsed = 00:00:00.025 . Memory (MB): peak = 2156.191 ; gain = 0.000
Phase 1 Initialization | Checksum: 113ee83b9

Time (s): cpu = 00:00:00 ; elapsed = 00:00:00.026 . Memory (MB): peak = 2156.191 ; gain = 0.000

Phase 2 Timer Update And Timing Data Collection

Phase 2.1 Detect if minReqCache needed
Phase 2.1 Detect if minReqCache needed | Checksum: 113ee83b9

Time (s): cpu = 00:00:00 ; elapsed = 00:00:00.070 . Memory (MB): peak = 2156.219 ; gain = 0.027

Phase 2.2 Timer Update
Phase 2.2 Timer Update | Checksum: 113ee83b9

Time (s): cpu = 00:00:00 ; elapsed = 00:00:00.083 . Memory (MB): peak = 2156.219 ; gain = 0.027
Phase 2 Timer Update And Timing Data Collection | Checksum: 113ee83b9

Time (s): cpu = 00:00:00 ; elapsed = 00:00:00.085 . Memory (MB): peak = 2156.219 ; gain = 0.027

Phase 3 Retarget
INFO: [Opt 31-1851] Number of loadless carry chains removed were: 0
INFO: [Opt 31-1834] Total Chains To Be Transformed Were: 0 AND Number of Transformed insts Created are: 0
INFO: [Opt 31-1566] Pulled 5 inverters resulting in an inversion of 30 pins
INFO: [Opt 31-138] Pushed 1 inverter(s) to 4 load pin(s).
INFO: [Opt 31-49] Retargeted 0 cell(s).
Phase 3 Retarget | Checksum: 1c1afe021

Time (s): cpu = 00:00:00 ; elapsed = 00:00:00.292 . Memory (MB): peak = 2156.219 ; gain = 0.027
Retarget | Checksum: 1c1afe021
INFO: [Opt 31-389] Phase Retarget created 21 cells and removed 26 cells
INFO: [Opt 31-1021] In phase Retarget, 5 netlist objects are constrained preventing optimization. Please run opt_design with -debug_log to get more detail. 

Phase 4 Constant propagation
INFO: [Opt 31-138] Pushed 0 inverter(s) to 0 load pin(s).
Phase 4 Constant propagation | Checksum: 18fbac836

Time (s): cpu = 00:00:00 ; elapsed = 00:00:00.448 . Memory (MB): peak = 2156.219 ; gain = 0.027
Constant propagation | Checksum: 18fbac836
INFO: [Opt 31-389] Phase Constant propagation created 33 cells and removed 398 cells

Phase 5 Sweep
INFO: [Constraints 18-11670] Building netlist checker database with flags, 0x8
Done building netlist checker database: Time (s): cpu = 00:00:00 ; elapsed = 00:00:00.006 . Memory (MB): peak = 2156.219 ; gain = 0.000
INFO: [Constraints 18-11670] Building netlist checker database with flags, 0x8
Done building netlist checker database: Time (s): cpu = 00:00:00 ; elapsed = 00:00:00.006 . Memory (MB): peak = 2156.219 ; gain = 0.000
Phase 5 Sweep | Checksum: 1db6cfbe0

Time (s): cpu = 00:00:01 ; elapsed = 00:00:00.952 . Memory (MB): peak = 2156.219 ; gain = 0.027
Sweep | Checksum: 1db6cfbe0
INFO: [Opt 31-389] Phase Sweep created 0 cells and removed 921 cells
INFO: [Opt 31-1021] In phase Sweep, 5 netlist objects are constrained preventing optimization. Please run opt_design with -debug_log to get more detail. 

Phase 6 BUFG optimization
INFO: [Opt 31-194] Inserted BUFG ACLK_IBUF_BUFG_inst to drive 3193 load(s) on clock net ACLK_IBUF_BUFG
INFO: [Opt 31-194] Inserted BUFG ext_spi_clk_IBUF_BUFG_inst to drive 311 load(s) on clock net ext_spi_clk_IBUF_BUFG
INFO: [Opt 31-193] Inserted 2 BUFG(s) on clock nets
Phase 6 BUFG optimization | Checksum: 1da60068c

Time (s): cpu = 00:00:01 ; elapsed = 00:00:01 . Memory (MB): peak = 2156.219 ; gain = 0.027
BUFG optimization | Checksum: 1da60068c
INFO: [Opt 31-662] Phase BUFG optimization created 2 cells of which 2 are BUFGs and removed 0 cells.

Phase 7 Shift Register Optimization
INFO: [Opt 31-1064] SRL Remap converted 0 SRLs to 0 registers and converted 0 registers of register chains to 0 SRLs
Phase 7 Shift Register Optimization | Checksum: 1da60068c

Time (s): cpu = 00:00:01 ; elapsed = 00:00:01 . Memory (MB): peak = 2156.219 ; gain = 0.027
Shift Register Optimization | Checksum: 1da60068c
INFO: [Opt 31-389] Phase Shift Register Optimization created 0 cells and removed 0 cells

Phase 8 Post Processing Netlist
Phase 8 Post Processing Netlist | Checksum: 11406cfdf

Time (s): cpu = 00:00:01 ; elapsed = 00:00:01 . Memory (MB): peak = 2156.219 ; gain = 0.027
Post Processing Netlist | Checksum: 11406cfdf
INFO: [Opt 31-389] Phase Post Processing Netlist created 0 cells and removed 0 cells

Phase 9 Finalization

Phase 9.1 Finalizing Design Cores and Updating Shapes
Phase 9.1 Finalizing Design Cores and Updating Shapes | Checksum: 1bf397c09

Time (s): cpu = 00:00:02 ; elapsed = 00:00:02 . Memory (MB): peak = 2156.219 ; gain = 0.027

Phase 9.2 Verifying Netlist Connectivity

Starting Connectivity Check Task

Time (s): cpu = 00:00:00 ; elapsed = 00:00:00.028 . Memory (MB): peak = 2156.219 ; gain = 0.000
Phase 9.2 Verifying Netlist Connectivity | Checksum: 1bf397c09

Time (s): cpu = 00:00:02 ; elapsed = 00:00:02 . Memory (MB): peak = 2156.219 ; gain = 0.027
Phase 9 Finalization | Checksum: 1bf397c09

Time (s): cpu = 00:00:02 ; elapsed = 00:00:02 . Memory (MB): peak = 2156.219 ; gain = 0.027
Opt_design Change Summary
=========================


-------------------------------------------------------------------------------------------------------------------------
|  Phase                        |  #Cells created  |  #Cells Removed  |  #Constrained objects preventing optimizations  |
-------------------------------------------------------------------------------------------------------------------------
|  Retarget                     |              21  |              26  |                                              5  |
|  Constant propagation         |              33  |             398  |                                              0  |
|  Sweep                        |               0  |             921  |                                              5  |
|  BUFG optimization            |               2  |               0  |                                              0  |
|  Shift Register Optimization  |               0  |               0  |                                              0  |
|  Post Processing Netlist      |               0  |               0  |                                              0  |
-------------------------------------------------------------------------------------------------------------------------


Ending Logic Optimization Task | Checksum: 1bf397c09

Time (s): cpu = 00:00:02 ; elapsed = 00:00:02 . Memory (MB): peak = 2156.219 ; gain = 0.027

Starting Power Optimization Task
INFO: [Pwropt 34-132] Skipping clock gating for clocks with a period < 2.00 ns.
INFO: [Power 33-23] Power model is not available for STARTUP_7SERIES_GEN.STARTUP2_7SERIES_inst
INFO: [Pwropt 34-9] Applying IDT optimizations ...
INFO: [Pwropt 34-10] Applying ODC optimizations ...
INFO: [Timing 38-35] Done setting XDC timing constraints.
WARNING: [Power 33-232] No user defined clocks were found in the design! Power estimation will be inaccurate until this is corrected.
Resolution: Please specify clocks using create_clock/create_generated_clock for sequential elements. For pure combinatorial circuits, please specify a virtual clock, otherwise the vectorless estimation might be inaccurate
Running Vector-less Activity Propagation...

Finished Running Vector-less Activity Propagation


Starting PowerOpt Patch Enables Task
INFO: [Pwropt 34-162] WRITE_MODE attribute of 16 BRAM(s) out of a total of 16 has been updated to save power. Run report_power_opt to get a complete listing of the BRAMs updated.
INFO: [Pwropt 34-201] Structural ODC has moved 0 WE to EN ports
Number of BRAM Ports augmented: 16 newly gated: 0 Total Ports: 32
Ending PowerOpt Patch Enables Task | Checksum: 1b31af049

Time (s): cpu = 00:00:00 ; elapsed = 00:00:00.133 . Memory (MB): peak = 2156.219 ; gain = 0.000
Ending Power Optimization Task | Checksum: 1b31af049

Time (s): cpu = 00:00:05 ; elapsed = 00:00:04 . Memory (MB): peak = 2156.219 ; gain = 0.000

Starting Final Cleanup Task

Starting Logic Optimization Task
INFO: [Timing 38-35] Done setting XDC timing constraints.
Ending Logic Optimization Task | Checksum: 16c10b651

Time (s): cpu = 00:00:00 ; elapsed = 00:00:00.527 . Memory (MB): peak = 2212.508 ; gain = 49.477
Ending Final Cleanup Task | Checksum: 16c10b651

Time (s): cpu = 00:00:04 ; elapsed = 00:00:04 . Memory (MB): peak = 2212.508 ; gain = 56.289
Netlist sorting complete. Time (s): cpu = 00:00:00 ; elapsed = 00:00:00.006 . Memory (MB): peak = 2212.508 ; gain = 0.000
INFO: [Common 17-83] Releasing license: Implementation
60 Infos, 3 Warnings, 0 Critical Warnings and 0 Errors encountered.
opt_design completed successfully
opt_design: Time (s): cpu = 00:00:15 ; elapsed = 00:00:14 . Memory (MB): peak = 2212.508 ; gain = 486.418
INFO: [Vivado 12-24828] Executing command : report_drc -file subsystem_1_wrapper_drc_opted.rpt -pb subsystem_1_wrapper_drc_opted.pb -rpx subsystem_1_wrapper_drc_opted.rpx
Command: report_drc -file subsystem_1_wrapper_drc_opted.rpt -pb subsystem_1_wrapper_drc_opted.pb -rpx subsystem_1_wrapper_drc_opted.rpx
INFO: [IP_Flow 19-1839] IP Catalog is up to date.
INFO: [DRC 23-27] Running DRC with 2 threads
INFO: [Vivado_Tcl 2-168] The results of DRC are in file C:/Users/User/vivado/ug995_tutorial/ug995_tutorial.runs/impl_1/subsystem_1_wrapper_drc_opted.rpt.
report_drc completed successfully
INFO: [Timing 38-480] Writing timing data to binary archive.
Write ShapeDB Complete: Time (s): cpu = 00:00:00 ; elapsed = 00:00:00.016 . Memory (MB): peak = 2212.508 ; gain = 0.000
INFO: [Common 17-1381] The checkpoint 'C:/Users/User/vivado/ug995_tutorial/ug995_tutorial.runs/impl_1/subsystem_1_wrapper_opt.dcp' has been generated.
Command: place_design
Attempting to get a license for feature 'Implementation' and/or device 'xc7k325t'
INFO: [Common 17-349] Got license for feature 'Implementation' and/or device 'xc7k325t'
INFO: [Common 17-83] Releasing license: Implementation
INFO: [DRC 23-27] Running DRC with 2 threads
INFO: [Vivado_Tcl 4-198] DRC finished with 0 Errors
INFO: [Vivado_Tcl 4-199] Please refer to the DRC report (report_drc) for more information.
INFO: [Timing 38-35] Done setting XDC timing constraints.
Running DRC as a precondition to command place_design
INFO: [DRC 23-27] Running DRC with 2 threads
INFO: [Vivado_Tcl 4-198] DRC finished with 0 Errors
INFO: [Vivado_Tcl 4-199] Please refer to the DRC report (report_drc) for more information.
INFO: [Place 30-611] Multithreading enabled for place_design using a maximum of 2 CPUs

Starting Placer Task

Phase 1 Placer Initialization

Phase 1.1 Placer Initialization Netlist Sorting
Netlist sorting complete. Time (s): cpu = 00:00:00 ; elapsed = 00:00:00.006 . Memory (MB): peak = 2212.508 ; gain = 0.000
Phase 1.1 Placer Initialization Netlist Sorting | Checksum: ade73c56

Time (s): cpu = 00:00:00 ; elapsed = 00:00:00.012 . Memory (MB): peak = 2212.508 ; gain = 0.000
Netlist sorting complete. Time (s): cpu = 00:00:00 ; elapsed = 00:00:00.005 . Memory (MB): peak = 2212.508 ; gain = 0.000

Phase 1.2 IO Placement/ Clock Placement/ Build Placer Device
Phase 1.2 IO Placement/ Clock Placement/ Build Placer Device | Checksum: f66b7261

Time (s): cpu = 00:00:07 ; elapsed = 00:00:04 . Memory (MB): peak = 2212.508 ; gain = 0.000

Phase 1.3 Build Placer Netlist Model
Phase 1.3 Build Placer Netlist Model | Checksum: 1430668e5

Time (s): cpu = 00:00:08 ; elapsed = 00:00:06 . Memory (MB): peak = 2212.508 ; gain = 0.000

Phase 1.4 Constrain Clocks/Macros
Phase 1.4 Constrain Clocks/Macros | Checksum: 1430668e5

Time (s): cpu = 00:00:08 ; elapsed = 00:00:06 . Memory (MB): peak = 2212.508 ; gain = 0.000
Phase 1 Placer Initialization | Checksum: 1430668e5

Time (s): cpu = 00:00:08 ; elapsed = 00:00:06 . Memory (MB): peak = 2212.508 ; gain = 0.000

Phase 2 Global Placement

Phase 2.1 Floorplanning
Phase 2.1 Floorplanning | Checksum: 1ab6a6fe3

Time (s): cpu = 00:00:08 ; elapsed = 00:00:06 . Memory (MB): peak = 2212.508 ; gain = 0.000

Phase 2.2 Update Timing before SLR Path Opt
Phase 2.2 Update Timing before SLR Path Opt | Checksum: 1c7973b1d

Time (s): cpu = 00:00:09 ; elapsed = 00:00:06 . Memory (MB): peak = 2212.508 ; gain = 0.000

Phase 2.3 Post-Processing in Floorplanning
Phase 2.3 Post-Processing in Floorplanning | Checksum: 1c7973b1d

Time (s): cpu = 00:00:09 ; elapsed = 00:00:06 . Memory (MB): peak = 2212.508 ; gain = 0.000

Phase 2.4 Global Place Phase1
Phase 2.4 Global Place Phase1 | Checksum: 125c18e71

Time (s): cpu = 00:00:14 ; elapsed = 00:00:10 . Memory (MB): peak = 2212.508 ; gain = 0.000

Phase 2.5 Global Place Phase2

Phase 2.5.1 UpdateTiming Before Physical Synthesis
Phase 2.5.1 UpdateTiming Before Physical Synthesis | Checksum: 125c18e71

Time (s): cpu = 00:00:15 ; elapsed = 00:00:10 . Memory (MB): peak = 2212.508 ; gain = 0.000

Phase 2.5.2 Physical Synthesis In Placer
INFO: [Physopt 32-1035] Found 0 LUTNM shape to break, 163 LUT instances to create LUTNM shape
INFO: [Physopt 32-1044] Break lutnm for timing: one critical 0, two critical 0, total 0, new lutff created 0
INFO: [Physopt 32-1138] End 1 Pass. Optimized 67 nets or LUTs. Breaked 0 LUT, combined 67 existing LUTs and moved 0 existing LUT
INFO: [Physopt 32-65] No nets found for high-fanout optimization.
INFO: [Physopt 32-232] Optimized 0 net. Created 0 new instance.
INFO: [Physopt 32-775] End 1 Pass. Optimized 0 net or cell. Created 0 new cell, deleted 0 existing cell and moved 0 existing cell
INFO: [Physopt 32-670] No setup violation found.  DSP Register Optimization was not performed.
INFO: [Physopt 32-670] No setup violation found.  Shift Register to Pipeline Optimization was not performed.
INFO: [Physopt 32-670] No setup violation found.  Shift Register Optimization was not performed.
INFO: [Physopt 32-670] No setup violation found.  BRAM Register Optimization was not performed.
INFO: [Physopt 32-670] No setup violation found.  URAM Register Optimization was not performed.
INFO: [Physopt 32-949] No candidate nets found for dynamic/static region interface net replication
INFO: [Physopt 32-775] End 1 Pass. Optimized 0 net or cell. Created 0 new cell, deleted 0 existing cell and moved 0 existing cell
Netlist sorting complete. Time (s): cpu = 00:00:00 ; elapsed = 00:00:00.005 . Memory (MB): peak = 2212.508 ; gain = 0.000

Summary of Physical Synthesis Optimizations
============================================


-----------------------------------------------------------------------------------------------------------------------------------------------------------
|  Optimization                                     |  Added Cells  |  Removed Cells  |  Optimized Cells/Nets  |  Dont Touch  |  Iterations  |  Elapsed   |
-----------------------------------------------------------------------------------------------------------------------------------------------------------
|  LUT Combining                                    |            0  |             67  |                    67  |           0  |           1  |  00:00:00  |
|  Retime                                           |            0  |              0  |                     0  |           0  |           1  |  00:00:00  |
|  Very High Fanout                                 |            0  |              0  |                     0  |           0  |           1  |  00:00:00  |
|  DSP Register                                     |            0  |              0  |                     0  |           0  |           0  |  00:00:00  |
|  Shift Register to Pipeline                       |            0  |              0  |                     0  |           0  |           0  |  00:00:00  |
|  Shift Register                                   |            0  |              0  |                     0  |           0  |           0  |  00:00:00  |
|  BRAM Register                                    |            0  |              0  |                     0  |           0  |           0  |  00:00:00  |
|  URAM Register                                    |            0  |              0  |                     0  |           0  |           0  |  00:00:00  |
|  Dynamic/Static Region Interface Net Replication  |            0  |              0  |                     0  |           0  |           1  |  00:00:00  |
|  Total                                            |            0  |             67  |                    67  |           0  |           4  |  00:00:00  |
-----------------------------------------------------------------------------------------------------------------------------------------------------------


Phase 2.5.2 Physical Synthesis In Placer | Checksum: 1a0d3bc74

Time (s): cpu = 00:00:16 ; elapsed = 00:00:11 . Memory (MB): peak = 2212.508 ; gain = 0.000
Phase 2.5 Global Place Phase2 | Checksum: 20eaab508

Time (s): cpu = 00:00:17 ; elapsed = 00:00:11 . Memory (MB): peak = 2212.508 ; gain = 0.000
Phase 2 Global Placement | Checksum: 20eaab508

Time (s): cpu = 00:00:17 ; elapsed = 00:00:11 . Memory (MB): peak = 2212.508 ; gain = 0.000

Phase 3 Detail Placement

Phase 3.1 Commit Multi Column Macros
Phase 3.1 Commit Multi Column Macros | Checksum: 20bba99bc

Time (s): cpu = 00:00:17 ; elapsed = 00:00:11 . Memory (MB): peak = 2212.508 ; gain = 0.000

Phase 3.2 Commit Most Macros & LUTRAMs
Phase 3.2 Commit Most Macros & LUTRAMs | Checksum: 2004862e1

Time (s): cpu = 00:00:17 ; elapsed = 00:00:12 . Memory (MB): peak = 2212.508 ; gain = 0.000

Phase 3.3 Area Swap Optimization
Phase 3.3 Area Swap Optimization | Checksum: 1c87cdead

Time (s): cpu = 00:00:17 ; elapsed = 00:00:12 . Memory (MB): peak = 2212.508 ; gain = 0.000

Phase 3.4 Pipeline Register Optimization
Phase 3.4 Pipeline Register Optimization | Checksum: 1f0a8d4ce

Time (s): cpu = 00:00:17 ; elapsed = 00:00:12 . Memory (MB): peak = 2212.508 ; gain = 0.000

Phase 3.5 Small Shape Detail Placement
Phase 3.5 Small Shape Detail Placement | Checksum: 18d74636d

Time (s): cpu = 00:00:20 ; elapsed = 00:00:15 . Memory (MB): peak = 2212.508 ; gain = 0.000

Phase 3.6 Re-assign LUT pins
Phase 3.6 Re-assign LUT pins | Checksum: 20e70746b

Time (s): cpu = 00:00:21 ; elapsed = 00:00:15 . Memory (MB): peak = 2212.508 ; gain = 0.000

Phase 3.7 Pipeline Register Optimization
Phase 3.7 Pipeline Register Optimization | Checksum: 1c69c6e20

Time (s): cpu = 00:00:21 ; elapsed = 00:00:15 . Memory (MB): peak = 2212.508 ; gain = 0.000
Phase 3 Detail Placement | Checksum: 1c69c6e20

Time (s): cpu = 00:00:21 ; elapsed = 00:00:15 . Memory (MB): peak = 2212.508 ; gain = 0.000

Phase 4 Post Placement Optimization and Clean-Up

Phase 4.1 Post Commit Optimization
INFO: [Timing 38-35] Done setting XDC timing constraints.

Phase 4.1.1 Post Placement Optimization
Post Placement Optimization Initialization | Checksum: 107563a69

Phase 4.1.1.1 BUFG Insertion

Starting Physical Synthesis Task

Phase 1 Physical Synthesis Initialization
INFO: [Physopt 32-721] Multithreading enabled for phys_opt_design using a maximum of 2 CPUs
INFO: [Physopt 32-619] Estimated Timing Summary | WNS=8.923 | TNS=0.000 |
Phase 1 Physical Synthesis Initialization | Checksum: d12283ab

Time (s): cpu = 00:00:00 ; elapsed = 00:00:00.086 . Memory (MB): peak = 2212.508 ; gain = 0.000
INFO: [Place 46-56] BUFG insertion identified 0 candidate nets. Inserted BUFG: 0, Replicated BUFG Driver: 0, Skipped due to Placement/Routing Conflicts: 0, Skipped due to Timing Degradation: 0, Skipped due to netlist editing failed: 0.
Ending Physical Synthesis Task | Checksum: 1b711ffb8

Time (s): cpu = 00:00:00 ; elapsed = 00:00:00.110 . Memory (MB): peak = 2212.508 ; gain = 0.000
Phase 4.1.1.1 BUFG Insertion | Checksum: 107563a69

Time (s): cpu = 00:00:22 ; elapsed = 00:00:17 . Memory (MB): peak = 2212.508 ; gain = 0.000

Phase 4.1.1.2 Post Placement Timing Optimization
INFO: [Place 30-746] Post Placement Timing Summary WNS=8.923. For the most accurate timing information please run report_timing.
Phase 4.1.1.2 Post Placement Timing Optimization | Checksum: 1006c1665

Time (s): cpu = 00:00:22 ; elapsed = 00:00:17 . Memory (MB): peak = 2212.508 ; gain = 0.000

Time (s): cpu = 00:00:22 ; elapsed = 00:00:17 . Memory (MB): peak = 2212.508 ; gain = 0.000
Phase 4.1 Post Commit Optimization | Checksum: 1006c1665

Time (s): cpu = 00:00:22 ; elapsed = 00:00:17 . Memory (MB): peak = 2212.508 ; gain = 0.000

Phase 4.2 Post Placement Cleanup
Phase 4.2 Post Placement Cleanup | Checksum: 1006c1665

Time (s): cpu = 00:00:22 ; elapsed = 00:00:17 . Memory (MB): peak = 2212.508 ; gain = 0.000

Phase 4.3 Placer Reporting

Phase 4.3.1 Print Estimated Congestion
INFO: [Place 30-612] Post-Placement Estimated Congestion 
 ____________________________________________________
|           | Global Congestion | Short Congestion  |
| Direction | Region Size       | Region Size       |
|___________|___________________|___________________|
|      North|                1x1|                1x1|
|___________|___________________|___________________|
|      South|                1x1|                1x1|
|___________|___________________|___________________|
|       East|                1x1|                1x1|
|___________|___________________|___________________|
|       West|                1x1|                1x1|
|___________|___________________|___________________|

Phase 4.3.1 Print Estimated Congestion | Checksum: 1006c1665

Time (s): cpu = 00:00:22 ; elapsed = 00:00:17 . Memory (MB): peak = 2212.508 ; gain = 0.000
Phase 4.3 Placer Reporting | Checksum: 1006c1665

Time (s): cpu = 00:00:23 ; elapsed = 00:00:17 . Memory (MB): peak = 2212.508 ; gain = 0.000

Phase 4.4 Final Placement Cleanup
Netlist sorting complete. Time (s): cpu = 00:00:00 ; elapsed = 00:00:00.008 . Memory (MB): peak = 2212.508 ; gain = 0.000

Time (s): cpu = 00:00:23 ; elapsed = 00:00:17 . Memory (MB): peak = 2212.508 ; gain = 0.000
Phase 4 Post Placement Optimization and Clean-Up | Checksum: 1a3a78d8b

Time (s): cpu = 00:00:23 ; elapsed = 00:00:17 . Memory (MB): peak = 2212.508 ; gain = 0.000
Ending Placer Task | Checksum: 19c23fce3

Time (s): cpu = 00:00:23 ; elapsed = 00:00:17 . Memory (MB): peak = 2212.508 ; gain = 0.000
95 Infos, 3 Warnings, 0 Critical Warnings and 0 Errors encountered.
place_design completed successfully
place_design: Time (s): cpu = 00:00:24 ; elapsed = 00:00:19 . Memory (MB): peak = 2212.508 ; gain = 0.000
INFO: [Vivado 12-24838] Running report commands "report_control_sets, report_io, report_utilization" in parallel.
Running report generation with 2 threads.
INFO: [Vivado 12-24828] Executing command : report_utilization -file subsystem_1_wrapper_utilization_placed.rpt -pb subsystem_1_wrapper_utilization_placed.pb
INFO: [Vivado 12-24828] Executing command : report_control_sets -verbose -file subsystem_1_wrapper_control_sets_placed.rpt
report_control_sets: Time (s): cpu = 00:00:00 ; elapsed = 00:00:00.054 . Memory (MB): peak = 2212.508 ; gain = 0.000
INFO: [Vivado 12-24828] Executing command : report_io -file subsystem_1_wrapper_io_placed.rpt
report_io: Time (s): cpu = 00:00:00 ; elapsed = 00:00:00.427 . Memory (MB): peak = 2212.508 ; gain = 0.000
INFO: [Timing 38-480] Writing timing data to binary archive.
Wrote PlaceDB: Time (s): cpu = 00:00:00 ; elapsed = 00:00:00 . Memory (MB): peak = 2212.508 ; gain = 0.000
Wrote PulsedLatchDB: Time (s): cpu = 00:00:00 ; elapsed = 00:00:00 . Memory (MB): peak = 2212.508 ; gain = 0.000
Writing XDEF routing.
Writing XDEF routing logical nets.
Writing XDEF routing special nets.
Wrote RouteStorage: Time (s): cpu = 00:00:01 ; elapsed = 00:00:00.030 . Memory (MB): peak = 2212.508 ; gain = 0.000
Write ShapeDB Complete: Time (s): cpu = 00:00:01 ; elapsed = 00:00:00.035 . Memory (MB): peak = 2212.508 ; gain = 0.000
Wrote PlaceStorage: Time (s): cpu = 00:00:01 ; elapsed = 00:00:00.403 . Memory (MB): peak = 2212.508 ; gain = 0.000
Wrote Netlist Cache: Time (s): cpu = 00:00:00 ; elapsed = 00:00:00.015 . Memory (MB): peak = 2212.508 ; gain = 0.000
Wrote Device Cache: Time (s): cpu = 00:00:00 ; elapsed = 00:00:00.012 . Memory (MB): peak = 2212.508 ; gain = 0.000
Write Physdb Complete: Time (s): cpu = 00:00:02 ; elapsed = 00:00:00.476 . Memory (MB): peak = 2212.508 ; gain = 0.000
INFO: [Common 17-1381] The checkpoint 'C:/Users/User/vivado/ug995_tutorial/ug995_tutorial.runs/impl_1/subsystem_1_wrapper_placed.dcp' has been generated.
Command: phys_opt_design
Attempting to get a license for feature 'Implementation' and/or device 'xc7k325t'
INFO: [Common 17-349] Got license for feature 'Implementation' and/or device 'xc7k325t'

Starting Initial Update Timing Task

Time (s): cpu = 00:00:00 ; elapsed = 00:00:00.321 . Memory (MB): peak = 2212.508 ; gain = 0.000
INFO: [Vivado_Tcl 4-2279] Estimated Timing Summary | WNS= 8.923 | TNS= 0.000 | 
INFO: [Vivado_Tcl 4-383] Design worst setup slack (WNS) is greater than or equal to 0.000 ns. All physical synthesis setup optimizations will be skipped.
INFO: [Vivado_Tcl 4-232] No setup violation found. The netlist was not modified.
INFO: [Common 17-83] Releasing license: Implementation
106 Infos, 3 Warnings, 0 Critical Warnings and 0 Errors encountered.
phys_opt_design completed successfully
INFO: [Timing 38-480] Writing timing data to binary archive.
Wrote PlaceDB: Time (s): cpu = 00:00:00 ; elapsed = 00:00:00 . Memory (MB): peak = 2212.508 ; gain = 0.000
Wrote PulsedLatchDB: Time (s): cpu = 00:00:00 ; elapsed = 00:00:00 . Memory (MB): peak = 2212.508 ; gain = 0.000
Writing XDEF routing.
Writing XDEF routing logical nets.
Write ShapeDB Complete: Time (s): cpu = 00:00:00 ; elapsed = 00:00:00.044 . Memory (MB): peak = 2212.508 ; gain = 0.000
Writing XDEF routing special nets.
Wrote RouteStorage: Time (s): cpu = 00:00:00 ; elapsed = 00:00:00.046 . Memory (MB): peak = 2212.508 ; gain = 0.000
Wrote PlaceStorage: Time (s): cpu = 00:00:03 ; elapsed = 00:00:00.778 . Memory (MB): peak = 2212.508 ; gain = 0.000
Wrote Netlist Cache: Time (s): cpu = 00:00:00 ; elapsed = 00:00:00.018 . Memory (MB): peak = 2212.508 ; gain = 0.000
Wrote Device Cache: Time (s): cpu = 00:00:00 ; elapsed = 00:00:00.014 . Memory (MB): peak = 2212.508 ; gain = 0.000
Write Physdb Complete: Time (s): cpu = 00:00:03 ; elapsed = 00:00:00.880 . Memory (MB): peak = 2212.508 ; gain = 0.000
INFO: [Common 17-1381] The checkpoint 'C:/Users/User/vivado/ug995_tutorial/ug995_tutorial.runs/impl_1/subsystem_1_wrapper_physopt.dcp' has been generated.
Command: route_design
Attempting to get a license for feature 'Implementation' and/or device 'xc7k325t'
INFO: [Common 17-349] Got license for feature 'Implementation' and/or device 'xc7k325t'


Starting Routing Task
INFO: [Route 35-254] Multithreading enabled for route_design using a maximum of 2 CPUs

Phase 1 Build RT Design
Checksum: PlaceDB: cbe1b669 ConstDB: 0 ShapeSum: a7c6cc2a RouteDB: 287b7a50
Post Restoration Checksum: NetGraph: 43ac1d10 | NumContArr: f8be0891 | Constraints: c2a8fa9d | Timing: c2a8fa9d
Phase 1 Build RT Design | Checksum: 2c1bc1adb

Time (s): cpu = 00:00:51 ; elapsed = 00:00:37 . Memory (MB): peak = 2318.145 ; gain = 105.637

Phase 2 Router Initialization

Phase 2.1 Fix Topology Constraints
Phase 2.1 Fix Topology Constraints | Checksum: 2c1bc1adb

Time (s): cpu = 00:00:51 ; elapsed = 00:00:37 . Memory (MB): peak = 2318.145 ; gain = 105.637

Phase 2.2 Pre Route Cleanup
Phase 2.2 Pre Route Cleanup | Checksum: 2c1bc1adb

Time (s): cpu = 00:00:51 ; elapsed = 00:00:37 . Memory (MB): peak = 2318.145 ; gain = 105.637
 Number of Nodes with overlaps = 0

Phase 2.3 Update Timing
Phase 2.3 Update Timing | Checksum: 2efb2526c

Time (s): cpu = 00:00:54 ; elapsed = 00:00:39 . Memory (MB): peak = 2364.562 ; gain = 152.055
INFO: [Route 35-416] Intermediate Timing Summary | WNS=8.885  | TNS=0.000  | WHS=N/A    | THS=N/A    |


Phase 2.4 Update Timing for Bus Skew

Phase 2.4.1 Update Timing
Phase 2.4.1 Update Timing | Checksum: 310d8c8ea

Time (s): cpu = 00:00:55 ; elapsed = 00:00:39 . Memory (MB): peak = 2364.562 ; gain = 152.055
INFO: [Route 35-416] Intermediate Timing Summary | WNS=8.885  | TNS=0.000  | WHS=N/A    | THS=N/A    |

Phase 2.4 Update Timing for Bus Skew | Checksum: 310d8c8ea

Time (s): cpu = 00:00:55 ; elapsed = 00:00:39 . Memory (MB): peak = 2364.562 ; gain = 152.055

Phase 2.5 Soft Constraint Pins - Fast Budgeting
Phase 2.5 Soft Constraint Pins - Fast Budgeting | Checksum: 310d8c8ea

Time (s): cpu = 00:00:55 ; elapsed = 00:00:39 . Memory (MB): peak = 2373.430 ; gain = 160.922

Router Utilization Summary
  Global Vertical Routing Utilization    = 0 %
  Global Horizontal Routing Utilization  = 0 %
  Routable Net Status*
  *Does not include unroutable nets such as driverless and loadless.
  Run report_route_status for detailed report.
  Number of Failed Nets               = 5384
    (Failed Nets is the sum of unrouted and partially routed nets)
  Number of Unrouted Nets             = 5384
  Number of Partially Routed Nets     = 0
  Number of Node Overlaps             = 0

Phase 2 Router Initialization | Checksum: 310d8c8ea

Time (s): cpu = 00:00:56 ; elapsed = 00:00:40 . Memory (MB): peak = 2375.562 ; gain = 163.055

Phase 3 Global Routing
Phase 3 Global Routing | Checksum: 310d8c8ea

Time (s): cpu = 00:00:56 ; elapsed = 00:00:40 . Memory (MB): peak = 2375.562 ; gain = 163.055

Phase 4 Initial Routing

Phase 4.1 Initial Net Routing Pass
Phase 4.1 Initial Net Routing Pass | Checksum: 2a09a9fd2

Time (s): cpu = 00:00:58 ; elapsed = 00:00:41 . Memory (MB): peak = 2375.562 ; gain = 163.055
Phase 4 Initial Routing | Checksum: 2a09a9fd2

Time (s): cpu = 00:00:58 ; elapsed = 00:00:41 . Memory (MB): peak = 2375.562 ; gain = 163.055

Phase 5 Rip-up And Reroute

Phase 5.1 Global Iteration 0

Phase 5.1.1 Update Timing
Phase 5.1.1 Update Timing | Checksum: 2f18a119b

Time (s): cpu = 00:00:58 ; elapsed = 00:00:41 . Memory (MB): peak = 2375.562 ; gain = 163.055
WARNING: [Route 35-447] Congestion is preventing the router from routing all nets. The router will prioritize the successful completion of routing all nets over timing optimizations.
Phase 5.1 Global Iteration 0 | Checksum: 24c99968f

Time (s): cpu = 00:00:58 ; elapsed = 00:00:41 . Memory (MB): peak = 2375.562 ; gain = 163.055

Phase 5.2 Global Iteration 1
 Number of Nodes with overlaps = 338
 Number of Nodes with overlaps = 0
INFO: [Route 35-416] Intermediate Timing Summary | WNS=8.801  | TNS=0.000  | WHS=N/A    | THS=N/A    |

Phase 5.2 Global Iteration 1 | Checksum: 27b4904d5

Time (s): cpu = 00:01:00 ; elapsed = 00:00:43 . Memory (MB): peak = 2375.562 ; gain = 163.055
Phase 5 Rip-up And Reroute | Checksum: 27b4904d5

Time (s): cpu = 00:01:00 ; elapsed = 00:00:43 . Memory (MB): peak = 2375.562 ; gain = 163.055

Phase 6 Delay and Skew Optimization

Phase 6.1 Delay CleanUp
Phase 6.1 Delay CleanUp | Checksum: 27b4904d5

Time (s): cpu = 00:01:00 ; elapsed = 00:00:43 . Memory (MB): peak = 2375.562 ; gain = 163.055

Phase 6.2 Clock Skew Optimization
Phase 6.2 Clock Skew Optimization | Checksum: 27b4904d5

Time (s): cpu = 00:01:00 ; elapsed = 00:00:43 . Memory (MB): peak = 2375.562 ; gain = 163.055
Phase 6 Delay and Skew Optimization | Checksum: 27b4904d5

Time (s): cpu = 00:01:00 ; elapsed = 00:00:43 . Memory (MB): peak = 2375.562 ; gain = 163.055

Phase 7 Post Hold Fix

Phase 7.1 Hold Fix Iter
INFO: [Route 35-416] Intermediate Timing Summary | WNS=8.801  | TNS=0.000  | WHS=N/A    | THS=N/A    |

Phase 7.1 Hold Fix Iter | Checksum: 27b4904d5

Time (s): cpu = 00:01:00 ; elapsed = 00:00:43 . Memory (MB): peak = 2375.562 ; gain = 163.055
Phase 7 Post Hold Fix | Checksum: 27b4904d5

Time (s): cpu = 00:01:00 ; elapsed = 00:00:43 . Memory (MB): peak = 2375.562 ; gain = 163.055

Phase 8 Route finalize

Router Utilization Summary
  Global Vertical Routing Utilization    = 0.33915 %
  Global Horizontal Routing Utilization  = 0.3195 %
  Routable Net Status*
  *Does not include unroutable nets such as driverless and loadless.
  Run report_route_status for detailed report.
  Number of Failed Nets               = 0
    (Failed Nets is the sum of unrouted and partially routed nets)
  Number of Unrouted Nets             = 0
  Number of Partially Routed Nets     = 0
  Number of Node Overlaps             = 0

Phase 8 Route finalize | Checksum: 27b4904d5

Time (s): cpu = 00:01:01 ; elapsed = 00:00:43 . Memory (MB): peak = 2375.562 ; gain = 163.055

Phase 9 Verifying routed nets

 Verification completed successfully
Phase 9 Verifying routed nets | Checksum: 27b4904d5

Time (s): cpu = 00:01:01 ; elapsed = 00:00:43 . Memory (MB): peak = 2375.562 ; gain = 163.055

Phase 10 Depositing Routes
Phase 10 Depositing Routes | Checksum: 1d8d83ccb

Time (s): cpu = 00:01:02 ; elapsed = 00:00:44 . Memory (MB): peak = 2375.562 ; gain = 163.055

Phase 11 Post Process Routing
Phase 11 Post Process Routing | Checksum: 1d8d83ccb

Time (s): cpu = 00:01:02 ; elapsed = 00:00:44 . Memory (MB): peak = 2375.562 ; gain = 163.055

Phase 12 Post Router Timing
INFO: [Route 35-57] Estimated Timing Summary | WNS=8.801  | TNS=0.000  | WHS=N/A    | THS=N/A    |

INFO: [Route 35-327] The final timing numbers are based on the router estimated timing analysis. For a complete and accurate timing signoff, please run report_timing_summary.
Phase 12 Post Router Timing | Checksum: 1d8d83ccb

Time (s): cpu = 00:01:02 ; elapsed = 00:00:44 . Memory (MB): peak = 2375.562 ; gain = 163.055
Total Elapsed time in route_design: 43.903 secs

Phase 13 Post-Route Event Processing
Phase 13 Post-Route Event Processing | Checksum: 2236cf70d

Time (s): cpu = 00:01:02 ; elapsed = 00:00:44 . Memory (MB): peak = 2375.562 ; gain = 163.055
INFO: [Route 35-16] Router Completed Successfully
Ending Routing Task | Checksum: 2236cf70d

Time (s): cpu = 00:01:02 ; elapsed = 00:00:44 . Memory (MB): peak = 2375.562 ; gain = 163.055

Routing Is Done.
INFO: [Common 17-83] Releasing license: Implementation
118 Infos, 4 Warnings, 0 Critical Warnings and 0 Errors encountered.
route_design completed successfully
route_design: Time (s): cpu = 00:01:02 ; elapsed = 00:00:44 . Memory (MB): peak = 2375.562 ; gain = 163.055
INFO: [Vivado 12-24828] Executing command : report_drc -file subsystem_1_wrapper_drc_routed.rpt -pb subsystem_1_wrapper_drc_routed.pb -rpx subsystem_1_wrapper_drc_routed.rpx
Command: report_drc -file subsystem_1_wrapper_drc_routed.rpt -pb subsystem_1_wrapper_drc_routed.pb -rpx subsystem_1_wrapper_drc_routed.rpx
INFO: [IP_Flow 19-1839] IP Catalog is up to date.
INFO: [DRC 23-27] Running DRC with 2 threads
INFO: [Vivado_Tcl 2-168] The results of DRC are in file C:/Users/User/vivado/ug995_tutorial/ug995_tutorial.runs/impl_1/subsystem_1_wrapper_drc_routed.rpt.
report_drc completed successfully
INFO: [Vivado 12-24828] Executing command : report_methodology -file subsystem_1_wrapper_methodology_drc_routed.rpt -pb subsystem_1_wrapper_methodology_drc_routed.pb -rpx subsystem_1_wrapper_methodology_drc_routed.rpx
Command: report_methodology -file subsystem_1_wrapper_methodology_drc_routed.rpt -pb subsystem_1_wrapper_methodology_drc_routed.pb -rpx subsystem_1_wrapper_methodology_drc_routed.rpx
INFO: [Timing 38-35] Done setting XDC timing constraints.
INFO: [DRC 23-133] Running Methodology with 2 threads
INFO: [Vivado_Tcl 2-1520] The results of Report Methodology are in file C:/Users/User/vivado/ug995_tutorial/ug995_tutorial.runs/impl_1/subsystem_1_wrapper_methodology_drc_routed.rpt.
report_methodology completed successfully
INFO: [Vivado 12-24828] Executing command : report_timing_summary -max_paths 10 -routable_nets -report_unconstrained -file subsystem_1_wrapper_timing_summary_routed.rpt -pb subsystem_1_wrapper_timing_summary_routed.pb -rpx subsystem_1_wrapper_timing_summary_routed.rpx -warn_on_violation 
INFO: [Timing 38-35] Done setting XDC timing constraints.
INFO: [Timing 38-91] UpdateTimingParams: Speed grade: -2, Delay Type: min_max.
INFO: [Timing 38-191] Multithreading enabled for timing update using a maximum of 2 CPUs
WARNING: [Timing 38-436] There are set_bus_skew constraint(s) in this design. Please run report_bus_skew to ensure that bus skew requirements are met.
INFO: [Vivado 12-24838] Running report commands "report_incremental_reuse, report_route_status" in parallel.
Running report generation with 2 threads.
INFO: [Vivado 12-24828] Executing command : report_incremental_reuse -file subsystem_1_wrapper_incremental_reuse_routed.rpt
INFO: [Vivado_Tcl 4-1062] Incremental flow is disabled. No incremental reuse Info to report.
INFO: [Vivado 12-24828] Executing command : report_route_status -file subsystem_1_wrapper_route_status.rpt -pb subsystem_1_wrapper_route_status.pb
INFO: [Vivado 12-24828] Executing command : report_power -file subsystem_1_wrapper_power_routed.rpt -pb subsystem_1_wrapper_power_summary_routed.pb -rpx subsystem_1_wrapper_power_routed.rpx
Command: report_power -file subsystem_1_wrapper_power_routed.rpt -pb subsystem_1_wrapper_power_summary_routed.pb -rpx subsystem_1_wrapper_power_routed.rpx
INFO: [Power 33-23] Power model is not available for STARTUP_7SERIES_GEN.STARTUP2_7SERIES_inst
WARNING: [Power 33-232] No user defined clocks were found in the design! Power estimation will be inaccurate until this is corrected.
Resolution: Please specify clocks using create_clock/create_generated_clock for sequential elements. For pure combinatorial circuits, please specify a virtual clock, otherwise the vectorless estimation might be inaccurate
Running Vector-less Activity Propagation...

Finished Running Vector-less Activity Propagation
136 Infos, 6 Warnings, 0 Critical Warnings and 0 Errors encountered.
report_power completed successfully
INFO: [Vivado 12-24828] Executing command : report_clock_utilization -file subsystem_1_wrapper_clock_utilization_routed.rpt
INFO: [Vivado 12-24828] Executing command : report_bus_skew -warn_on_violation -file subsystem_1_wrapper_bus_skew_routed.rpt -pb subsystem_1_wrapper_bus_skew_routed.pb -rpx subsystem_1_wrapper_bus_skew_routed.rpx
INFO: [Timing 38-91] UpdateTimingParams: Speed grade: -2, Delay Type: min_max.
INFO: [Timing 38-191] Multithreading enabled for timing update using a maximum of 2 CPUs
generate_parallel_reports: Time (s): cpu = 00:00:14 ; elapsed = 00:00:10 . Memory (MB): peak = 2375.562 ; gain = 0.000
INFO: [Timing 38-480] Writing timing data to binary archive.
Wrote PlaceDB: Time (s): cpu = 00:00:00 ; elapsed = 00:00:00 . Memory (MB): peak = 2375.562 ; gain = 0.000
Wrote PulsedLatchDB: Time (s): cpu = 00:00:00 ; elapsed = 00:00:00 . Memory (MB): peak = 2375.562 ; gain = 0.000
Writing XDEF routing.
Writing XDEF routing logical nets.
Write ShapeDB Complete: Time (s): cpu = 00:00:00 ; elapsed = 00:00:00.029 . Memory (MB): peak = 2375.562 ; gain = 0.000
Writing XDEF routing special nets.
Wrote RouteStorage: Time (s): cpu = 00:00:01 ; elapsed = 00:00:00.133 . Memory (MB): peak = 2375.562 ; gain = 0.000
Wrote PlaceStorage: Time (s): cpu = 00:00:01 ; elapsed = 00:00:00.319 . Memory (MB): peak = 2375.562 ; gain = 0.000
Wrote Netlist Cache: Time (s): cpu = 00:00:00 ; elapsed = 00:00:00.008 . Memory (MB): peak = 2375.562 ; gain = 0.000
Wrote Device Cache: Time (s): cpu = 00:00:00 ; elapsed = 00:00:00.009 . Memory (MB): peak = 2375.562 ; gain = 0.000
Write Physdb Complete: Time (s): cpu = 00:00:02 ; elapsed = 00:00:00.487 . Memory (MB): peak = 2375.562 ; gain = 0.000
INFO: [Common 17-1381] The checkpoint 'C:/Users/User/vivado/ug995_tutorial/ug995_tutorial.runs/impl_1/subsystem_1_wrapper_routed.dcp' has been generated.
INFO: [Memdata 28-167] Found XPM memory block subsystem_1_i/axi_quad_spi_0/U0/NO_DUAL_QUAD_MODE.QSPI_NORMAL/QSPI_LEGACY_MD_GEN.QSPI_CORE_INTERFACE_I/FIFO_EXISTS.TX_FIFO_II/gnuram_async_fifo.xpm_fifo_base_inst/gen_sdpram.xpm_memory_base_inst with a P_MEMORY_PRIMITIVE property set to auto. A value of block is required. You will not be able to use the updatemem program to update the bitstream with new data for the subsystem_1_i/axi_quad_spi_0/U0/NO_DUAL_QUAD_MODE.QSPI_NORMAL/QSPI_LEGACY_MD_GEN.QSPI_CORE_INTERFACE_I/FIFO_EXISTS.TX_FIFO_II/gnuram_async_fifo.xpm_fifo_base_inst/gen_sdpram.xpm_memory_base_inst block.
INFO: [Memdata 28-167] Found XPM memory block subsystem_1_i/axi_quad_spi_0/U0/NO_DUAL_QUAD_MODE.QSPI_NORMAL/QSPI_LEGACY_MD_GEN.QSPI_CORE_INTERFACE_I/FIFO_EXISTS.RX_FIFO_II/gnuram_async_fifo.xpm_fifo_base_inst/gen_sdpram.xpm_memory_base_inst with a P_MEMORY_PRIMITIVE property set to auto. A value of block is required. You will not be able to use the updatemem program to update the bitstream with new data for the subsystem_1_i/axi_quad_spi_0/U0/NO_DUAL_QUAD_MODE.QSPI_NORMAL/QSPI_LEGACY_MD_GEN.QSPI_CORE_INTERFACE_I/FIFO_EXISTS.RX_FIFO_II/gnuram_async_fifo.xpm_fifo_base_inst/gen_sdpram.xpm_memory_base_inst block.
Command: write_bitstream -force subsystem_1_wrapper.bit
Attempting to get a license for feature 'Implementation' and/or device 'xc7k325t'
INFO: [Common 17-349] Got license for feature 'Implementation' and/or device 'xc7k325t'
Running DRC as a precondition to command write_bitstream
INFO: [IP_Flow 19-1839] IP Catalog is up to date.
INFO: [DRC 23-27] Running DRC with 2 threads
ERROR: [DRC NSTD-1] Unspecified I/O Standard: 185 out of 185 logical ports use I/O standard (IOSTANDARD) value 'DEFAULT', instead of a user assigned specific value. This may cause I/O contention or incompatibility with the board power or connectivity affecting performance, signal integrity or in extreme cases cause damage to the device or the components to which it is connected. To correct this violation, specify all I/O standards. This design will fail to generate a bitstream unless all logical ports have a user specified I/O standard value defined. To allow bitstream creation with unspecified I/O standard values (not recommended), use this command: set_property SEVERITY {Warning} [get_drc_checks NSTD-1].  NOTE: When using the Vivado Runs infrastructure (e.g. launch_runs Tcl command), add this command to a .tcl file and add that file as a pre-hook for write_bitstream step for the implementation run. Problem ports: uart_rtl_0_rxd, uart_rtl_0_txd, spi_rtl_0_ss_io[0], spi_rtl_0_io0_io, spi_rtl_0_io1_io, interrupt_0_interrupt, iic_rtl_0_scl_io, iic_rtl_0_sda_io, S00_AXI_bready[0], S00_AXI_araddr[31:0], S00_AXI_wstrb[3:0], S00_AXI_arburst[1:0], S00_AXI_arready[0], S00_AXI_arlen[7:0], S00_AXI_bresp[1:0]... and (the first 15 of 36 listed).
ERROR: [DRC UCIO-1] Unconstrained Logical Port: 185 out of 185 logical ports have no user assigned specific location constraint (LOC). This may cause I/O contention or incompatibility with the board power or connectivity affecting performance, signal integrity or in extreme cases cause damage to the device or the components to which it is connected. To correct this violation, specify all pin locations. This design will fail to generate a bitstream unless all logical ports have a user specified site LOC constraint defined.  To allow bitstream creation with unspecified pin locations (not recommended), use this command: set_property SEVERITY {Warning} [get_drc_checks UCIO-1].  NOTE: When using the Vivado Runs infrastructure (e.g. launch_runs Tcl command), add this command to a .tcl file and add that file as a pre-hook for write_bitstream step for the implementation run.  Problem ports: uart_rtl_0_rxd, uart_rtl_0_txd, spi_rtl_0_ss_io[0], spi_rtl_0_io0_io, spi_rtl_0_io1_io, interrupt_0_interrupt, iic_rtl_0_scl_io, iic_rtl_0_sda_io, S00_AXI_bready[0], S00_AXI_araddr[31:0], S00_AXI_wstrb[3:0], S00_AXI_arburst[1:0], S00_AXI_arready[0], S00_AXI_arlen[7:0], S00_AXI_bresp[1:0]... and (the first 15 of 36 listed).
INFO: [Vivado 12-3199] DRC finished with 2 Errors
INFO: [Vivado 12-3200] Please refer to the DRC report (report_drc) for more information.
ERROR: [Vivado 12-1345] Error(s) found during DRC. Bitgen not run.
INFO: [Common 17-83] Releasing license: Implementation
150 Infos, 6 Warnings, 0 Critical Warnings and 3 Errors encountered.
write_bitstream failed
ERROR: [Common 17-39] 'write_bitstream' failed due to earlier errors.

INFO: [Common 17-206] Exiting Vivado at Mon Jan 19 11:50:37 2026...

*** Running vivado
    with args -log subsystem_1_wrapper.vdi -applog -m64 -product Vivado -messageDb vivado.pb -mode batch -source subsystem_1_wrapper.tcl -notrace



****** Vivado v2025.2 (64-bit)
  **** SW Build 6299465 on Fri Nov 14 19:35:11 GMT 2025
  **** IP Build 6300035 on Fri Nov 14 10:48:45 MST 2025
  **** SharedData Build 6298862 on Thu Nov 13 04:50:51 MST 2025
  **** Start of session at: Mon Jan 19 13:03:56 2026
    ** Copyright 1986-2022 Xilinx, Inc. All Rights Reserved.
    ** Copyright 2022-2025 Advanced Micro Devices, Inc. All Rights Reserved.

source subsystem_1_wrapper.tcl -notrace
Command: open_checkpoint subsystem_1_wrapper_routed.dcp
INFO: [Device 21-403] Loading part xc7k325tffg900-2
Netlist sorting complete. Time (s): cpu = 00:00:00 ; elapsed = 00:00:00.212 . Memory (MB): peak = 938.965 ; gain = 0.000
INFO: [Netlist 29-17] Analyzing 141 Unisim elements for replacement
INFO: [Netlist 29-28] Unisim Transformation completed in 0 CPU seconds
INFO: [Project 1-479] Netlist was created with Vivado 2025.2
INFO: [Project 1-570] Preparing netlist for logic optimization
Read ShapeDB Complete: Time (s): cpu = 00:00:00 ; elapsed = 00:00:00.027 . Memory (MB): peak = 1047.730 ; gain = 1.969
INFO: [Timing 38-478] Restoring timing data from binary archive.
INFO: [Timing 38-479] Binary timing data restore complete.
INFO: [Project 1-856] Restoring constraints from binary archive.
INFO: [Project 1-853] Binary constraint restore complete.
INFO: [Designutils 20-5722] Start Reading Physical Databases.
Reading placement.
Read Netlist Cache: Time (s): cpu = 00:00:00 ; elapsed = 00:00:00.005 . Memory (MB): peak = 1705.641 ; gain = 0.000
Reading placer database...
Read Device Cache: Time (s): cpu = 00:00:00 ; elapsed = 00:00:00.007 . Memory (MB): peak = 1705.641 ; gain = 0.000
Read PlaceDB: Time (s): cpu = 00:00:00 ; elapsed = 00:00:00 . Memory (MB): peak = 1705.641 ; gain = 0.000
Read placeStorage: Time (s): cpu = 00:00:00 ; elapsed = 00:00:00.147 . Memory (MB): peak = 1705.641 ; gain = 0.000
Read PulsedLatchDB: Time (s): cpu = 00:00:00 ; elapsed = 00:00:00 . Memory (MB): peak = 1705.641 ; gain = 0.000
Reading routing.
Read RouteStorage: Time (s): cpu = 00:00:00 ; elapsed = 00:00:00.074 . Memory (MB): peak = 1705.641 ; gain = 0.000
Read Physdb Files: Time (s): cpu = 00:00:00 ; elapsed = 00:00:00.246 . Memory (MB): peak = 1705.641 ; gain = 0.000
Restored from archive | CPU: 0.000000 secs | Memory: 0.000000 MB |
Finished XDEF File Restore: Time (s): cpu = 00:00:00 ; elapsed = 00:00:00.300 . Memory (MB): peak = 1705.641 ; gain = 12.156
Netlist sorting complete. Time (s): cpu = 00:00:00 ; elapsed = 00:00:00.005 . Memory (MB): peak = 1705.641 ; gain = 0.000
INFO: [Project 1-111] Unisim Transformation Summary:
  A total of 14 instances were transformed.
  IOBUF => IOBUF (IBUF, OBUFT): 5 instances
  RAM32M => RAM32M (RAMD32(x6), RAMS32(x2)): 2 instances
  RAM32X1D => RAM32X1D (RAMD32(x2)): 4 instances
  SRLC32E => SRL16E: 3 instances

INFO: [Project 1-604] Checkpoint was created with Vivado v2025.2 (64-bit) build 6299465
WARNING: [Vivado 12-23575] Critical violations of the methodology design rules detected. Critical violations may contribute to timing failures or cause functional issues in hardware. Run report_methodology for more information.
open_checkpoint: Time (s): cpu = 00:00:20 ; elapsed = 00:00:20 . Memory (MB): peak = 1705.641 ; gain = 1262.059
INFO: [Memdata 28-167] Found XPM memory block subsystem_1_i/axi_quad_spi_0/U0/NO_DUAL_QUAD_MODE.QSPI_NORMAL/QSPI_LEGACY_MD_GEN.QSPI_CORE_INTERFACE_I/FIFO_EXISTS.TX_FIFO_II/gnuram_async_fifo.xpm_fifo_base_inst/gen_sdpram.xpm_memory_base_inst with a P_MEMORY_PRIMITIVE property set to auto. A value of block is required. You will not be able to use the updatemem program to update the bitstream with new data for the subsystem_1_i/axi_quad_spi_0/U0/NO_DUAL_QUAD_MODE.QSPI_NORMAL/QSPI_LEGACY_MD_GEN.QSPI_CORE_INTERFACE_I/FIFO_EXISTS.TX_FIFO_II/gnuram_async_fifo.xpm_fifo_base_inst/gen_sdpram.xpm_memory_base_inst block.
INFO: [Memdata 28-167] Found XPM memory block subsystem_1_i/axi_quad_spi_0/U0/NO_DUAL_QUAD_MODE.QSPI_NORMAL/QSPI_LEGACY_MD_GEN.QSPI_CORE_INTERFACE_I/FIFO_EXISTS.RX_FIFO_II/gnuram_async_fifo.xpm_fifo_base_inst/gen_sdpram.xpm_memory_base_inst with a P_MEMORY_PRIMITIVE property set to auto. A value of block is required. You will not be able to use the updatemem program to update the bitstream with new data for the subsystem_1_i/axi_quad_spi_0/U0/NO_DUAL_QUAD_MODE.QSPI_NORMAL/QSPI_LEGACY_MD_GEN.QSPI_CORE_INTERFACE_I/FIFO_EXISTS.RX_FIFO_II/gnuram_async_fifo.xpm_fifo_base_inst/gen_sdpram.xpm_memory_base_inst block.
Command: write_bitstream -force subsystem_1_wrapper.bit
Attempting to get a license for feature 'Implementation' and/or device 'xc7k325t'
INFO: [Common 17-349] Got license for feature 'Implementation' and/or device 'xc7k325t'
Running DRC as a precondition to command write_bitstream
INFO: [IP_Flow 19-234] Refreshing IP repositories
INFO: [IP_Flow 19-1704] No user IP repositories specified
INFO: [IP_Flow 19-2313] Loaded Vivado IP repository 'C:/AMDDesignTools/2025.2/Vivado/data/ip'.
INFO: [DRC 23-27] Running DRC with 2 threads
ERROR: [DRC NSTD-1] Unspecified I/O Standard: 185 out of 185 logical ports use I/O standard (IOSTANDARD) value 'DEFAULT', instead of a user assigned specific value. This may cause I/O contention or incompatibility with the board power or connectivity affecting performance, signal integrity or in extreme cases cause damage to the device or the components to which it is connected. To correct this violation, specify all I/O standards. This design will fail to generate a bitstream unless all logical ports have a user specified I/O standard value defined. To allow bitstream creation with unspecified I/O standard values (not recommended), use this command: set_property SEVERITY {Warning} [get_drc_checks NSTD-1].  NOTE: When using the Vivado Runs infrastructure (e.g. launch_runs Tcl command), add this command to a .tcl file and add that file as a pre-hook for write_bitstream step for the implementation run. Problem ports: uart_rtl_0_rxd, uart_rtl_0_txd, spi_rtl_0_ss_io[0], spi_rtl_0_io0_io, spi_rtl_0_io1_io, interrupt_0_interrupt, iic_rtl_0_scl_io, iic_rtl_0_sda_io, S00_AXI_araddr[31:0], S00_AXI_arsize[2:0], S00_AXI_rready[0], S00_AXI_awvalid[0], S00_AXI_arburst[1:0], S00_AXI_arready[0], S00_AXI_awburst[1:0]... and (the first 15 of 36 listed).
ERROR: [DRC UCIO-1] Unconstrained Logical Port: 185 out of 185 logical ports have no user assigned specific location constraint (LOC). This may cause I/O contention or incompatibility with the board power or connectivity affecting performance, signal integrity or in extreme cases cause damage to the device or the components to which it is connected. To correct this violation, specify all pin locations. This design will fail to generate a bitstream unless all logical ports have a user specified site LOC constraint defined.  To allow bitstream creation with unspecified pin locations (not recommended), use this command: set_property SEVERITY {Warning} [get_drc_checks UCIO-1].  NOTE: When using the Vivado Runs infrastructure (e.g. launch_runs Tcl command), add this command to a .tcl file and add that file as a pre-hook for write_bitstream step for the implementation run.  Problem ports: uart_rtl_0_rxd, uart_rtl_0_txd, spi_rtl_0_ss_io[0], spi_rtl_0_io0_io, spi_rtl_0_io1_io, interrupt_0_interrupt, iic_rtl_0_scl_io, iic_rtl_0_sda_io, S00_AXI_araddr[31:0], S00_AXI_arsize[2:0], S00_AXI_rready[0], S00_AXI_awvalid[0], S00_AXI_arburst[1:0], S00_AXI_arready[0], S00_AXI_awburst[1:0]... and (the first 15 of 36 listed).
INFO: [Vivado 12-3199] DRC finished with 2 Errors
INFO: [Vivado 12-3200] Please refer to the DRC report (report_drc) for more information.
ERROR: [Vivado 12-1345] Error(s) found during DRC. Bitgen not run.
INFO: [Common 17-83] Releasing license: Implementation
22 Infos, 1 Warnings, 0 Critical Warnings and 3 Errors encountered.
write_bitstream failed
ERROR: [Common 17-39] 'write_bitstream' failed due to earlier errors.

INFO: [Common 17-206] Exiting Vivado at Mon Jan 19 13:04:24 2026...
