Copyright 1986-2022 Xilinx, Inc. All Rights Reserved. Copyright 2022-2025 Advanced Micro Devices, Inc. All Rights Reserved.
-------------------------------------------------------------------------------------------------------------------------------------------------------------------------------
| Tool Version     : Vivado v.2025.2 (win64) Build 6299465 Fri Nov 14 19:35:11 GMT 2025
| Date             : Mon Jan 19 11:50:31 2026
| Host             : IBM-480 running 64-bit major release  (build 9200)
| Command          : report_power -file subsystem_1_wrapper_power_routed.rpt -pb subsystem_1_wrapper_power_summary_routed.pb -rpx subsystem_1_wrapper_power_routed.rpx
| Design           : subsystem_1_wrapper
| Device           : xc7k325tffg900-2
| Design State     : routed
| Grade            : commercial
| Process          : typical
| Characterization : Production
-------------------------------------------------------------------------------------------------------------------------------------------------------------------------------

Power Report

Table of Contents
-----------------
1. Summary
1.1 On-Chip Components
1.2 Power Supply Summary
1.3 Confidence Level
2. Settings
2.1 Environment
2.2 Clock Constraints
3. Detailed Reports
3.1 By Hierarchy

1. Summary
----------

+--------------------------+--------------+
| Total On-Chip Power (W)  | 17.149       |
| Design Power Budget (W)  | Unspecified* |
| Power Budget Margin (W)  | NA           |
| Dynamic (W)              | 16.791       |
| Device Static (W)        | 0.359        |
| Effective TJA (C/W)      | 1.8          |
| Max Ambient (C)          | 54.5         |
| Junction Temperature (C) | 55.5         |
| Confidence Level         | Low          |
| Setting File             | ---          |
| Simulation Activity File | ---          |
| Design Nets Matched      | NA           |
+--------------------------+--------------+
* Specify Design Power Budget using, set_operating_conditions -design_power_budget <value in Watts>


1.1 On-Chip Components
----------------------

+--------------------------+-----------+----------+-----------+-----------------+
| On-Chip                  | Power (W) | Used     | Available | Utilization (%) |
+--------------------------+-----------+----------+-----------+-----------------+
| Slice Logic              |     7.056 |     7561 |       --- |             --- |
|   LUT as Logic           |     6.445 |     2822 |    203800 |            1.38 |
|   Register               |     0.371 |     3288 |    407600 |            0.81 |
|   CARRY4                 |     0.209 |       69 |     50950 |            0.14 |
|   LUT as Distributed RAM |     0.015 |       12 |     64000 |            0.02 |
|   BUFG                   |     0.012 |        2 |        32 |            6.25 |
|   LUT as Shift Register  |     0.002 |      144 |     64000 |            0.23 |
|   F7/F8 Muxes            |     0.001 |       44 |    203800 |            0.02 |
|   Others                 |     0.000 |      415 |       --- |             --- |
| Signals                  |     8.382 |     5388 |       --- |             --- |
| Block RAM                |     0.388 |       16 |       445 |            3.60 |
| I/O                      |     0.964 |      185 |       500 |           37.00 |
| Static Power             |     0.359 |          |           |                 |
| Total                    |    17.149 |          |           |                 |
+--------------------------+-----------+----------+-----------+-----------------+


1.2 Power Supply Summary
------------------------

+-----------+-------------+-----------+-------------+------------+-------------+-------------+------------+
| Source    | Voltage (V) | Total (A) | Dynamic (A) | Static (A) | Powerup (A) | Budget (A)  | Margin (A) |
+-----------+-------------+-----------+-------------+------------+-------------+-------------+------------+
| Vccint    |       1.000 |    16.619 |      16.371 |      0.248 |       NA    | Unspecified | NA         |
| Vccaux    |       1.800 |     0.069 |       0.032 |      0.037 |       NA    | Unspecified | NA         |
| Vcco33    |       3.300 |     0.000 |       0.000 |      0.000 |       NA    | Unspecified | NA         |
| Vcco25    |       2.500 |     0.000 |       0.000 |      0.000 |       NA    | Unspecified | NA         |
| Vcco18    |       1.800 |     0.184 |       0.183 |      0.001 |       NA    | Unspecified | NA         |
| Vcco15    |       1.500 |     0.000 |       0.000 |      0.000 |       NA    | Unspecified | NA         |
| Vcco135   |       1.350 |     0.000 |       0.000 |      0.000 |       NA    | Unspecified | NA         |
| Vcco12    |       1.200 |     0.000 |       0.000 |      0.000 |       NA    | Unspecified | NA         |
| Vccaux_io |       1.800 |     0.000 |       0.000 |      0.000 |       NA    | Unspecified | NA         |
| Vccbram   |       1.000 |     0.040 |       0.034 |      0.006 |       NA    | Unspecified | NA         |
| MGTAVcc   |       1.000 |     0.000 |       0.000 |      0.000 |       NA    | Unspecified | NA         |
| MGTAVtt   |       1.200 |     0.000 |       0.000 |      0.000 |       NA    | Unspecified | NA         |
| MGTVccaux |       1.800 |     0.000 |       0.000 |      0.000 |       NA    | Unspecified | NA         |
| Vccadc    |       1.800 |     0.020 |       0.000 |      0.020 |       NA    | Unspecified | NA         |
+-----------+-------------+-----------+-------------+------------+-------------+-------------+------------+


1.3 Confidence Level
--------------------

+-----------------------------+------------+--------------------------------------------------------+--------------------------------------------------------------------------------------------------------------------+
| User Input Data             | Confidence | Details                                                | Action                                                                                                             |
+-----------------------------+------------+--------------------------------------------------------+--------------------------------------------------------------------------------------------------------------------+
| Design implementation state | High       | Design is routed                                       |                                                                                                                    |
| Clock nodes activity        | Low        | User specified less than 75% of clocks                 | Provide missing clock activity with a constraint file, simulation results or by editing the "By Clock Domain" view |
| I/O nodes activity          | Low        | More than 75% of inputs are missing user specification | Provide missing input activity with simulation results or by editing the "By Resource Type -> I/Os" view           |
| Internal nodes activity     | Medium     | User specified less than 25% of internal nodes         | Provide missing internal nodes activity with simulation results or by editing the "By Resource Type" views         |
| Device models               | High       | Device models are Production                           |                                                                                                                    |
|                             |            |                                                        |                                                                                                                    |
| Overall confidence level    | Low        |                                                        |                                                                                                                    |
+-----------------------------+------------+--------------------------------------------------------+--------------------------------------------------------------------------------------------------------------------+


2. Settings
-----------

2.1 Environment
---------------

+-----------------------+--------------------------+
| Ambient Temp (C)      | 25.0                     |
| ThetaJA (C/W)         | 1.8                      |
| Airflow (LFM)         | 250                      |
| Heat Sink             | medium (Medium Profile)  |
| ThetaSA (C/W)         | 3.3                      |
| Board Selection       | medium (10"x10")         |
| # of Board Layers     | 12to15 (12 to 15 Layers) |
| Board Temperature (C) | 25.0                     |
+-----------------------+--------------------------+


2.2 Clock Constraints
---------------------

+-------+--------+-----------------+
| Clock | Domain | Constraint (ns) |
+-------+--------+-----------------+


3. Detailed Reports
-------------------

3.1 By Hierarchy
----------------

+--------------------------+-----------+
| Name                     | Power (W) |
+--------------------------+-----------+
| subsystem_1_wrapper      |    16.791 |
|   spi_rtl_0_io0_iobuf    |     0.023 |
|   spi_rtl_0_io1_iobuf    |     0.023 |
|   subsystem_1_i          |    14.403 |
|     axi_bram_ctrl_0      |     1.115 |
|       U0                 |     1.115 |
|     axi_bram_ctrl_0_bram |     0.543 |
|       U0                 |     0.543 |
|     axi_iic_0            |     0.867 |
|       U0                 |     0.867 |
|     axi_intc_0           |     0.301 |
|       U0                 |     0.301 |
|     axi_interconnect_0   |     8.663 |
|       m01_couplers       |     1.881 |
|       m02_couplers       |     2.146 |
|       m03_couplers       |     2.175 |
|       m04_couplers       |     1.503 |
|       xbar               |     0.958 |
|     axi_quad_spi_0       |     2.455 |
|       U0                 |     2.455 |
|     axi_uartlite_0       |     0.459 |
|       U0                 |     0.459 |
+--------------------------+-----------+


